{"results":[{"app_name":"000-all","status":"can_not_install","result":"Failed to install:\n * shiny\n * shinycoreci\n * shinytest2\n \nError:\n Error : ! in callr subprocess.\nCaused by error: \n! error in pak subprocess\nCaused by error in `stop_task_build(state, worker)`:\n! Failed to build source package shinycoreci.\nFull installation output:\nError in rawToChar(block[seq_len(ns)]) : \n  embedded nul in string: 'PK\\003\\004\\n\\0\\0\\0\\0\\0g)EZ\\0\\0\\0\\0\\0\\0\\0\\0\\0\\0\\0\\0\\f\\0\\0\\0shinycoreci/PK\\003\\004\\n\\0\\0\\0\\0\\0f)EZ\\0\\0\\0\\0\\0\\0\\0\\0\\0\\0\\0\\0\\021\\0\\0\\0shinycoreci/apps/PK\\003\\004\\n\\0\\0\\0\\0\\0f'\n "},{"app_name":"000-manual","status":"can_not_install","result":"Failed to install:\n * shiny\n * shinycoreci\n * shinytest2\n \nError:\n Error : ! in callr subprocess.\nCaused by error: \n! error in pak subprocess\nCaused by error in `stop_task_build(state, worker)`:\n! Failed to build source package shinycoreci.\nFull installation output:\nError in rawToChar(block[seq_len(ns)]) : \n  embedded nul in string: 'PK\\003\\004\\n\\0\\0\\0\\0\\0g)EZ\\0\\0\\0\\0\\0\\0\\0\\0\\0\\0\\0\\0\\f\\0\\0\\0shinycoreci/PK\\003\\004\\n\\0\\0\\0\\0\\0f)EZ\\0\\0\\0\\0\\0\\0\\0\\0\\0\\0\\0\\0\\021\\0\\0\\0shinycoreci/apps/PK\\003\\004\\n\\0\\0\\0\\0\\0f'\n "},{"app_name":"000-pkg-versions","status":"can_not_install","result":"Failed to install:\n * dplyr\n * jsonlite\n * sessioninfo\n * shiny\n * shinytest2\n * tibble\n \nError:\n Error : ! in callr subprocess.\nCaused by error: \n! error in pak subprocess\nCaused by error in `stop_task_build(state, worker)`:\n! Failed to build source package httpuv.\nFull installation output:\n* installing *source* package 'httpuv' ...\nstaged installation is only possible with locking\n** using non-staged installation\n\n   **********************************************\n   WARNING: this package has a configure script\n         It probably needs manual configuration\n   **********************************************\n\n\n** libs\ng++ -std=gnu++14  -I\"C:/R/include\" -DNDEBUG -D_WIN32_WINNT=0x0600 -DSTRICT_R_HEADERS -I'C:/Users/runneradmin/AppData/Local/R/shinycoreci/R-4_2_3/later/include' -I'C:/Users/runneradmin/AppData/Local/R/shinycoreci/R-4_2_3/Rcpp/include'   -I\"c:/rtools42/x86_64-w64-mingw32.static.posix/include\"   -DSTRICT_R_HEADERS   -O2 -Wall  -mfpmath=sse -msse2 -mstackrealign  -Wall -pedantic -c RcppExports.cpp -o RcppExports.o\ng++ -std=gnu++14  -I\"C:/R/include\" -DNDEBUG -D_WIN32_WINNT=0x0600 -DSTRICT_R_HEADERS -I'C:/Users/runneradmin/AppData/Local/R/shinycoreci/R-4_2_3/later/include' -I'C:/Users/runneradmin/AppData/Local/R/shinycoreci/R-4_2_3/Rcpp/include'   -I\"c:/rtools42/x86_64-w64-mingw32.static.posix/include\"   -DSTRICT_R_HEADERS   -O2 -Wall  -mfpmath=sse -msse2 -mstackrealign  -Wall -pedantic -c callback.cpp -o callback.o\nIn file included from C:/Users/runneradmin/AppData/Local/R/shinycoreci/R-4_2_3/Rcpp/include/RcppCommon.h:163,\n                 from C:/Users/runneradmin/AppData/Local/R/shinycoreci/R-4_2_3/Rcpp/include/Rcpp.h:27,\n                 from RcppExports.cpp:4:\nC:/Users/runneradmin/AppData/Local/R/shinycoreci/R-4_2_3/Rcpp/include/Rcpp/internal/r_vector.h:42:41: warning: extra ';' [-Wpedantic]\n   42 | RCPP_VECTOR_START_IMPL(LGLSXP,  LOGICAL);\n      |                                         ^\nC:/Users/runneradmin/AppData/Local/R/shinycoreci/R-4_2_3/Rcpp/include/Rcpp/internal/r_vector.h:43:41: warning: extra ';' [-Wpedantic]\n   43 | RCPP_VECTOR_START_IMPL(INTSXP,  INTEGER);\n      |                                         ^\nC:/Users/runneradmin/AppData/Local/R/shinycoreci/R-4_2_3/Rcpp/include/Rcpp/internal/r_vector.h:44:37: warning: extra ';' [-Wpedantic]\n   44 | RCPP_VECTOR_START_IMPL(RAWSXP,  RAW);\n      |                                     ^\nC:/Users/runneradmin/AppData/Local/R/shinycoreci/R-4_2_3/Rcpp/include/Rcpp/internal/r_vector.h:45:41: warning: extra ';' [-Wpedantic]\n   45 | RCPP_VECTOR_START_IMPL(CPLXSXP, COMPLEX);\n      |                                         ^\nC:/Users/runneradmin/AppData/Local/R/shinycoreci/R-4_2_3/Rcpp/include/Rcpp/internal/r_vector.h:46:38: warning: extra ';' [-Wpedantic]\n   46 | RCPP_VECTOR_START_IMPL(REALSXP, REAL);\n      |                                      ^\ng++ -std=gnu++14  -I\"C:/R/include\" -DNDEBUG -D_WIN32_WINNT=0x0600 -DSTRICT_R_HEADERS -I'C:/Users/runneradmin/AppData/Local/R/shinycoreci/R-4_2_3/later/include' -I'C:/Users/runneradmin/AppData/Local/R/shinycoreci/R-4_2_3/Rcpp/include'   -I\"c:/rtools42/x86_64-w64-mingw32.static.posix/include\"   -DSTRICT_R_HEADERS   -O2 -Wall  -mfpmath=sse -msse2 -mstackrealign  -Wall -pedantic -c callbackqueue.cpp -o callbackqueue.o\nIn file included from tqueue.h:7,\n                 from callbackqueue.h:4,\n                 from callbackqueue.cpp:2:\nthread.h:4:10: fatal error: uv.h: No such file or directory\n    4 | #include <uv.h>\n      |          ^~~~~~\ncompilation terminated.\nmake: *** [C:/R/etc/x64/Makeconf:260: callbackqueue.o] Error 1\nmake: *** Waiting for unfinished jobs....\nERROR: compilation failed for package 'httpuv'\n* removing 'C:/Users/RUNNER~1/AppData/Local/Temp/RtmpgdxLSN/pkg-lib4547a267b40/httpuv'\n "},{"app_name":"001-hello","status":"can_not_install","result":"Failed to install:\n * rsconnect\n * shiny\n * shinyjster\n * shinytest2\n \nError:\n Error : ! in callr subprocess.\nCaused by error: \n! error in pak subprocess\nCaused by error in `stop_task_build(state, worker)`:\n! Failed to build source package httpuv.\nFull installation output:\n* installing *source* package 'httpuv' ...\nstaged installation is only possible with locking\n** using non-staged installation\n\n   **********************************************\n   WARNING: this package has a configure script\n         It probably needs manual configuration\n   **********************************************\n\n\n** libs\ng++ -std=gnu++14  -I\"C:/R/include\" -DNDEBUG -D_WIN32_WINNT=0x0600 -DSTRICT_R_HEADERS -I'C:/Users/runneradmin/AppData/Local/R/shinycoreci/R-4_2_3/later/include' -I'C:/Users/runneradmin/AppData/Local/R/shinycoreci/R-4_2_3/Rcpp/include'   -I\"c:/rtools42/x86_64-w64-mingw32.static.posix/include\"   -DSTRICT_R_HEADERS   -O2 -Wall  -mfpmath=sse -msse2 -mstackrealign  -Wall -pedantic -c RcppExports.cpp -o RcppExports.o\ng++ -std=gnu++14  -I\"C:/R/include\" -DNDEBUG -D_WIN32_WINNT=0x0600 -DSTRICT_R_HEADERS -I'C:/Users/runneradmin/AppData/Local/R/shinycoreci/R-4_2_3/later/include' -I'C:/Users/runneradmin/AppData/Local/R/shinycoreci/R-4_2_3/Rcpp/include'   -I\"c:/rtools42/x86_64-w64-mingw32.static.posix/include\"   -DSTRICT_R_HEADERS   -O2 -Wall  -mfpmath=sse -msse2 -mstackrealign  -Wall -pedantic -c callback.cpp -o callback.o\nIn file included from C:/Users/runneradmin/AppData/Local/R/shinycoreci/R-4_2_3/Rcpp/include/RcppCommon.h:163,\n                 from C:/Users/runneradmin/AppData/Local/R/shinycoreci/R-4_2_3/Rcpp/include/Rcpp.h:27,\n                 from RcppExports.cpp:4:\nC:/Users/runneradmin/AppData/Local/R/shinycoreci/R-4_2_3/Rcpp/include/Rcpp/internal/r_vector.h:42:41: warning: extra ';' [-Wpedantic]\n   42 | RCPP_VECTOR_START_IMPL(LGLSXP,  LOGICAL);\n      |                                         ^\nC:/Users/runneradmin/AppData/Local/R/shinycoreci/R-4_2_3/Rcpp/include/Rcpp/internal/r_vector.h:43:41: warning: extra ';' [-Wpedantic]\n   43 | RCPP_VECTOR_START_IMPL(INTSXP,  INTEGER);\n      |                                         ^\nC:/Users/runneradmin/AppData/Local/R/shinycoreci/R-4_2_3/Rcpp/include/Rcpp/internal/r_vector.h:44:37: warning: extra ';' [-Wpedantic]\n   44 | RCPP_VECTOR_START_IMPL(RAWSXP,  RAW);\n      |                                     ^\nC:/Users/runneradmin/AppData/Local/R/shinycoreci/R-4_2_3/Rcpp/include/Rcpp/internal/r_vector.h:45:41: warning: extra ';' [-Wpedantic]\n   45 | RCPP_VECTOR_START_IMPL(CPLXSXP, COMPLEX);\n      |                                         ^\nC:/Users/runneradmin/AppData/Local/R/shinycoreci/R-4_2_3/Rcpp/include/Rcpp/internal/r_vector.h:46:38: warning: extra ';' [-Wpedantic]\n   46 | RCPP_VECTOR_START_IMPL(REALSXP, REAL);\n      |                                      ^\ng++ -std=gnu++14  -I\"C:/R/include\" -DNDEBUG -D_WIN32_WINNT=0x0600 -DSTRICT_R_HEADERS -I'C:/Users/runneradmin/AppData/Local/R/shinycoreci/R-4_2_3/later/include' -I'C:/Users/runneradmin/AppData/Local/R/shinycoreci/R-4_2_3/Rcpp/include'   -I\"c:/rtools42/x86_64-w64-mingw32.static.posix/include\"   -DSTRICT_R_HEADERS   -O2 -Wall  -mfpmath=sse -msse2 -mstackrealign  -Wall -pedantic -c callbackqueue.cpp -o callbackqueue.o\nIn file included from tqueue.h:7,\n                 from callbackqueue.h:4,\n                 from callbackqueue.cpp:2:\nthread.h:4:10: fatal error: uv.h: No such file or directory\n    4 | #include <uv.h>\n      |          ^~~~~~\ncompilation terminated.\nmake: *** [C:/R/etc/x64/Makeconf:260: callbackqueue.o] Error 1\nmake: *** Waiting for unfinished jobs....\nERROR: compilation failed for package 'httpuv'\n* removing 'C:/Users/RUNNER~1/AppData/Local/Temp/Rtmp4UYC0d/pkg-lib14242c5532be/httpuv'\n "},{"app_name":"002-text","status":"can_not_install","result":"Failed to install:\n * shiny\n * shinytest2\n \nError:\n Error : ! in callr subprocess.\nCaused by error: \n! error in pak subprocess\nCaused by error in `stop_task_build(state, worker)`:\n! Failed to build source package httpuv.\nFull installation output:\n* installing *source* package 'httpuv' ...\nstaged installation is only possible with locking\n** using non-staged installation\n\n   **********************************************\n   WARNING: this package has a configure script\n         It probably needs manual configuration\n   **********************************************\n\n\n** libs\ng++ -std=gnu++14  -I\"C:/R/include\" -DNDEBUG -D_WIN32_WINNT=0x0600 -DSTRICT_R_HEADERS -I'C:/Users/runneradmin/AppData/Local/R/shinycoreci/R-4_2_3/later/include' -I'C:/Users/runneradmin/AppData/Local/R/shinycoreci/R-4_2_3/Rcpp/include'   -I\"c:/rtools42/x86_64-w64-mingw32.static.posix/include\"   -DSTRICT_R_HEADERS   -O2 -Wall  -mfpmath=sse -msse2 -mstackrealign  -Wall -pedantic -c RcppExports.cpp -o RcppExports.o\ng++ -std=gnu++14  -I\"C:/R/include\" -DNDEBUG -D_WIN32_WINNT=0x0600 -DSTRICT_R_HEADERS -I'C:/Users/runneradmin/AppData/Local/R/shinycoreci/R-4_2_3/later/include' -I'C:/Users/runneradmin/AppData/Local/R/shinycoreci/R-4_2_3/Rcpp/include'   -I\"c:/rtools42/x86_64-w64-mingw32.static.posix/include\"   -DSTRICT_R_HEADERS   -O2 -Wall  -mfpmath=sse -msse2 -mstackrealign  -Wall -pedantic -c callback.cpp -o callback.o\nIn file included from C:/Users/runneradmin/AppData/Local/R/shinycoreci/R-4_2_3/Rcpp/include/RcppCommon.h:163,\n                 from C:/Users/runneradmin/AppData/Local/R/shinycoreci/R-4_2_3/Rcpp/include/Rcpp.h:27,\n                 from RcppExports.cpp:4:\nC:/Users/runneradmin/AppData/Local/R/shinycoreci/R-4_2_3/Rcpp/include/Rcpp/internal/r_vector.h:42:41: warning: extra ';' [-Wpedantic]\n   42 | RCPP_VECTOR_START_IMPL(LGLSXP,  LOGICAL);\n      |                                         ^\nC:/Users/runneradmin/AppData/Local/R/shinycoreci/R-4_2_3/Rcpp/include/Rcpp/internal/r_vector.h:43:41: warning: extra ';' [-Wpedantic]\n   43 | RCPP_VECTOR_START_IMPL(INTSXP,  INTEGER);\n      |                                         ^\nC:/Users/runneradmin/AppData/Local/R/shinycoreci/R-4_2_3/Rcpp/include/Rcpp/internal/r_vector.h:44:37: warning: extra ';' [-Wpedantic]\n   44 | RCPP_VECTOR_START_IMPL(RAWSXP,  RAW);\n      |                                     ^\nC:/Users/runneradmin/AppData/Local/R/shinycoreci/R-4_2_3/Rcpp/include/Rcpp/internal/r_vector.h:45:41: warning: extra ';' [-Wpedantic]\n   45 | RCPP_VECTOR_START_IMPL(CPLXSXP, COMPLEX);\n      |                                         ^\nC:/Users/runneradmin/AppData/Local/R/shinycoreci/R-4_2_3/Rcpp/include/Rcpp/internal/r_vector.h:46:38: warning: extra ';' [-Wpedantic]\n   46 | RCPP_VECTOR_START_IMPL(REALSXP, REAL);\n      |                                      ^\ng++ -std=gnu++14  -I\"C:/R/include\" -DNDEBUG -D_WIN32_WINNT=0x0600 -DSTRICT_R_HEADERS -I'C:/Users/runneradmin/AppData/Local/R/shinycoreci/R-4_2_3/later/include' -I'C:/Users/runneradmin/AppData/Local/R/shinycoreci/R-4_2_3/Rcpp/include'   -I\"c:/rtools42/x86_64-w64-mingw32.static.posix/include\"   -DSTRICT_R_HEADERS   -O2 -Wall  -mfpmath=sse -msse2 -mstackrealign  -Wall -pedantic -c callbackqueue.cpp -o callbackqueue.o\nIn file included from tqueue.h:7,\n                 from callbackqueue.h:4,\n                 from callbackqueue.cpp:2:\nthread.h:4:10: fatal error: uv.h: No such file or directory\n    4 | #include <uv.h>\n      |          ^~~~~~\ncompilation terminated.\nmake: *** [C:/R/etc/x64/Makeconf:260: callbackqueue.o] Error 1\nmake: *** Waiting for unfinished jobs....\nERROR: compilation failed for package 'httpuv'\n* removing 'C:/Users/RUNNER~1/AppData/Local/Temp/Rtmpo98Rxx/pkg-lib3bc2093c78/httpuv'\n "},{"app_name":"003-reactivity","status":"can_not_install","result":"Failed to install:\n * shiny\n * shinytest2\n \nError:\n Error : ! in callr subprocess.\nCaused by error: \n! error in pak subprocess\nCaused by error in `stop_task_build(state, worker)`:\n! Failed to build source package httpuv.\nFull installation output:\n* installing *source* package 'httpuv' ...\nstaged installation is only possible with locking\n** using non-staged installation\n\n   **********************************************\n   WARNING: this package has a configure script\n         It probably needs manual configuration\n   **********************************************\n\n\n** libs\ng++ -std=gnu++14  -I\"C:/R/include\" -DNDEBUG -D_WIN32_WINNT=0x0600 -DSTRICT_R_HEADERS -I'C:/Users/runneradmin/AppData/Local/R/shinycoreci/R-4_2_3/later/include' -I'C:/Users/runneradmin/AppData/Local/R/shinycoreci/R-4_2_3/Rcpp/include'   -I\"c:/rtools42/x86_64-w64-mingw32.static.posix/include\"   -DSTRICT_R_HEADERS   -O2 -Wall  -mfpmath=sse -msse2 -mstackrealign  -Wall -pedantic -c RcppExports.cpp -o RcppExports.o\ng++ -std=gnu++14  -I\"C:/R/include\" -DNDEBUG -D_WIN32_WINNT=0x0600 -DSTRICT_R_HEADERS -I'C:/Users/runneradmin/AppData/Local/R/shinycoreci/R-4_2_3/later/include' -I'C:/Users/runneradmin/AppData/Local/R/shinycoreci/R-4_2_3/Rcpp/include'   -I\"c:/rtools42/x86_64-w64-mingw32.static.posix/include\"   -DSTRICT_R_HEADERS   -O2 -Wall  -mfpmath=sse -msse2 -mstackrealign  -Wall -pedantic -c callback.cpp -o callback.o\nIn file included from C:/Users/runneradmin/AppData/Local/R/shinycoreci/R-4_2_3/Rcpp/include/RcppCommon.h:163,\n                 from C:/Users/runneradmin/AppData/Local/R/shinycoreci/R-4_2_3/Rcpp/include/Rcpp.h:27,\n                 from RcppExports.cpp:4:\nC:/Users/runneradmin/AppData/Local/R/shinycoreci/R-4_2_3/Rcpp/include/Rcpp/internal/r_vector.h:42:41: warning: extra ';' [-Wpedantic]\n   42 | RCPP_VECTOR_START_IMPL(LGLSXP,  LOGICAL);\n      |                                         ^\nC:/Users/runneradmin/AppData/Local/R/shinycoreci/R-4_2_3/Rcpp/include/Rcpp/internal/r_vector.h:43:41: warning: extra ';' [-Wpedantic]\n   43 | RCPP_VECTOR_START_IMPL(INTSXP,  INTEGER);\n      |                                         ^\nC:/Users/runneradmin/AppData/Local/R/shinycoreci/R-4_2_3/Rcpp/include/Rcpp/internal/r_vector.h:44:37: warning: extra ';' [-Wpedantic]\n   44 | RCPP_VECTOR_START_IMPL(RAWSXP,  RAW);\n      |                                     ^\nC:/Users/runneradmin/AppData/Local/R/shinycoreci/R-4_2_3/Rcpp/include/Rcpp/internal/r_vector.h:45:41: warning: extra ';' [-Wpedantic]\n   45 | RCPP_VECTOR_START_IMPL(CPLXSXP, COMPLEX);\n      |                                         ^\nC:/Users/runneradmin/AppData/Local/R/shinycoreci/R-4_2_3/Rcpp/include/Rcpp/internal/r_vector.h:46:38: warning: extra ';' [-Wpedantic]\n   46 | RCPP_VECTOR_START_IMPL(REALSXP, REAL);\n      |                                      ^\ng++ -std=gnu++14  -I\"C:/R/include\" -DNDEBUG -D_WIN32_WINNT=0x0600 -DSTRICT_R_HEADERS -I'C:/Users/runneradmin/AppData/Local/R/shinycoreci/R-4_2_3/later/include' -I'C:/Users/runneradmin/AppData/Local/R/shinycoreci/R-4_2_3/Rcpp/include'   -I\"c:/rtools42/x86_64-w64-mingw32.static.posix/include\"   -DSTRICT_R_HEADERS   -O2 -Wall  -mfpmath=sse -msse2 -mstackrealign  -Wall -pedantic -c callbackqueue.cpp -o callbackqueue.o\nIn file included from tqueue.h:7,\n                 from callbackqueue.h:4,\n                 from callbackqueue.cpp:2:\nthread.h:4:10: fatal error: uv.h: No such file or directory\n    4 | #include <uv.h>\n      |          ^~~~~~\ncompilation terminated.\nmake: *** [C:/R/etc/x64/Makeconf:260: callbackqueue.o] Error 1\nmake: *** Waiting for unfinished jobs....\nERROR: compilation failed for package 'httpuv'\n* removing 'C:/Users/RUNNER~1/AppData/Local/Temp/Rtmp6XHqei/pkg-lib5dc27f97d93/httpuv'\n "},{"app_name":"004-mpg","status":"can_not_install","result":"Failed to install:\n * shiny\n * shinytest2\n \nError:\n Error : ! in callr subprocess.\nCaused by error: \n! error in pak subprocess\nCaused by error in `stop_task_build(state, worker)`:\n! Failed to build source package httpuv.\nFull installation output:\n* installing *source* package 'httpuv' ...\nstaged installation is only possible with locking\n** using non-staged installation\n\n   **********************************************\n   WARNING: this package has a configure script\n         It probably needs manual configuration\n   **********************************************\n\n\n** libs\ng++ -std=gnu++14  -I\"C:/R/include\" -DNDEBUG -D_WIN32_WINNT=0x0600 -DSTRICT_R_HEADERS -I'C:/Users/runneradmin/AppData/Local/R/shinycoreci/R-4_2_3/later/include' -I'C:/Users/runneradmin/AppData/Local/R/shinycoreci/R-4_2_3/Rcpp/include'   -I\"c:/rtools42/x86_64-w64-mingw32.static.posix/include\"   -DSTRICT_R_HEADERS   -O2 -Wall  -mfpmath=sse -msse2 -mstackrealign  -Wall -pedantic -c RcppExports.cpp -o RcppExports.o\ng++ -std=gnu++14  -I\"C:/R/include\" -DNDEBUG -D_WIN32_WINNT=0x0600 -DSTRICT_R_HEADERS -I'C:/Users/runneradmin/AppData/Local/R/shinycoreci/R-4_2_3/later/include' -I'C:/Users/runneradmin/AppData/Local/R/shinycoreci/R-4_2_3/Rcpp/include'   -I\"c:/rtools42/x86_64-w64-mingw32.static.posix/include\"   -DSTRICT_R_HEADERS   -O2 -Wall  -mfpmath=sse -msse2 -mstackrealign  -Wall -pedantic -c callback.cpp -o callback.o\nIn file included from C:/Users/runneradmin/AppData/Local/R/shinycoreci/R-4_2_3/Rcpp/include/RcppCommon.h:163,\n                 from C:/Users/runneradmin/AppData/Local/R/shinycoreci/R-4_2_3/Rcpp/include/Rcpp.h:27,\n                 from RcppExports.cpp:4:\nC:/Users/runneradmin/AppData/Local/R/shinycoreci/R-4_2_3/Rcpp/include/Rcpp/internal/r_vector.h:42:41: warning: extra ';' [-Wpedantic]\n   42 | RCPP_VECTOR_START_IMPL(LGLSXP,  LOGICAL);\n      |                                         ^\nC:/Users/runneradmin/AppData/Local/R/shinycoreci/R-4_2_3/Rcpp/include/Rcpp/internal/r_vector.h:43:41: warning: extra ';' [-Wpedantic]\n   43 | RCPP_VECTOR_START_IMPL(INTSXP,  INTEGER);\n      |                                         ^\nC:/Users/runneradmin/AppData/Local/R/shinycoreci/R-4_2_3/Rcpp/include/Rcpp/internal/r_vector.h:44:37: warning: extra ';' [-Wpedantic]\n   44 | RCPP_VECTOR_START_IMPL(RAWSXP,  RAW);\n      |                                     ^\nC:/Users/runneradmin/AppData/Local/R/shinycoreci/R-4_2_3/Rcpp/include/Rcpp/internal/r_vector.h:45:41: warning: extra ';' [-Wpedantic]\n   45 | RCPP_VECTOR_START_IMPL(CPLXSXP, COMPLEX);\n      |                                         ^\nC:/Users/runneradmin/AppData/Local/R/shinycoreci/R-4_2_3/Rcpp/include/Rcpp/internal/r_vector.h:46:38: warning: extra ';' [-Wpedantic]\n   46 | RCPP_VECTOR_START_IMPL(REALSXP, REAL);\n      |                                      ^\ng++ -std=gnu++14  -I\"C:/R/include\" -DNDEBUG -D_WIN32_WINNT=0x0600 -DSTRICT_R_HEADERS -I'C:/Users/runneradmin/AppData/Local/R/shinycoreci/R-4_2_3/later/include' -I'C:/Users/runneradmin/AppData/Local/R/shinycoreci/R-4_2_3/Rcpp/include'   -I\"c:/rtools42/x86_64-w64-mingw32.static.posix/include\"   -DSTRICT_R_HEADERS   -O2 -Wall  -mfpmath=sse -msse2 -mstackrealign  -Wall -pedantic -c callbackqueue.cpp -o callbackqueue.o\nIn file included from tqueue.h:7,\n                 from callbackqueue.h:4,\n                 from callbackqueue.cpp:2:\nthread.h:4:10: fatal error: uv.h: No such file or directory\n    4 | #include <uv.h>\n      |          ^~~~~~\ncompilation terminated.\nmake: *** [C:/R/etc/x64/Makeconf:260: callbackqueue.o] Error 1\nmake: *** Waiting for unfinished jobs....\nERROR: compilation failed for package 'httpuv'\n* removing 'C:/Users/RUNNER~1/AppData/Local/Temp/RtmpeOGefQ/pkg-lib14a4774736b5/httpuv'\n "},{"app_name":"005-sliders","status":"can_not_install","result":"Failed to install:\n * shiny\n * shinytest2\n \nError:\n Error : ! in callr subprocess.\nCaused by error: \n! error in pak subprocess\nCaused by error in `stop_task_build(state, worker)`:\n! Failed to build source package httpuv.\nFull installation output:\n* installing *source* package 'httpuv' ...\nstaged installation is only possible with locking\n** using non-staged installation\n\n   **********************************************\n   WARNING: this package has a configure script\n         It probably needs manual configuration\n   **********************************************\n\n\n** libs\ng++ -std=gnu++14  -I\"C:/R/include\" -DNDEBUG -D_WIN32_WINNT=0x0600 -DSTRICT_R_HEADERS -I'C:/Users/runneradmin/AppData/Local/R/shinycoreci/R-4_2_3/later/include' -I'C:/Users/runneradmin/AppData/Local/R/shinycoreci/R-4_2_3/Rcpp/include'   -I\"c:/rtools42/x86_64-w64-mingw32.static.posix/include\"   -DSTRICT_R_HEADERS   -O2 -Wall  -mfpmath=sse -msse2 -mstackrealign  -Wall -pedantic -c RcppExports.cpp -o RcppExports.o\ng++ -std=gnu++14  -I\"C:/R/include\" -DNDEBUG -D_WIN32_WINNT=0x0600 -DSTRICT_R_HEADERS -I'C:/Users/runneradmin/AppData/Local/R/shinycoreci/R-4_2_3/later/include' -I'C:/Users/runneradmin/AppData/Local/R/shinycoreci/R-4_2_3/Rcpp/include'   -I\"c:/rtools42/x86_64-w64-mingw32.static.posix/include\"   -DSTRICT_R_HEADERS   -O2 -Wall  -mfpmath=sse -msse2 -mstackrealign  -Wall -pedantic -c callback.cpp -o callback.o\nIn file included from C:/Users/runneradmin/AppData/Local/R/shinycoreci/R-4_2_3/Rcpp/include/RcppCommon.h:163,\n                 from C:/Users/runneradmin/AppData/Local/R/shinycoreci/R-4_2_3/Rcpp/include/Rcpp.h:27,\n                 from RcppExports.cpp:4:\nC:/Users/runneradmin/AppData/Local/R/shinycoreci/R-4_2_3/Rcpp/include/Rcpp/internal/r_vector.h:42:41: warning: extra ';' [-Wpedantic]\n   42 | RCPP_VECTOR_START_IMPL(LGLSXP,  LOGICAL);\n      |                                         ^\nC:/Users/runneradmin/AppData/Local/R/shinycoreci/R-4_2_3/Rcpp/include/Rcpp/internal/r_vector.h:43:41: warning: extra ';' [-Wpedantic]\n   43 | RCPP_VECTOR_START_IMPL(INTSXP,  INTEGER);\n      |                                         ^\nC:/Users/runneradmin/AppData/Local/R/shinycoreci/R-4_2_3/Rcpp/include/Rcpp/internal/r_vector.h:44:37: warning: extra ';' [-Wpedantic]\n   44 | RCPP_VECTOR_START_IMPL(RAWSXP,  RAW);\n      |                                     ^\nC:/Users/runneradmin/AppData/Local/R/shinycoreci/R-4_2_3/Rcpp/include/Rcpp/internal/r_vector.h:45:41: warning: extra ';' [-Wpedantic]\n   45 | RCPP_VECTOR_START_IMPL(CPLXSXP, COMPLEX);\n      |                                         ^\nC:/Users/runneradmin/AppData/Local/R/shinycoreci/R-4_2_3/Rcpp/include/Rcpp/internal/r_vector.h:46:38: warning: extra ';' [-Wpedantic]\n   46 | RCPP_VECTOR_START_IMPL(REALSXP, REAL);\n      |                                      ^\ng++ -std=gnu++14  -I\"C:/R/include\" -DNDEBUG -D_WIN32_WINNT=0x0600 -DSTRICT_R_HEADERS -I'C:/Users/runneradmin/AppData/Local/R/shinycoreci/R-4_2_3/later/include' -I'C:/Users/runneradmin/AppData/Local/R/shinycoreci/R-4_2_3/Rcpp/include'   -I\"c:/rtools42/x86_64-w64-mingw32.static.posix/include\"   -DSTRICT_R_HEADERS   -O2 -Wall  -mfpmath=sse -msse2 -mstackrealign  -Wall -pedantic -c callbackqueue.cpp -o callbackqueue.o\nIn file included from tqueue.h:7,\n                 from callbackqueue.h:4,\n                 from callbackqueue.cpp:2:\nthread.h:4:10: fatal error: uv.h: No such file or directory\n    4 | #include <uv.h>\n      |          ^~~~~~\ncompilation terminated.\nmake: *** [C:/R/etc/x64/Makeconf:260: callbackqueue.o] Error 1\nmake: *** Waiting for unfinished jobs....\nERROR: compilation failed for package 'httpuv'\n* removing 'C:/Users/RUNNER~1/AppData/Local/Temp/Rtmpq8U96p/pkg-lib10e82a00e1e/httpuv'\n "},{"app_name":"006-tabsets","status":"can_not_install","result":"Failed to install:\n * shiny\n * shinytest2\n \nError:\n Error : ! in callr subprocess.\nCaused by error: \n! error in pak subprocess\nCaused by error in `stop_task_build(state, worker)`:\n! Failed to build source package httpuv.\nFull installation output:\n* installing *source* package 'httpuv' ...\nstaged installation is only possible with locking\n** using non-staged installation\n\n   **********************************************\n   WARNING: this package has a configure script\n         It probably needs manual configuration\n   **********************************************\n\n\n** libs\ng++ -std=gnu++14  -I\"C:/R/include\" -DNDEBUG -D_WIN32_WINNT=0x0600 -DSTRICT_R_HEADERS -I'C:/Users/runneradmin/AppData/Local/R/shinycoreci/R-4_2_3/later/include' -I'C:/Users/runneradmin/AppData/Local/R/shinycoreci/R-4_2_3/Rcpp/include'   -I\"c:/rtools42/x86_64-w64-mingw32.static.posix/include\"   -DSTRICT_R_HEADERS   -O2 -Wall  -mfpmath=sse -msse2 -mstackrealign  -Wall -pedantic -c RcppExports.cpp -o RcppExports.o\ng++ -std=gnu++14  -I\"C:/R/include\" -DNDEBUG -D_WIN32_WINNT=0x0600 -DSTRICT_R_HEADERS -I'C:/Users/runneradmin/AppData/Local/R/shinycoreci/R-4_2_3/later/include' -I'C:/Users/runneradmin/AppData/Local/R/shinycoreci/R-4_2_3/Rcpp/include'   -I\"c:/rtools42/x86_64-w64-mingw32.static.posix/include\"   -DSTRICT_R_HEADERS   -O2 -Wall  -mfpmath=sse -msse2 -mstackrealign  -Wall -pedantic -c callback.cpp -o callback.o\nIn file included from C:/Users/runneradmin/AppData/Local/R/shinycoreci/R-4_2_3/Rcpp/include/RcppCommon.h:163,\n                 from C:/Users/runneradmin/AppData/Local/R/shinycoreci/R-4_2_3/Rcpp/include/Rcpp.h:27,\n                 from RcppExports.cpp:4:\nC:/Users/runneradmin/AppData/Local/R/shinycoreci/R-4_2_3/Rcpp/include/Rcpp/internal/r_vector.h:42:41: warning: extra ';' [-Wpedantic]\n   42 | RCPP_VECTOR_START_IMPL(LGLSXP,  LOGICAL);\n      |                                         ^\nC:/Users/runneradmin/AppData/Local/R/shinycoreci/R-4_2_3/Rcpp/include/Rcpp/internal/r_vector.h:43:41: warning: extra ';' [-Wpedantic]\n   43 | RCPP_VECTOR_START_IMPL(INTSXP,  INTEGER);\n      |                                         ^\nC:/Users/runneradmin/AppData/Local/R/shinycoreci/R-4_2_3/Rcpp/include/Rcpp/internal/r_vector.h:44:37: warning: extra ';' [-Wpedantic]\n   44 | RCPP_VECTOR_START_IMPL(RAWSXP,  RAW);\n      |                                     ^\nC:/Users/runneradmin/AppData/Local/R/shinycoreci/R-4_2_3/Rcpp/include/Rcpp/internal/r_vector.h:45:41: warning: extra ';' [-Wpedantic]\n   45 | RCPP_VECTOR_START_IMPL(CPLXSXP, COMPLEX);\n      |                                         ^\nC:/Users/runneradmin/AppData/Local/R/shinycoreci/R-4_2_3/Rcpp/include/Rcpp/internal/r_vector.h:46:38: warning: extra ';' [-Wpedantic]\n   46 | RCPP_VECTOR_START_IMPL(REALSXP, REAL);\n      |                                      ^\ng++ -std=gnu++14  -I\"C:/R/include\" -DNDEBUG -D_WIN32_WINNT=0x0600 -DSTRICT_R_HEADERS -I'C:/Users/runneradmin/AppData/Local/R/shinycoreci/R-4_2_3/later/include' -I'C:/Users/runneradmin/AppData/Local/R/shinycoreci/R-4_2_3/Rcpp/include'   -I\"c:/rtools42/x86_64-w64-mingw32.static.posix/include\"   -DSTRICT_R_HEADERS   -O2 -Wall  -mfpmath=sse -msse2 -mstackrealign  -Wall -pedantic -c callbackqueue.cpp -o callbackqueue.o\nIn file included from tqueue.h:7,\n                 from callbackqueue.h:4,\n                 from callbackqueue.cpp:2:\nthread.h:4:10: fatal error: uv.h: No such file or directory\n    4 | #include <uv.h>\n      |          ^~~~~~\ncompilation terminated.\nmake: *** [C:/R/etc/x64/Makeconf:260: callbackqueue.o] Error 1\nmake: *** Waiting for unfinished jobs....\nERROR: compilation failed for package 'httpuv'\n* removing 'C:/Users/RUNNER~1/AppData/Local/Temp/RtmpYXHnOt/pkg-lib188cee062bb/httpuv'\n "},{"app_name":"007-widgets","status":"can_not_install","result":"Failed to install:\n * shiny\n * shinytest2\n \nError:\n Error : ! in callr subprocess.\nCaused by error: \n! error in pak subprocess\nCaused by error in `stop_task_build(state, worker)`:\n! Failed to build source package httpuv.\nFull installation output:\n* installing *source* package 'httpuv' ...\nstaged installation is only possible with locking\n** using non-staged installation\n\n   **********************************************\n   WARNING: this package has a configure script\n         It probably needs manual configuration\n   **********************************************\n\n\n** libs\ng++ -std=gnu++14  -I\"C:/R/include\" -DNDEBUG -D_WIN32_WINNT=0x0600 -DSTRICT_R_HEADERS -I'C:/Users/runneradmin/AppData/Local/R/shinycoreci/R-4_2_3/later/include' -I'C:/Users/runneradmin/AppData/Local/R/shinycoreci/R-4_2_3/Rcpp/include'   -I\"c:/rtools42/x86_64-w64-mingw32.static.posix/include\"   -DSTRICT_R_HEADERS   -O2 -Wall  -mfpmath=sse -msse2 -mstackrealign  -Wall -pedantic -c RcppExports.cpp -o RcppExports.o\ng++ -std=gnu++14  -I\"C:/R/include\" -DNDEBUG -D_WIN32_WINNT=0x0600 -DSTRICT_R_HEADERS -I'C:/Users/runneradmin/AppData/Local/R/shinycoreci/R-4_2_3/later/include' -I'C:/Users/runneradmin/AppData/Local/R/shinycoreci/R-4_2_3/Rcpp/include'   -I\"c:/rtools42/x86_64-w64-mingw32.static.posix/include\"   -DSTRICT_R_HEADERS   -O2 -Wall  -mfpmath=sse -msse2 -mstackrealign  -Wall -pedantic -c callback.cpp -o callback.o\nIn file included from C:/Users/runneradmin/AppData/Local/R/shinycoreci/R-4_2_3/Rcpp/include/RcppCommon.h:163,\n                 from C:/Users/runneradmin/AppData/Local/R/shinycoreci/R-4_2_3/Rcpp/include/Rcpp.h:27,\n                 from RcppExports.cpp:4:\nC:/Users/runneradmin/AppData/Local/R/shinycoreci/R-4_2_3/Rcpp/include/Rcpp/internal/r_vector.h:42:41: warning: extra ';' [-Wpedantic]\n   42 | RCPP_VECTOR_START_IMPL(LGLSXP,  LOGICAL);\n      |                                         ^\nC:/Users/runneradmin/AppData/Local/R/shinycoreci/R-4_2_3/Rcpp/include/Rcpp/internal/r_vector.h:43:41: warning: extra ';' [-Wpedantic]\n   43 | RCPP_VECTOR_START_IMPL(INTSXP,  INTEGER);\n      |                                         ^\nC:/Users/runneradmin/AppData/Local/R/shinycoreci/R-4_2_3/Rcpp/include/Rcpp/internal/r_vector.h:44:37: warning: extra ';' [-Wpedantic]\n   44 | RCPP_VECTOR_START_IMPL(RAWSXP,  RAW);\n      |                                     ^\nC:/Users/runneradmin/AppData/Local/R/shinycoreci/R-4_2_3/Rcpp/include/Rcpp/internal/r_vector.h:45:41: warning: extra ';' [-Wpedantic]\n   45 | RCPP_VECTOR_START_IMPL(CPLXSXP, COMPLEX);\n      |                                         ^\nC:/Users/runneradmin/AppData/Local/R/shinycoreci/R-4_2_3/Rcpp/include/Rcpp/internal/r_vector.h:46:38: warning: extra ';' [-Wpedantic]\n   46 | RCPP_VECTOR_START_IMPL(REALSXP, REAL);\n      |                                      ^\ng++ -std=gnu++14  -I\"C:/R/include\" -DNDEBUG -D_WIN32_WINNT=0x0600 -DSTRICT_R_HEADERS -I'C:/Users/runneradmin/AppData/Local/R/shinycoreci/R-4_2_3/later/include' -I'C:/Users/runneradmin/AppData/Local/R/shinycoreci/R-4_2_3/Rcpp/include'   -I\"c:/rtools42/x86_64-w64-mingw32.static.posix/include\"   -DSTRICT_R_HEADERS   -O2 -Wall  -mfpmath=sse -msse2 -mstackrealign  -Wall -pedantic -c callbackqueue.cpp -o callbackqueue.o\nIn file included from tqueue.h:7,\n                 from callbackqueue.h:4,\n                 from callbackqueue.cpp:2:\nthread.h:4:10: fatal error: uv.h: No such file or directory\n    4 | #include <uv.h>\n      |          ^~~~~~\ncompilation terminated.\nmake: *** [C:/R/etc/x64/Makeconf:260: callbackqueue.o] Error 1\nmake: *** Waiting for unfinished jobs....\nERROR: compilation failed for package 'httpuv'\n* removing 'C:/Users/RUNNER~1/AppData/Local/Temp/RtmpOyarJw/pkg-lib13202411433d/httpuv'\n "},{"app_name":"008-html","status":"can_not_install","result":"Failed to install:\n * shiny\n * shinytest2\n \nError:\n Error : ! in callr subprocess.\nCaused by error: \n! error in pak subprocess\nCaused by error in `stop_task_build(state, worker)`:\n! Failed to build source package httpuv.\nFull installation output:\n* installing *source* package 'httpuv' ...\nstaged installation is only possible with locking\n** using non-staged installation\n\n   **********************************************\n   WARNING: this package has a configure script\n         It probably needs manual configuration\n   **********************************************\n\n\n** libs\ng++ -std=gnu++14  -I\"C:/R/include\" -DNDEBUG -D_WIN32_WINNT=0x0600 -DSTRICT_R_HEADERS -I'C:/Users/runneradmin/AppData/Local/R/shinycoreci/R-4_2_3/later/include' -I'C:/Users/runneradmin/AppData/Local/R/shinycoreci/R-4_2_3/Rcpp/include'   -I\"c:/rtools42/x86_64-w64-mingw32.static.posix/include\"   -DSTRICT_R_HEADERS   -O2 -Wall  -mfpmath=sse -msse2 -mstackrealign  -Wall -pedantic -c RcppExports.cpp -o RcppExports.o\ng++ -std=gnu++14  -I\"C:/R/include\" -DNDEBUG -D_WIN32_WINNT=0x0600 -DSTRICT_R_HEADERS -I'C:/Users/runneradmin/AppData/Local/R/shinycoreci/R-4_2_3/later/include' -I'C:/Users/runneradmin/AppData/Local/R/shinycoreci/R-4_2_3/Rcpp/include'   -I\"c:/rtools42/x86_64-w64-mingw32.static.posix/include\"   -DSTRICT_R_HEADERS   -O2 -Wall  -mfpmath=sse -msse2 -mstackrealign  -Wall -pedantic -c callback.cpp -o callback.o\nIn file included from C:/Users/runneradmin/AppData/Local/R/shinycoreci/R-4_2_3/Rcpp/include/RcppCommon.h:163,\n                 from C:/Users/runneradmin/AppData/Local/R/shinycoreci/R-4_2_3/Rcpp/include/Rcpp.h:27,\n                 from RcppExports.cpp:4:\nC:/Users/runneradmin/AppData/Local/R/shinycoreci/R-4_2_3/Rcpp/include/Rcpp/internal/r_vector.h:42:41: warning: extra ';' [-Wpedantic]\n   42 | RCPP_VECTOR_START_IMPL(LGLSXP,  LOGICAL);\n      |                                         ^\nC:/Users/runneradmin/AppData/Local/R/shinycoreci/R-4_2_3/Rcpp/include/Rcpp/internal/r_vector.h:43:41: warning: extra ';' [-Wpedantic]\n   43 | RCPP_VECTOR_START_IMPL(INTSXP,  INTEGER);\n      |                                         ^\nC:/Users/runneradmin/AppData/Local/R/shinycoreci/R-4_2_3/Rcpp/include/Rcpp/internal/r_vector.h:44:37: warning: extra ';' [-Wpedantic]\n   44 | RCPP_VECTOR_START_IMPL(RAWSXP,  RAW);\n      |                                     ^\nC:/Users/runneradmin/AppData/Local/R/shinycoreci/R-4_2_3/Rcpp/include/Rcpp/internal/r_vector.h:45:41: warning: extra ';' [-Wpedantic]\n   45 | RCPP_VECTOR_START_IMPL(CPLXSXP, COMPLEX);\n      |                                         ^\nC:/Users/runneradmin/AppData/Local/R/shinycoreci/R-4_2_3/Rcpp/include/Rcpp/internal/r_vector.h:46:38: warning: extra ';' [-Wpedantic]\n   46 | RCPP_VECTOR_START_IMPL(REALSXP, REAL);\n      |                                      ^\ng++ -std=gnu++14  -I\"C:/R/include\" -DNDEBUG -D_WIN32_WINNT=0x0600 -DSTRICT_R_HEADERS -I'C:/Users/runneradmin/AppData/Local/R/shinycoreci/R-4_2_3/later/include' -I'C:/Users/runneradmin/AppData/Local/R/shinycoreci/R-4_2_3/Rcpp/include'   -I\"c:/rtools42/x86_64-w64-mingw32.static.posix/include\"   -DSTRICT_R_HEADERS   -O2 -Wall  -mfpmath=sse -msse2 -mstackrealign  -Wall -pedantic -c callbackqueue.cpp -o callbackqueue.o\nIn file included from tqueue.h:7,\n                 from callbackqueue.h:4,\n                 from callbackqueue.cpp:2:\nthread.h:4:10: fatal error: uv.h: No such file or directory\n    4 | #include <uv.h>\n      |          ^~~~~~\ncompilation terminated.\nmake: *** [C:/R/etc/x64/Makeconf:260: callbackqueue.o] Error 1\nmake: *** Waiting for unfinished jobs....\nERROR: compilation failed for package 'httpuv'\n* removing 'C:/Users/RUNNER~1/AppData/Local/Temp/RtmpCw0Kbn/pkg-lib650389a43f6/httpuv'\n "},{"app_name":"009-upload","status":"can_not_install","result":"Failed to install:\n * shiny\n * shinytest2\n \nError:\n Error : ! in callr subprocess.\nCaused by error: \n! error in pak subprocess\nCaused by error in `stop_task_build(state, worker)`:\n! Failed to build source package httpuv.\nFull installation output:\n* installing *source* package 'httpuv' ...\nstaged installation is only possible with locking\n** using non-staged installation\n\n   **********************************************\n   WARNING: this package has a configure script\n         It probably needs manual configuration\n   **********************************************\n\n\n** libs\ng++ -std=gnu++14  -I\"C:/R/include\" -DNDEBUG -D_WIN32_WINNT=0x0600 -DSTRICT_R_HEADERS -I'C:/Users/runneradmin/AppData/Local/R/shinycoreci/R-4_2_3/later/include' -I'C:/Users/runneradmin/AppData/Local/R/shinycoreci/R-4_2_3/Rcpp/include'   -I\"c:/rtools42/x86_64-w64-mingw32.static.posix/include\"   -DSTRICT_R_HEADERS   -O2 -Wall  -mfpmath=sse -msse2 -mstackrealign  -Wall -pedantic -c RcppExports.cpp -o RcppExports.o\ng++ -std=gnu++14  -I\"C:/R/include\" -DNDEBUG -D_WIN32_WINNT=0x0600 -DSTRICT_R_HEADERS -I'C:/Users/runneradmin/AppData/Local/R/shinycoreci/R-4_2_3/later/include' -I'C:/Users/runneradmin/AppData/Local/R/shinycoreci/R-4_2_3/Rcpp/include'   -I\"c:/rtools42/x86_64-w64-mingw32.static.posix/include\"   -DSTRICT_R_HEADERS   -O2 -Wall  -mfpmath=sse -msse2 -mstackrealign  -Wall -pedantic -c callback.cpp -o callback.o\nIn file included from C:/Users/runneradmin/AppData/Local/R/shinycoreci/R-4_2_3/Rcpp/include/RcppCommon.h:163,\n                 from C:/Users/runneradmin/AppData/Local/R/shinycoreci/R-4_2_3/Rcpp/include/Rcpp.h:27,\n                 from RcppExports.cpp:4:\nC:/Users/runneradmin/AppData/Local/R/shinycoreci/R-4_2_3/Rcpp/include/Rcpp/internal/r_vector.h:42:41: warning: extra ';' [-Wpedantic]\n   42 | RCPP_VECTOR_START_IMPL(LGLSXP,  LOGICAL);\n      |                                         ^\nC:/Users/runneradmin/AppData/Local/R/shinycoreci/R-4_2_3/Rcpp/include/Rcpp/internal/r_vector.h:43:41: warning: extra ';' [-Wpedantic]\n   43 | RCPP_VECTOR_START_IMPL(INTSXP,  INTEGER);\n      |                                         ^\nC:/Users/runneradmin/AppData/Local/R/shinycoreci/R-4_2_3/Rcpp/include/Rcpp/internal/r_vector.h:44:37: warning: extra ';' [-Wpedantic]\n   44 | RCPP_VECTOR_START_IMPL(RAWSXP,  RAW);\n      |                                     ^\nC:/Users/runneradmin/AppData/Local/R/shinycoreci/R-4_2_3/Rcpp/include/Rcpp/internal/r_vector.h:45:41: warning: extra ';' [-Wpedantic]\n   45 | RCPP_VECTOR_START_IMPL(CPLXSXP, COMPLEX);\n      |                                         ^\nC:/Users/runneradmin/AppData/Local/R/shinycoreci/R-4_2_3/Rcpp/include/Rcpp/internal/r_vector.h:46:38: warning: extra ';' [-Wpedantic]\n   46 | RCPP_VECTOR_START_IMPL(REALSXP, REAL);\n      |                                      ^\ng++ -std=gnu++14  -I\"C:/R/include\" -DNDEBUG -D_WIN32_WINNT=0x0600 -DSTRICT_R_HEADERS -I'C:/Users/runneradmin/AppData/Local/R/shinycoreci/R-4_2_3/later/include' -I'C:/Users/runneradmin/AppData/Local/R/shinycoreci/R-4_2_3/Rcpp/include'   -I\"c:/rtools42/x86_64-w64-mingw32.static.posix/include\"   -DSTRICT_R_HEADERS   -O2 -Wall  -mfpmath=sse -msse2 -mstackrealign  -Wall -pedantic -c callbackqueue.cpp -o callbackqueue.o\nIn file included from tqueue.h:7,\n                 from callbackqueue.h:4,\n                 from callbackqueue.cpp:2:\nthread.h:4:10: fatal error: uv.h: No such file or directory\n    4 | #include <uv.h>\n      |          ^~~~~~\ncompilation terminated.\nmake: *** [C:/R/etc/x64/Makeconf:260: callbackqueue.o] Error 1\nmake: *** Waiting for unfinished jobs....\nERROR: compilation failed for package 'httpuv'\n* removing 'C:/Users/RUNNER~1/AppData/Local/Temp/RtmpmW5FpY/pkg-lib84878e37ada/httpuv'\n "},{"app_name":"010-download","status":"can_not_install","result":"Failed to install:\n * shiny\n * shinytest2\n \nError:\n Error : ! in callr subprocess.\nCaused by error: \n! error in pak subprocess\nCaused by error in `stop_task_build(state, worker)`:\n! Failed to build source package httpuv.\nFull installation output:\n* installing *source* package 'httpuv' ...\nstaged installation is only possible with locking\n** using non-staged installation\n\n   **********************************************\n   WARNING: this package has a configure script\n         It probably needs manual configuration\n   **********************************************\n\n\n** libs\ng++ -std=gnu++14  -I\"C:/R/include\" -DNDEBUG -D_WIN32_WINNT=0x0600 -DSTRICT_R_HEADERS -I'C:/Users/runneradmin/AppData/Local/R/shinycoreci/R-4_2_3/later/include' -I'C:/Users/runneradmin/AppData/Local/R/shinycoreci/R-4_2_3/Rcpp/include'   -I\"c:/rtools42/x86_64-w64-mingw32.static.posix/include\"   -DSTRICT_R_HEADERS   -O2 -Wall  -mfpmath=sse -msse2 -mstackrealign  -Wall -pedantic -c RcppExports.cpp -o RcppExports.o\ng++ -std=gnu++14  -I\"C:/R/include\" -DNDEBUG -D_WIN32_WINNT=0x0600 -DSTRICT_R_HEADERS -I'C:/Users/runneradmin/AppData/Local/R/shinycoreci/R-4_2_3/later/include' -I'C:/Users/runneradmin/AppData/Local/R/shinycoreci/R-4_2_3/Rcpp/include'   -I\"c:/rtools42/x86_64-w64-mingw32.static.posix/include\"   -DSTRICT_R_HEADERS   -O2 -Wall  -mfpmath=sse -msse2 -mstackrealign  -Wall -pedantic -c callback.cpp -o callback.o\nIn file included from C:/Users/runneradmin/AppData/Local/R/shinycoreci/R-4_2_3/Rcpp/include/RcppCommon.h:163,\n                 from C:/Users/runneradmin/AppData/Local/R/shinycoreci/R-4_2_3/Rcpp/include/Rcpp.h:27,\n                 from RcppExports.cpp:4:\nC:/Users/runneradmin/AppData/Local/R/shinycoreci/R-4_2_3/Rcpp/include/Rcpp/internal/r_vector.h:42:41: warning: extra ';' [-Wpedantic]\n   42 | RCPP_VECTOR_START_IMPL(LGLSXP,  LOGICAL);\n      |                                         ^\nC:/Users/runneradmin/AppData/Local/R/shinycoreci/R-4_2_3/Rcpp/include/Rcpp/internal/r_vector.h:43:41: warning: extra ';' [-Wpedantic]\n   43 | RCPP_VECTOR_START_IMPL(INTSXP,  INTEGER);\n      |                                         ^\nC:/Users/runneradmin/AppData/Local/R/shinycoreci/R-4_2_3/Rcpp/include/Rcpp/internal/r_vector.h:44:37: warning: extra ';' [-Wpedantic]\n   44 | RCPP_VECTOR_START_IMPL(RAWSXP,  RAW);\n      |                                     ^\nC:/Users/runneradmin/AppData/Local/R/shinycoreci/R-4_2_3/Rcpp/include/Rcpp/internal/r_vector.h:45:41: warning: extra ';' [-Wpedantic]\n   45 | RCPP_VECTOR_START_IMPL(CPLXSXP, COMPLEX);\n      |                                         ^\nC:/Users/runneradmin/AppData/Local/R/shinycoreci/R-4_2_3/Rcpp/include/Rcpp/internal/r_vector.h:46:38: warning: extra ';' [-Wpedantic]\n   46 | RCPP_VECTOR_START_IMPL(REALSXP, REAL);\n      |                                      ^\ng++ -std=gnu++14  -I\"C:/R/include\" -DNDEBUG -D_WIN32_WINNT=0x0600 -DSTRICT_R_HEADERS -I'C:/Users/runneradmin/AppData/Local/R/shinycoreci/R-4_2_3/later/include' -I'C:/Users/runneradmin/AppData/Local/R/shinycoreci/R-4_2_3/Rcpp/include'   -I\"c:/rtools42/x86_64-w64-mingw32.static.posix/include\"   -DSTRICT_R_HEADERS   -O2 -Wall  -mfpmath=sse -msse2 -mstackrealign  -Wall -pedantic -c callbackqueue.cpp -o callbackqueue.o\nIn file included from tqueue.h:7,\n                 from callbackqueue.h:4,\n                 from callbackqueue.cpp:2:\nthread.h:4:10: fatal error: uv.h: No such file or directory\n    4 | #include <uv.h>\n      |          ^~~~~~\ncompilation terminated.\nmake: *** [C:/R/etc/x64/Makeconf:260: callbackqueue.o] Error 1\nmake: *** Waiting for unfinished jobs....\nERROR: compilation failed for package 'httpuv'\n* removing 'C:/Users/RUNNER~1/AppData/Local/Temp/RtmpwvFJRs/pkg-libac05eab35d4/httpuv'\n "},{"app_name":"012-datatables","status":"can_not_install","result":"Failed to install:\n * DT\n * ggplot2\n * shiny\n * shinytest2\n \nError:\n Error : ! in callr subprocess.\nCaused by error: \n! error in pak subprocess\nCaused by error in `stop_task_build(state, worker)`:\n! Failed to build source package httpuv.\nFull installation output:\n* installing *source* package 'httpuv' ...\nstaged installation is only possible with locking\n** using non-staged installation\n\n   **********************************************\n   WARNING: this package has a configure script\n         It probably needs manual configuration\n   **********************************************\n\n\n** libs\ng++ -std=gnu++14  -I\"C:/R/include\" -DNDEBUG -D_WIN32_WINNT=0x0600 -DSTRICT_R_HEADERS -I'C:/Users/runneradmin/AppData/Local/R/shinycoreci/R-4_2_3/later/include' -I'C:/Users/runneradmin/AppData/Local/R/shinycoreci/R-4_2_3/Rcpp/include'   -I\"c:/rtools42/x86_64-w64-mingw32.static.posix/include\"   -DSTRICT_R_HEADERS   -O2 -Wall  -mfpmath=sse -msse2 -mstackrealign  -Wall -pedantic -c RcppExports.cpp -o RcppExports.o\ng++ -std=gnu++14  -I\"C:/R/include\" -DNDEBUG -D_WIN32_WINNT=0x0600 -DSTRICT_R_HEADERS -I'C:/Users/runneradmin/AppData/Local/R/shinycoreci/R-4_2_3/later/include' -I'C:/Users/runneradmin/AppData/Local/R/shinycoreci/R-4_2_3/Rcpp/include'   -I\"c:/rtools42/x86_64-w64-mingw32.static.posix/include\"   -DSTRICT_R_HEADERS   -O2 -Wall  -mfpmath=sse -msse2 -mstackrealign  -Wall -pedantic -c callback.cpp -o callback.o\nIn file included from C:/Users/runneradmin/AppData/Local/R/shinycoreci/R-4_2_3/Rcpp/include/RcppCommon.h:163,\n                 from C:/Users/runneradmin/AppData/Local/R/shinycoreci/R-4_2_3/Rcpp/include/Rcpp.h:27,\n                 from RcppExports.cpp:4:\nC:/Users/runneradmin/AppData/Local/R/shinycoreci/R-4_2_3/Rcpp/include/Rcpp/internal/r_vector.h:42:41: warning: extra ';' [-Wpedantic]\n   42 | RCPP_VECTOR_START_IMPL(LGLSXP,  LOGICAL);\n      |                                         ^\nC:/Users/runneradmin/AppData/Local/R/shinycoreci/R-4_2_3/Rcpp/include/Rcpp/internal/r_vector.h:43:41: warning: extra ';' [-Wpedantic]\n   43 | RCPP_VECTOR_START_IMPL(INTSXP,  INTEGER);\n      |                                         ^\nC:/Users/runneradmin/AppData/Local/R/shinycoreci/R-4_2_3/Rcpp/include/Rcpp/internal/r_vector.h:44:37: warning: extra ';' [-Wpedantic]\n   44 | RCPP_VECTOR_START_IMPL(RAWSXP,  RAW);\n      |                                     ^\nC:/Users/runneradmin/AppData/Local/R/shinycoreci/R-4_2_3/Rcpp/include/Rcpp/internal/r_vector.h:45:41: warning: extra ';' [-Wpedantic]\n   45 | RCPP_VECTOR_START_IMPL(CPLXSXP, COMPLEX);\n      |                                         ^\nC:/Users/runneradmin/AppData/Local/R/shinycoreci/R-4_2_3/Rcpp/include/Rcpp/internal/r_vector.h:46:38: warning: extra ';' [-Wpedantic]\n   46 | RCPP_VECTOR_START_IMPL(REALSXP, REAL);\n      |                                      ^\ng++ -std=gnu++14  -I\"C:/R/include\" -DNDEBUG -D_WIN32_WINNT=0x0600 -DSTRICT_R_HEADERS -I'C:/Users/runneradmin/AppData/Local/R/shinycoreci/R-4_2_3/later/include' -I'C:/Users/runneradmin/AppData/Local/R/shinycoreci/R-4_2_3/Rcpp/include'   -I\"c:/rtools42/x86_64-w64-mingw32.static.posix/include\"   -DSTRICT_R_HEADERS   -O2 -Wall  -mfpmath=sse -msse2 -mstackrealign  -Wall -pedantic -c callbackqueue.cpp -o callbackqueue.o\nIn file included from tqueue.h:7,\n                 from callbackqueue.h:4,\n                 from callbackqueue.cpp:2:\nthread.h:4:10: fatal error: uv.h: No such file or directory\n    4 | #include <uv.h>\n      |          ^~~~~~\ncompilation terminated.\nmake: *** [C:/R/etc/x64/Makeconf:260: callbackqueue.o] Error 1\nmake: *** Waiting for unfinished jobs....\nERROR: compilation failed for package 'httpuv'\n* removing 'C:/Users/RUNNER~1/AppData/Local/Temp/RtmpULhTvd/pkg-lib7c86958edc/httpuv'\n "},{"app_name":"013-selectize","status":"can_not_install","result":"Failed to install:\n * shiny\n * shinytest2\n \nError:\n Error : ! in callr subprocess.\nCaused by error: \n! error in pak subprocess\nCaused by error in `stop_task_build(state, worker)`:\n! Failed to build source package httpuv.\nFull installation output:\n* installing *source* package 'httpuv' ...\nstaged installation is only possible with locking\n** using non-staged installation\n\n   **********************************************\n   WARNING: this package has a configure script\n         It probably needs manual configuration\n   **********************************************\n\n\n** libs\ng++ -std=gnu++14  -I\"C:/R/include\" -DNDEBUG -D_WIN32_WINNT=0x0600 -DSTRICT_R_HEADERS -I'C:/Users/runneradmin/AppData/Local/R/shinycoreci/R-4_2_3/later/include' -I'C:/Users/runneradmin/AppData/Local/R/shinycoreci/R-4_2_3/Rcpp/include'   -I\"c:/rtools42/x86_64-w64-mingw32.static.posix/include\"   -DSTRICT_R_HEADERS   -O2 -Wall  -mfpmath=sse -msse2 -mstackrealign  -Wall -pedantic -c RcppExports.cpp -o RcppExports.o\ng++ -std=gnu++14  -I\"C:/R/include\" -DNDEBUG -D_WIN32_WINNT=0x0600 -DSTRICT_R_HEADERS -I'C:/Users/runneradmin/AppData/Local/R/shinycoreci/R-4_2_3/later/include' -I'C:/Users/runneradmin/AppData/Local/R/shinycoreci/R-4_2_3/Rcpp/include'   -I\"c:/rtools42/x86_64-w64-mingw32.static.posix/include\"   -DSTRICT_R_HEADERS   -O2 -Wall  -mfpmath=sse -msse2 -mstackrealign  -Wall -pedantic -c callback.cpp -o callback.o\nIn file included from C:/Users/runneradmin/AppData/Local/R/shinycoreci/R-4_2_3/Rcpp/include/RcppCommon.h:163,\n                 from C:/Users/runneradmin/AppData/Local/R/shinycoreci/R-4_2_3/Rcpp/include/Rcpp.h:27,\n                 from RcppExports.cpp:4:\nC:/Users/runneradmin/AppData/Local/R/shinycoreci/R-4_2_3/Rcpp/include/Rcpp/internal/r_vector.h:42:41: warning: extra ';' [-Wpedantic]\n   42 | RCPP_VECTOR_START_IMPL(LGLSXP,  LOGICAL);\n      |                                         ^\nC:/Users/runneradmin/AppData/Local/R/shinycoreci/R-4_2_3/Rcpp/include/Rcpp/internal/r_vector.h:43:41: warning: extra ';' [-Wpedantic]\n   43 | RCPP_VECTOR_START_IMPL(INTSXP,  INTEGER);\n      |                                         ^\nC:/Users/runneradmin/AppData/Local/R/shinycoreci/R-4_2_3/Rcpp/include/Rcpp/internal/r_vector.h:44:37: warning: extra ';' [-Wpedantic]\n   44 | RCPP_VECTOR_START_IMPL(RAWSXP,  RAW);\n      |                                     ^\nC:/Users/runneradmin/AppData/Local/R/shinycoreci/R-4_2_3/Rcpp/include/Rcpp/internal/r_vector.h:45:41: warning: extra ';' [-Wpedantic]\n   45 | RCPP_VECTOR_START_IMPL(CPLXSXP, COMPLEX);\n      |                                         ^\nC:/Users/runneradmin/AppData/Local/R/shinycoreci/R-4_2_3/Rcpp/include/Rcpp/internal/r_vector.h:46:38: warning: extra ';' [-Wpedantic]\n   46 | RCPP_VECTOR_START_IMPL(REALSXP, REAL);\n      |                                      ^\ng++ -std=gnu++14  -I\"C:/R/include\" -DNDEBUG -D_WIN32_WINNT=0x0600 -DSTRICT_R_HEADERS -I'C:/Users/runneradmin/AppData/Local/R/shinycoreci/R-4_2_3/later/include' -I'C:/Users/runneradmin/AppData/Local/R/shinycoreci/R-4_2_3/Rcpp/include'   -I\"c:/rtools42/x86_64-w64-mingw32.static.posix/include\"   -DSTRICT_R_HEADERS   -O2 -Wall  -mfpmath=sse -msse2 -mstackrealign  -Wall -pedantic -c callbackqueue.cpp -o callbackqueue.o\nIn file included from tqueue.h:7,\n                 from callbackqueue.h:4,\n                 from callbackqueue.cpp:2:\nthread.h:4:10: fatal error: uv.h: No such file or directory\n    4 | #include <uv.h>\n      |          ^~~~~~\ncompilation terminated.\nmake: *** [C:/R/etc/x64/Makeconf:260: callbackqueue.o] Error 1\nmake: *** Waiting for unfinished jobs....\nERROR: compilation failed for package 'httpuv'\n* removing 'C:/Users/RUNNER~1/AppData/Local/Temp/RtmpMF7YpM/pkg-libc3443c17485/httpuv'\n "},{"app_name":"014-onflushed","status":"can_not_install","result":"Failed to install:\n * later\n * shiny\n * shinytest2\n \nError:\n Error : ! in callr subprocess.\nCaused by error: \n! error in pak subprocess\nCaused by error in `stop_task_build(state, worker)`:\n! Failed to build source package httpuv.\nFull installation output:\n* installing *source* package 'httpuv' ...\nstaged installation is only possible with locking\n** using non-staged installation\n\n   **********************************************\n   WARNING: this package has a configure script\n         It probably needs manual configuration\n   **********************************************\n\n\n** libs\ng++ -std=gnu++14  -I\"C:/R/include\" -DNDEBUG -D_WIN32_WINNT=0x0600 -DSTRICT_R_HEADERS -I'C:/Users/runneradmin/AppData/Local/R/shinycoreci/R-4_2_3/later/include' -I'C:/Users/runneradmin/AppData/Local/R/shinycoreci/R-4_2_3/Rcpp/include'   -I\"c:/rtools42/x86_64-w64-mingw32.static.posix/include\"   -DSTRICT_R_HEADERS   -O2 -Wall  -mfpmath=sse -msse2 -mstackrealign  -Wall -pedantic -c RcppExports.cpp -o RcppExports.o\ng++ -std=gnu++14  -I\"C:/R/include\" -DNDEBUG -D_WIN32_WINNT=0x0600 -DSTRICT_R_HEADERS -I'C:/Users/runneradmin/AppData/Local/R/shinycoreci/R-4_2_3/later/include' -I'C:/Users/runneradmin/AppData/Local/R/shinycoreci/R-4_2_3/Rcpp/include'   -I\"c:/rtools42/x86_64-w64-mingw32.static.posix/include\"   -DSTRICT_R_HEADERS   -O2 -Wall  -mfpmath=sse -msse2 -mstackrealign  -Wall -pedantic -c callback.cpp -o callback.o\nIn file included from C:/Users/runneradmin/AppData/Local/R/shinycoreci/R-4_2_3/Rcpp/include/RcppCommon.h:163,\n                 from C:/Users/runneradmin/AppData/Local/R/shinycoreci/R-4_2_3/Rcpp/include/Rcpp.h:27,\n                 from RcppExports.cpp:4:\nC:/Users/runneradmin/AppData/Local/R/shinycoreci/R-4_2_3/Rcpp/include/Rcpp/internal/r_vector.h:42:41: warning: extra ';' [-Wpedantic]\n   42 | RCPP_VECTOR_START_IMPL(LGLSXP,  LOGICAL);\n      |                                         ^\nC:/Users/runneradmin/AppData/Local/R/shinycoreci/R-4_2_3/Rcpp/include/Rcpp/internal/r_vector.h:43:41: warning: extra ';' [-Wpedantic]\n   43 | RCPP_VECTOR_START_IMPL(INTSXP,  INTEGER);\n      |                                         ^\nC:/Users/runneradmin/AppData/Local/R/shinycoreci/R-4_2_3/Rcpp/include/Rcpp/internal/r_vector.h:44:37: warning: extra ';' [-Wpedantic]\n   44 | RCPP_VECTOR_START_IMPL(RAWSXP,  RAW);\n      |                                     ^\nC:/Users/runneradmin/AppData/Local/R/shinycoreci/R-4_2_3/Rcpp/include/Rcpp/internal/r_vector.h:45:41: warning: extra ';' [-Wpedantic]\n   45 | RCPP_VECTOR_START_IMPL(CPLXSXP, COMPLEX);\n      |                                         ^\nC:/Users/runneradmin/AppData/Local/R/shinycoreci/R-4_2_3/Rcpp/include/Rcpp/internal/r_vector.h:46:38: warning: extra ';' [-Wpedantic]\n   46 | RCPP_VECTOR_START_IMPL(REALSXP, REAL);\n      |                                      ^\ng++ -std=gnu++14  -I\"C:/R/include\" -DNDEBUG -D_WIN32_WINNT=0x0600 -DSTRICT_R_HEADERS -I'C:/Users/runneradmin/AppData/Local/R/shinycoreci/R-4_2_3/later/include' -I'C:/Users/runneradmin/AppData/Local/R/shinycoreci/R-4_2_3/Rcpp/include'   -I\"c:/rtools42/x86_64-w64-mingw32.static.posix/include\"   -DSTRICT_R_HEADERS   -O2 -Wall  -mfpmath=sse -msse2 -mstackrealign  -Wall -pedantic -c callbackqueue.cpp -o callbackqueue.o\nIn file included from tqueue.h:7,\n                 from callbackqueue.h:4,\n                 from callbackqueue.cpp:2:\nthread.h:4:10: fatal error: uv.h: No such file or directory\n    4 | #include <uv.h>\n      |          ^~~~~~\ncompilation terminated.\nmake: *** [C:/R/etc/x64/Makeconf:260: callbackqueue.o] Error 1\nmake: *** Waiting for unfinished jobs....\nERROR: compilation failed for package 'httpuv'\n* removing 'C:/Users/RUNNER~1/AppData/Local/Temp/RtmpErvLu8/pkg-libc2878fb6258/httpuv'\n "},{"app_name":"016-knitr-pdf","status":"can_not_install","result":"Failed to install:\n * rmarkdown\n * shiny\n * shinytest2\n \nError:\n Error : ! in callr subprocess.\nCaused by error: \n! error in pak subprocess\nCaused by error in `stop_task_build(state, worker)`:\n! Failed to build source package httpuv.\nFull installation output:\n* installing *source* package 'httpuv' ...\nstaged installation is only possible with locking\n** using non-staged installation\n\n   **********************************************\n   WARNING: this package has a configure script\n         It probably needs manual configuration\n   **********************************************\n\n\n** libs\ng++ -std=gnu++14  -I\"C:/R/include\" -DNDEBUG -D_WIN32_WINNT=0x0600 -DSTRICT_R_HEADERS -I'C:/Users/runneradmin/AppData/Local/R/shinycoreci/R-4_2_3/later/include' -I'C:/Users/runneradmin/AppData/Local/R/shinycoreci/R-4_2_3/Rcpp/include'   -I\"c:/rtools42/x86_64-w64-mingw32.static.posix/include\"   -DSTRICT_R_HEADERS   -O2 -Wall  -mfpmath=sse -msse2 -mstackrealign  -Wall -pedantic -c RcppExports.cpp -o RcppExports.o\ng++ -std=gnu++14  -I\"C:/R/include\" -DNDEBUG -D_WIN32_WINNT=0x0600 -DSTRICT_R_HEADERS -I'C:/Users/runneradmin/AppData/Local/R/shinycoreci/R-4_2_3/later/include' -I'C:/Users/runneradmin/AppData/Local/R/shinycoreci/R-4_2_3/Rcpp/include'   -I\"c:/rtools42/x86_64-w64-mingw32.static.posix/include\"   -DSTRICT_R_HEADERS   -O2 -Wall  -mfpmath=sse -msse2 -mstackrealign  -Wall -pedantic -c callback.cpp -o callback.o\nIn file included from C:/Users/runneradmin/AppData/Local/R/shinycoreci/R-4_2_3/Rcpp/include/RcppCommon.h:163,\n                 from C:/Users/runneradmin/AppData/Local/R/shinycoreci/R-4_2_3/Rcpp/include/Rcpp.h:27,\n                 from RcppExports.cpp:4:\nC:/Users/runneradmin/AppData/Local/R/shinycoreci/R-4_2_3/Rcpp/include/Rcpp/internal/r_vector.h:42:41: warning: extra ';' [-Wpedantic]\n   42 | RCPP_VECTOR_START_IMPL(LGLSXP,  LOGICAL);\n      |                                         ^\nC:/Users/runneradmin/AppData/Local/R/shinycoreci/R-4_2_3/Rcpp/include/Rcpp/internal/r_vector.h:43:41: warning: extra ';' [-Wpedantic]\n   43 | RCPP_VECTOR_START_IMPL(INTSXP,  INTEGER);\n      |                                         ^\nC:/Users/runneradmin/AppData/Local/R/shinycoreci/R-4_2_3/Rcpp/include/Rcpp/internal/r_vector.h:44:37: warning: extra ';' [-Wpedantic]\n   44 | RCPP_VECTOR_START_IMPL(RAWSXP,  RAW);\n      |                                     ^\nC:/Users/runneradmin/AppData/Local/R/shinycoreci/R-4_2_3/Rcpp/include/Rcpp/internal/r_vector.h:45:41: warning: extra ';' [-Wpedantic]\n   45 | RCPP_VECTOR_START_IMPL(CPLXSXP, COMPLEX);\n      |                                         ^\nC:/Users/runneradmin/AppData/Local/R/shinycoreci/R-4_2_3/Rcpp/include/Rcpp/internal/r_vector.h:46:38: warning: extra ';' [-Wpedantic]\n   46 | RCPP_VECTOR_START_IMPL(REALSXP, REAL);\n      |                                      ^\ng++ -std=gnu++14  -I\"C:/R/include\" -DNDEBUG -D_WIN32_WINNT=0x0600 -DSTRICT_R_HEADERS -I'C:/Users/runneradmin/AppData/Local/R/shinycoreci/R-4_2_3/later/include' -I'C:/Users/runneradmin/AppData/Local/R/shinycoreci/R-4_2_3/Rcpp/include'   -I\"c:/rtools42/x86_64-w64-mingw32.static.posix/include\"   -DSTRICT_R_HEADERS   -O2 -Wall  -mfpmath=sse -msse2 -mstackrealign  -Wall -pedantic -c callbackqueue.cpp -o callbackqueue.o\nIn file included from tqueue.h:7,\n                 from callbackqueue.h:4,\n                 from callbackqueue.cpp:2:\nthread.h:4:10: fatal error: uv.h: No such file or directory\n    4 | #include <uv.h>\n      |          ^~~~~~\ncompilation terminated.\nmake: *** [C:/R/etc/x64/Makeconf:260: callbackqueue.o] Error 1\nmake: *** Waiting for unfinished jobs....\nERROR: compilation failed for package 'httpuv'\n* removing 'C:/Users/RUNNER~1/AppData/Local/Temp/RtmpEvmU8J/pkg-lib1a943d53b3b/httpuv'\n "},{"app_name":"017-select-vs-selectize","status":"can_not_install","result":"Failed to install:\n * shiny\n * shinytest2\n \nError:\n Error : ! in callr subprocess.\nCaused by error: \n! error in pak subprocess\nCaused by error in `stop_task_build(state, worker)`:\n! Failed to build source package httpuv.\nFull installation output:\n* installing *source* package 'httpuv' ...\nstaged installation is only possible with locking\n** using non-staged installation\n\n   **********************************************\n   WARNING: this package has a configure script\n         It probably needs manual configuration\n   **********************************************\n\n\n** libs\ng++ -std=gnu++14  -I\"C:/R/include\" -DNDEBUG -D_WIN32_WINNT=0x0600 -DSTRICT_R_HEADERS -I'C:/Users/runneradmin/AppData/Local/R/shinycoreci/R-4_2_3/later/include' -I'C:/Users/runneradmin/AppData/Local/R/shinycoreci/R-4_2_3/Rcpp/include'   -I\"c:/rtools42/x86_64-w64-mingw32.static.posix/include\"   -DSTRICT_R_HEADERS   -O2 -Wall  -mfpmath=sse -msse2 -mstackrealign  -Wall -pedantic -c RcppExports.cpp -o RcppExports.o\ng++ -std=gnu++14  -I\"C:/R/include\" -DNDEBUG -D_WIN32_WINNT=0x0600 -DSTRICT_R_HEADERS -I'C:/Users/runneradmin/AppData/Local/R/shinycoreci/R-4_2_3/later/include' -I'C:/Users/runneradmin/AppData/Local/R/shinycoreci/R-4_2_3/Rcpp/include'   -I\"c:/rtools42/x86_64-w64-mingw32.static.posix/include\"   -DSTRICT_R_HEADERS   -O2 -Wall  -mfpmath=sse -msse2 -mstackrealign  -Wall -pedantic -c callback.cpp -o callback.o\nIn file included from C:/Users/runneradmin/AppData/Local/R/shinycoreci/R-4_2_3/Rcpp/include/RcppCommon.h:163,\n                 from C:/Users/runneradmin/AppData/Local/R/shinycoreci/R-4_2_3/Rcpp/include/Rcpp.h:27,\n                 from RcppExports.cpp:4:\nC:/Users/runneradmin/AppData/Local/R/shinycoreci/R-4_2_3/Rcpp/include/Rcpp/internal/r_vector.h:42:41: warning: extra ';' [-Wpedantic]\n   42 | RCPP_VECTOR_START_IMPL(LGLSXP,  LOGICAL);\n      |                                         ^\nC:/Users/runneradmin/AppData/Local/R/shinycoreci/R-4_2_3/Rcpp/include/Rcpp/internal/r_vector.h:43:41: warning: extra ';' [-Wpedantic]\n   43 | RCPP_VECTOR_START_IMPL(INTSXP,  INTEGER);\n      |                                         ^\nC:/Users/runneradmin/AppData/Local/R/shinycoreci/R-4_2_3/Rcpp/include/Rcpp/internal/r_vector.h:44:37: warning: extra ';' [-Wpedantic]\n   44 | RCPP_VECTOR_START_IMPL(RAWSXP,  RAW);\n      |                                     ^\nC:/Users/runneradmin/AppData/Local/R/shinycoreci/R-4_2_3/Rcpp/include/Rcpp/internal/r_vector.h:45:41: warning: extra ';' [-Wpedantic]\n   45 | RCPP_VECTOR_START_IMPL(CPLXSXP, COMPLEX);\n      |                                         ^\nC:/Users/runneradmin/AppData/Local/R/shinycoreci/R-4_2_3/Rcpp/include/Rcpp/internal/r_vector.h:46:38: warning: extra ';' [-Wpedantic]\n   46 | RCPP_VECTOR_START_IMPL(REALSXP, REAL);\n      |                                      ^\ng++ -std=gnu++14  -I\"C:/R/include\" -DNDEBUG -D_WIN32_WINNT=0x0600 -DSTRICT_R_HEADERS -I'C:/Users/runneradmin/AppData/Local/R/shinycoreci/R-4_2_3/later/include' -I'C:/Users/runneradmin/AppData/Local/R/shinycoreci/R-4_2_3/Rcpp/include'   -I\"c:/rtools42/x86_64-w64-mingw32.static.posix/include\"   -DSTRICT_R_HEADERS   -O2 -Wall  -mfpmath=sse -msse2 -mstackrealign  -Wall -pedantic -c callbackqueue.cpp -o callbackqueue.o\nIn file included from tqueue.h:7,\n                 from callbackqueue.h:4,\n                 from callbackqueue.cpp:2:\nthread.h:4:10: fatal error: uv.h: No such file or directory\n    4 | #include <uv.h>\n      |          ^~~~~~\ncompilation terminated.\nmake: *** [C:/R/etc/x64/Makeconf:260: callbackqueue.o] Error 1\nmake: *** Waiting for unfinished jobs....\nERROR: compilation failed for package 'httpuv'\n* removing 'C:/Users/RUNNER~1/AppData/Local/Temp/Rtmpc9xENm/pkg-lib16e44dc305b/httpuv'\n "},{"app_name":"018-datatable-options","status":"can_not_install","result":"Failed to install:\n * DT\n * shiny\n * shinytest2\n \nError:\n Error : ! in callr subprocess.\nCaused by error: \n! error in pak subprocess\nCaused by error in `stop_task_build(state, worker)`:\n! Failed to build source package crosstalk.\nFull installation output:\nError in rawToChar(block[seq_len(ns)]) : \n  embedded nul in string: 'PK\\003\\004\\n\\0\\0\\0\\0\\0\\027*EZ\\0\\0\\0\\0\\0\\0\\0\\0\\0\\0\\0\\0\\n\\0\\0\\0crosstalk/PK\\003\\004\\024\\0\\002\\0\\b\\0\\025*EZ\\xe6\\n\\031\\xc8\\xd8\\004\\0\\0\\x9b\\f\\0\\0\\025\\0\\0\\0crosstalk/DESCRIPTION\\xa5W\\xdbr\\0329\\020}\\xa7'\n "},{"app_name":"019-mathjax","status":"can_not_install","result":"Failed to install:\n * shiny\n * shinytest2\n \nError:\n Error : ! in callr subprocess.\nCaused by error: \n! error in pak subprocess\nCaused by error in `stop_task_build(state, worker)`:\n! Failed to build source package httpuv.\nFull installation output:\n* installing *source* package 'httpuv' ...\nstaged installation is only possible with locking\n** using non-staged installation\n\n   **********************************************\n   WARNING: this package has a configure script\n         It probably needs manual configuration\n   **********************************************\n\n\n** libs\ng++ -std=gnu++14  -I\"C:/R/include\" -DNDEBUG -D_WIN32_WINNT=0x0600 -DSTRICT_R_HEADERS -I'C:/Users/runneradmin/AppData/Local/R/shinycoreci/R-4_2_3/later/include' -I'C:/Users/runneradmin/AppData/Local/R/shinycoreci/R-4_2_3/Rcpp/include'   -I\"c:/rtools42/x86_64-w64-mingw32.static.posix/include\"   -DSTRICT_R_HEADERS   -O2 -Wall  -mfpmath=sse -msse2 -mstackrealign  -Wall -pedantic -c RcppExports.cpp -o RcppExports.o\ng++ -std=gnu++14  -I\"C:/R/include\" -DNDEBUG -D_WIN32_WINNT=0x0600 -DSTRICT_R_HEADERS -I'C:/Users/runneradmin/AppData/Local/R/shinycoreci/R-4_2_3/later/include' -I'C:/Users/runneradmin/AppData/Local/R/shinycoreci/R-4_2_3/Rcpp/include'   -I\"c:/rtools42/x86_64-w64-mingw32.static.posix/include\"   -DSTRICT_R_HEADERS   -O2 -Wall  -mfpmath=sse -msse2 -mstackrealign  -Wall -pedantic -c callback.cpp -o callback.o\nIn file included from C:/Users/runneradmin/AppData/Local/R/shinycoreci/R-4_2_3/Rcpp/include/RcppCommon.h:163,\n                 from C:/Users/runneradmin/AppData/Local/R/shinycoreci/R-4_2_3/Rcpp/include/Rcpp.h:27,\n                 from RcppExports.cpp:4:\nC:/Users/runneradmin/AppData/Local/R/shinycoreci/R-4_2_3/Rcpp/include/Rcpp/internal/r_vector.h:42:41: warning: extra ';' [-Wpedantic]\n   42 | RCPP_VECTOR_START_IMPL(LGLSXP,  LOGICAL);\n      |                                         ^\nC:/Users/runneradmin/AppData/Local/R/shinycoreci/R-4_2_3/Rcpp/include/Rcpp/internal/r_vector.h:43:41: warning: extra ';' [-Wpedantic]\n   43 | RCPP_VECTOR_START_IMPL(INTSXP,  INTEGER);\n      |                                         ^\nC:/Users/runneradmin/AppData/Local/R/shinycoreci/R-4_2_3/Rcpp/include/Rcpp/internal/r_vector.h:44:37: warning: extra ';' [-Wpedantic]\n   44 | RCPP_VECTOR_START_IMPL(RAWSXP,  RAW);\n      |                                     ^\nC:/Users/runneradmin/AppData/Local/R/shinycoreci/R-4_2_3/Rcpp/include/Rcpp/internal/r_vector.h:45:41: warning: extra ';' [-Wpedantic]\n   45 | RCPP_VECTOR_START_IMPL(CPLXSXP, COMPLEX);\n      |                                         ^\nC:/Users/runneradmin/AppData/Local/R/shinycoreci/R-4_2_3/Rcpp/include/Rcpp/internal/r_vector.h:46:38: warning: extra ';' [-Wpedantic]\n   46 | RCPP_VECTOR_START_IMPL(REALSXP, REAL);\n      |                                      ^\ng++ -std=gnu++14  -I\"C:/R/include\" -DNDEBUG -D_WIN32_WINNT=0x0600 -DSTRICT_R_HEADERS -I'C:/Users/runneradmin/AppData/Local/R/shinycoreci/R-4_2_3/later/include' -I'C:/Users/runneradmin/AppData/Local/R/shinycoreci/R-4_2_3/Rcpp/include'   -I\"c:/rtools42/x86_64-w64-mingw32.static.posix/include\"   -DSTRICT_R_HEADERS   -O2 -Wall  -mfpmath=sse -msse2 -mstackrealign  -Wall -pedantic -c callbackqueue.cpp -o callbackqueue.o\nIn file included from tqueue.h:7,\n                 from callbackqueue.h:4,\n                 from callbackqueue.cpp:2:\nthread.h:4:10: fatal error: uv.h: No such file or directory\n    4 | #include <uv.h>\n      |          ^~~~~~\ncompilation terminated.\nmake: *** [C:/R/etc/x64/Makeconf:260: callbackqueue.o] Error 1\nmake: *** Waiting for unfinished jobs....\nERROR: compilation failed for package 'httpuv'\n* removing 'C:/Users/RUNNER~1/AppData/Local/Temp/RtmpuYpe8h/pkg-lib15ac20995281/httpuv'\n "},{"app_name":"020-knit-html","status":"can_not_install","result":"Failed to install:\n * evaluate\n * knitr\n * rmarkdown\n * shiny\n * shinytest2\n \nError:\n Error : ! in callr subprocess.\nCaused by error: \n! error in pak subprocess\nCaused by error in `stop_task_build(state, worker)`:\n! Failed to build source package httpuv.\nFull installation output:\n* installing *source* package 'httpuv' ...\nstaged installation is only possible with locking\n** using non-staged installation\n\n   **********************************************\n   WARNING: this package has a configure script\n         It probably needs manual configuration\n   **********************************************\n\n\n** libs\ng++ -std=gnu++14  -I\"C:/R/include\" -DNDEBUG -D_WIN32_WINNT=0x0600 -DSTRICT_R_HEADERS -I'C:/Users/runneradmin/AppData/Local/R/shinycoreci/R-4_2_3/later/include' -I'C:/Users/runneradmin/AppData/Local/R/shinycoreci/R-4_2_3/Rcpp/include'   -I\"c:/rtools42/x86_64-w64-mingw32.static.posix/include\"   -DSTRICT_R_HEADERS   -O2 -Wall  -mfpmath=sse -msse2 -mstackrealign  -Wall -pedantic -c RcppExports.cpp -o RcppExports.o\ng++ -std=gnu++14  -I\"C:/R/include\" -DNDEBUG -D_WIN32_WINNT=0x0600 -DSTRICT_R_HEADERS -I'C:/Users/runneradmin/AppData/Local/R/shinycoreci/R-4_2_3/later/include' -I'C:/Users/runneradmin/AppData/Local/R/shinycoreci/R-4_2_3/Rcpp/include'   -I\"c:/rtools42/x86_64-w64-mingw32.static.posix/include\"   -DSTRICT_R_HEADERS   -O2 -Wall  -mfpmath=sse -msse2 -mstackrealign  -Wall -pedantic -c callback.cpp -o callback.o\nIn file included from C:/Users/runneradmin/AppData/Local/R/shinycoreci/R-4_2_3/Rcpp/include/RcppCommon.h:163,\n                 from C:/Users/runneradmin/AppData/Local/R/shinycoreci/R-4_2_3/Rcpp/include/Rcpp.h:27,\n                 from RcppExports.cpp:4:\nC:/Users/runneradmin/AppData/Local/R/shinycoreci/R-4_2_3/Rcpp/include/Rcpp/internal/r_vector.h:42:41: warning: extra ';' [-Wpedantic]\n   42 | RCPP_VECTOR_START_IMPL(LGLSXP,  LOGICAL);\n      |                                         ^\nC:/Users/runneradmin/AppData/Local/R/shinycoreci/R-4_2_3/Rcpp/include/Rcpp/internal/r_vector.h:43:41: warning: extra ';' [-Wpedantic]\n   43 | RCPP_VECTOR_START_IMPL(INTSXP,  INTEGER);\n      |                                         ^\nC:/Users/runneradmin/AppData/Local/R/shinycoreci/R-4_2_3/Rcpp/include/Rcpp/internal/r_vector.h:44:37: warning: extra ';' [-Wpedantic]\n   44 | RCPP_VECTOR_START_IMPL(RAWSXP,  RAW);\n      |                                     ^\nC:/Users/runneradmin/AppData/Local/R/shinycoreci/R-4_2_3/Rcpp/include/Rcpp/internal/r_vector.h:45:41: warning: extra ';' [-Wpedantic]\n   45 | RCPP_VECTOR_START_IMPL(CPLXSXP, COMPLEX);\n      |                                         ^\nC:/Users/runneradmin/AppData/Local/R/shinycoreci/R-4_2_3/Rcpp/include/Rcpp/internal/r_vector.h:46:38: warning: extra ';' [-Wpedantic]\n   46 | RCPP_VECTOR_START_IMPL(REALSXP, REAL);\n      |                                      ^\ng++ -std=gnu++14  -I\"C:/R/include\" -DNDEBUG -D_WIN32_WINNT=0x0600 -DSTRICT_R_HEADERS -I'C:/Users/runneradmin/AppData/Local/R/shinycoreci/R-4_2_3/later/include' -I'C:/Users/runneradmin/AppData/Local/R/shinycoreci/R-4_2_3/Rcpp/include'   -I\"c:/rtools42/x86_64-w64-mingw32.static.posix/include\"   -DSTRICT_R_HEADERS   -O2 -Wall  -mfpmath=sse -msse2 -mstackrealign  -Wall -pedantic -c callbackqueue.cpp -o callbackqueue.o\nIn file included from tqueue.h:7,\n                 from callbackqueue.h:4,\n                 from callbackqueue.cpp:2:\nthread.h:4:10: fatal error: uv.h: No such file or directory\n    4 | #include <uv.h>\n      |          ^~~~~~\ncompilation terminated.\nmake: *** [C:/R/etc/x64/Makeconf:260: callbackqueue.o] Error 1\nmake: *** Waiting for unfinished jobs....\nERROR: compilation failed for package 'httpuv'\n* removing 'C:/Users/RUNNER~1/AppData/Local/Temp/RtmpElkvpe/pkg-lib10f81e11744/httpuv'\n "},{"app_name":"021-selectize-plot","status":"can_not_install","result":"Failed to install:\n * DT\n * maps\n * shiny\n * shinytest2\n \nError:\n Error : ! in callr subprocess.\nCaused by error: \n! error in pak subprocess\nCaused by error in `stop_task_build(state, worker)`:\n! Failed to build source package crosstalk.\nFull installation output:\nError in rawToChar(block[seq_len(ns)]) : \n  embedded nul in string: 'PK\\003\\004\\n\\0\\0\\0\\0\\0\\027*EZ\\0\\0\\0\\0\\0\\0\\0\\0\\0\\0\\0\\0\\n\\0\\0\\0crosstalk/PK\\003\\004\\024\\0\\002\\0\\b\\0\\025*EZ\\xe6\\n\\031\\xc8\\xd8\\004\\0\\0\\x9b\\f\\0\\0\\025\\0\\0\\0crosstalk/DESCRIPTION\\xa5W\\xdbr\\0329\\020}\\xa7'\n "},{"app_name":"022-unicode-chinese","status":"can_not_install","result":"Failed to install:\n * curl\n * shiny\n * shinyjster\n * shinytest2\n * showtext\n * sysfonts\n \nError:\n Error : ! in callr subprocess.\nCaused by error: \n! error in pak subprocess\nCaused by error in `stop_task_build(state, worker)`:\n! Failed to build source package httpuv.\nFull installation output:\n* installing *source* package 'httpuv' ...\nstaged installation is only possible with locking\n** using non-staged installation\n\n   **********************************************\n   WARNING: this package has a configure script\n         It probably needs manual configuration\n   **********************************************\n\n\n** libs\ng++ -std=gnu++14  -I\"C:/R/include\" -DNDEBUG -D_WIN32_WINNT=0x0600 -DSTRICT_R_HEADERS -I'C:/Users/runneradmin/AppData/Local/R/shinycoreci/R-4_2_3/later/include' -I'C:/Users/runneradmin/AppData/Local/R/shinycoreci/R-4_2_3/Rcpp/include'   -I\"c:/rtools42/x86_64-w64-mingw32.static.posix/include\"   -DSTRICT_R_HEADERS   -O2 -Wall  -mfpmath=sse -msse2 -mstackrealign  -Wall -pedantic -c RcppExports.cpp -o RcppExports.o\ng++ -std=gnu++14  -I\"C:/R/include\" -DNDEBUG -D_WIN32_WINNT=0x0600 -DSTRICT_R_HEADERS -I'C:/Users/runneradmin/AppData/Local/R/shinycoreci/R-4_2_3/later/include' -I'C:/Users/runneradmin/AppData/Local/R/shinycoreci/R-4_2_3/Rcpp/include'   -I\"c:/rtools42/x86_64-w64-mingw32.static.posix/include\"   -DSTRICT_R_HEADERS   -O2 -Wall  -mfpmath=sse -msse2 -mstackrealign  -Wall -pedantic -c callback.cpp -o callback.o\nIn file included from C:/Users/runneradmin/AppData/Local/R/shinycoreci/R-4_2_3/Rcpp/include/RcppCommon.h:163,\n                 from C:/Users/runneradmin/AppData/Local/R/shinycoreci/R-4_2_3/Rcpp/include/Rcpp.h:27,\n                 from RcppExports.cpp:4:\nC:/Users/runneradmin/AppData/Local/R/shinycoreci/R-4_2_3/Rcpp/include/Rcpp/internal/r_vector.h:42:41: warning: extra ';' [-Wpedantic]\n   42 | RCPP_VECTOR_START_IMPL(LGLSXP,  LOGICAL);\n      |                                         ^\nC:/Users/runneradmin/AppData/Local/R/shinycoreci/R-4_2_3/Rcpp/include/Rcpp/internal/r_vector.h:43:41: warning: extra ';' [-Wpedantic]\n   43 | RCPP_VECTOR_START_IMPL(INTSXP,  INTEGER);\n      |                                         ^\nC:/Users/runneradmin/AppData/Local/R/shinycoreci/R-4_2_3/Rcpp/include/Rcpp/internal/r_vector.h:44:37: warning: extra ';' [-Wpedantic]\n   44 | RCPP_VECTOR_START_IMPL(RAWSXP,  RAW);\n      |                                     ^\nC:/Users/runneradmin/AppData/Local/R/shinycoreci/R-4_2_3/Rcpp/include/Rcpp/internal/r_vector.h:45:41: warning: extra ';' [-Wpedantic]\n   45 | RCPP_VECTOR_START_IMPL(CPLXSXP, COMPLEX);\n      |                                         ^\nC:/Users/runneradmin/AppData/Local/R/shinycoreci/R-4_2_3/Rcpp/include/Rcpp/internal/r_vector.h:46:38: warning: extra ';' [-Wpedantic]\n   46 | RCPP_VECTOR_START_IMPL(REALSXP, REAL);\n      |                                      ^\ng++ -std=gnu++14  -I\"C:/R/include\" -DNDEBUG -D_WIN32_WINNT=0x0600 -DSTRICT_R_HEADERS -I'C:/Users/runneradmin/AppData/Local/R/shinycoreci/R-4_2_3/later/include' -I'C:/Users/runneradmin/AppData/Local/R/shinycoreci/R-4_2_3/Rcpp/include'   -I\"c:/rtools42/x86_64-w64-mingw32.static.posix/include\"   -DSTRICT_R_HEADERS   -O2 -Wall  -mfpmath=sse -msse2 -mstackrealign  -Wall -pedantic -c callbackqueue.cpp -o callbackqueue.o\nIn file included from tqueue.h:7,\n                 from callbackqueue.h:4,\n                 from callbackqueue.cpp:2:\nthread.h:4:10: fatal error: uv.h: No such file or directory\n    4 | #include <uv.h>\n      |          ^~~~~~\ncompilation terminated.\nmake: *** [C:/R/etc/x64/Makeconf:260: callbackqueue.o] Error 1\nmake: *** Waiting for unfinished jobs....\nERROR: compilation failed for package 'httpuv'\n* removing 'C:/Users/RUNNER~1/AppData/Local/Temp/RtmpaqplqF/pkg-lib5e42b1e7fbd/httpuv'\n "},{"app_name":"023-optgroup-server","status":"can_not_install","result":"Failed to install:\n * shiny\n * shinytest2\n \nError:\n Error : ! in callr subprocess.\nCaused by error: \n! error in pak subprocess\nCaused by error in `stop_task_build(state, worker)`:\n! Failed to build source package httpuv.\nFull installation output:\n* installing *source* package 'httpuv' ...\nstaged installation is only possible with locking\n** using non-staged installation\n\n   **********************************************\n   WARNING: this package has a configure script\n         It probably needs manual configuration\n   **********************************************\n\n\n** libs\ng++ -std=gnu++14  -I\"C:/R/include\" -DNDEBUG -D_WIN32_WINNT=0x0600 -DSTRICT_R_HEADERS -I'C:/Users/runneradmin/AppData/Local/R/shinycoreci/R-4_2_3/later/include' -I'C:/Users/runneradmin/AppData/Local/R/shinycoreci/R-4_2_3/Rcpp/include'   -I\"c:/rtools42/x86_64-w64-mingw32.static.posix/include\"   -DSTRICT_R_HEADERS   -O2 -Wall  -mfpmath=sse -msse2 -mstackrealign  -Wall -pedantic -c RcppExports.cpp -o RcppExports.o\ng++ -std=gnu++14  -I\"C:/R/include\" -DNDEBUG -D_WIN32_WINNT=0x0600 -DSTRICT_R_HEADERS -I'C:/Users/runneradmin/AppData/Local/R/shinycoreci/R-4_2_3/later/include' -I'C:/Users/runneradmin/AppData/Local/R/shinycoreci/R-4_2_3/Rcpp/include'   -I\"c:/rtools42/x86_64-w64-mingw32.static.posix/include\"   -DSTRICT_R_HEADERS   -O2 -Wall  -mfpmath=sse -msse2 -mstackrealign  -Wall -pedantic -c callback.cpp -o callback.o\nIn file included from C:/Users/runneradmin/AppData/Local/R/shinycoreci/R-4_2_3/Rcpp/include/RcppCommon.h:163,\n                 from C:/Users/runneradmin/AppData/Local/R/shinycoreci/R-4_2_3/Rcpp/include/Rcpp.h:27,\n                 from RcppExports.cpp:4:\nC:/Users/runneradmin/AppData/Local/R/shinycoreci/R-4_2_3/Rcpp/include/Rcpp/internal/r_vector.h:42:41: warning: extra ';' [-Wpedantic]\n   42 | RCPP_VECTOR_START_IMPL(LGLSXP,  LOGICAL);\n      |                                         ^\nC:/Users/runneradmin/AppData/Local/R/shinycoreci/R-4_2_3/Rcpp/include/Rcpp/internal/r_vector.h:43:41: warning: extra ';' [-Wpedantic]\n   43 | RCPP_VECTOR_START_IMPL(INTSXP,  INTEGER);\n      |                                         ^\nC:/Users/runneradmin/AppData/Local/R/shinycoreci/R-4_2_3/Rcpp/include/Rcpp/internal/r_vector.h:44:37: warning: extra ';' [-Wpedantic]\n   44 | RCPP_VECTOR_START_IMPL(RAWSXP,  RAW);\n      |                                     ^\nC:/Users/runneradmin/AppData/Local/R/shinycoreci/R-4_2_3/Rcpp/include/Rcpp/internal/r_vector.h:45:41: warning: extra ';' [-Wpedantic]\n   45 | RCPP_VECTOR_START_IMPL(CPLXSXP, COMPLEX);\n      |                                         ^\nC:/Users/runneradmin/AppData/Local/R/shinycoreci/R-4_2_3/Rcpp/include/Rcpp/internal/r_vector.h:46:38: warning: extra ';' [-Wpedantic]\n   46 | RCPP_VECTOR_START_IMPL(REALSXP, REAL);\n      |                                      ^\ng++ -std=gnu++14  -I\"C:/R/include\" -DNDEBUG -D_WIN32_WINNT=0x0600 -DSTRICT_R_HEADERS -I'C:/Users/runneradmin/AppData/Local/R/shinycoreci/R-4_2_3/later/include' -I'C:/Users/runneradmin/AppData/Local/R/shinycoreci/R-4_2_3/Rcpp/include'   -I\"c:/rtools42/x86_64-w64-mingw32.static.posix/include\"   -DSTRICT_R_HEADERS   -O2 -Wall  -mfpmath=sse -msse2 -mstackrealign  -Wall -pedantic -c callbackqueue.cpp -o callbackqueue.o\nIn file included from tqueue.h:7,\n                 from callbackqueue.h:4,\n                 from callbackqueue.cpp:2:\nthread.h:4:10: fatal error: uv.h: No such file or directory\n    4 | #include <uv.h>\n      |          ^~~~~~\ncompilation terminated.\nmake: *** [C:/R/etc/x64/Makeconf:260: callbackqueue.o] Error 1\nmake: *** Waiting for unfinished jobs....\nERROR: compilation failed for package 'httpuv'\n* removing 'C:/Users/RUNNER~1/AppData/Local/Temp/RtmpMBnVbG/pkg-lib17bc1872faa/httpuv'\n "},{"app_name":"024-optgroup-selectize","status":"can_not_install","result":"Failed to install:\n * shiny\n * shinytest2\n \nError:\n Error : ! in callr subprocess.\nCaused by error: \n! error in pak subprocess\nCaused by error in `stop_task_build(state, worker)`:\n! Failed to build source package httpuv.\nFull installation output:\n* installing *source* package 'httpuv' ...\nstaged installation is only possible with locking\n** using non-staged installation\n\n   **********************************************\n   WARNING: this package has a configure script\n         It probably needs manual configuration\n   **********************************************\n\n\n** libs\ng++ -std=gnu++14  -I\"C:/R/include\" -DNDEBUG -D_WIN32_WINNT=0x0600 -DSTRICT_R_HEADERS -I'C:/Users/runneradmin/AppData/Local/R/shinycoreci/R-4_2_3/later/include' -I'C:/Users/runneradmin/AppData/Local/R/shinycoreci/R-4_2_3/Rcpp/include'   -I\"c:/rtools42/x86_64-w64-mingw32.static.posix/include\"   -DSTRICT_R_HEADERS   -O2 -Wall  -mfpmath=sse -msse2 -mstackrealign  -Wall -pedantic -c RcppExports.cpp -o RcppExports.o\ng++ -std=gnu++14  -I\"C:/R/include\" -DNDEBUG -D_WIN32_WINNT=0x0600 -DSTRICT_R_HEADERS -I'C:/Users/runneradmin/AppData/Local/R/shinycoreci/R-4_2_3/later/include' -I'C:/Users/runneradmin/AppData/Local/R/shinycoreci/R-4_2_3/Rcpp/include'   -I\"c:/rtools42/x86_64-w64-mingw32.static.posix/include\"   -DSTRICT_R_HEADERS   -O2 -Wall  -mfpmath=sse -msse2 -mstackrealign  -Wall -pedantic -c callback.cpp -o callback.o\nIn file included from C:/Users/runneradmin/AppData/Local/R/shinycoreci/R-4_2_3/Rcpp/include/RcppCommon.h:163,\n                 from C:/Users/runneradmin/AppData/Local/R/shinycoreci/R-4_2_3/Rcpp/include/Rcpp.h:27,\n                 from RcppExports.cpp:4:\nC:/Users/runneradmin/AppData/Local/R/shinycoreci/R-4_2_3/Rcpp/include/Rcpp/internal/r_vector.h:42:41: warning: extra ';' [-Wpedantic]\n   42 | RCPP_VECTOR_START_IMPL(LGLSXP,  LOGICAL);\n      |                                         ^\nC:/Users/runneradmin/AppData/Local/R/shinycoreci/R-4_2_3/Rcpp/include/Rcpp/internal/r_vector.h:43:41: warning: extra ';' [-Wpedantic]\n   43 | RCPP_VECTOR_START_IMPL(INTSXP,  INTEGER);\n      |                                         ^\nC:/Users/runneradmin/AppData/Local/R/shinycoreci/R-4_2_3/Rcpp/include/Rcpp/internal/r_vector.h:44:37: warning: extra ';' [-Wpedantic]\n   44 | RCPP_VECTOR_START_IMPL(RAWSXP,  RAW);\n      |                                     ^\nC:/Users/runneradmin/AppData/Local/R/shinycoreci/R-4_2_3/Rcpp/include/Rcpp/internal/r_vector.h:45:41: warning: extra ';' [-Wpedantic]\n   45 | RCPP_VECTOR_START_IMPL(CPLXSXP, COMPLEX);\n      |                                         ^\nC:/Users/runneradmin/AppData/Local/R/shinycoreci/R-4_2_3/Rcpp/include/Rcpp/internal/r_vector.h:46:38: warning: extra ';' [-Wpedantic]\n   46 | RCPP_VECTOR_START_IMPL(REALSXP, REAL);\n      |                                      ^\ng++ -std=gnu++14  -I\"C:/R/include\" -DNDEBUG -D_WIN32_WINNT=0x0600 -DSTRICT_R_HEADERS -I'C:/Users/runneradmin/AppData/Local/R/shinycoreci/R-4_2_3/later/include' -I'C:/Users/runneradmin/AppData/Local/R/shinycoreci/R-4_2_3/Rcpp/include'   -I\"c:/rtools42/x86_64-w64-mingw32.static.posix/include\"   -DSTRICT_R_HEADERS   -O2 -Wall  -mfpmath=sse -msse2 -mstackrealign  -Wall -pedantic -c callbackqueue.cpp -o callbackqueue.o\nIn file included from tqueue.h:7,\n                 from callbackqueue.h:4,\n                 from callbackqueue.cpp:2:\nthread.h:4:10: fatal error: uv.h: No such file or directory\n    4 | #include <uv.h>\n      |          ^~~~~~\ncompilation terminated.\nmake: *** [C:/R/etc/x64/Makeconf:260: callbackqueue.o] Error 1\nmake: *** Waiting for unfinished jobs....\nERROR: compilation failed for package 'httpuv'\n* removing 'C:/Users/RUNNER~1/AppData/Local/Temp/RtmpUr4Dry/pkg-lib14947e3653fb/httpuv'\n "},{"app_name":"025-loop-ui","status":"can_not_install","result":"Failed to install:\n * shiny\n * shinyjster\n * shinytest2\n \nError:\n Error : ! in callr subprocess.\nCaused by error: \n! error in pak subprocess\nCaused by error in `stop_task_build(state, worker)`:\n! Failed to build source package httpuv.\nFull installation output:\n* installing *source* package 'httpuv' ...\nstaged installation is only possible with locking\n** using non-staged installation\n\n   **********************************************\n   WARNING: this package has a configure script\n         It probably needs manual configuration\n   **********************************************\n\n\n** libs\ng++ -std=gnu++14  -I\"C:/R/include\" -DNDEBUG -D_WIN32_WINNT=0x0600 -DSTRICT_R_HEADERS -I'C:/Users/runneradmin/AppData/Local/R/shinycoreci/R-4_2_3/later/include' -I'C:/Users/runneradmin/AppData/Local/R/shinycoreci/R-4_2_3/Rcpp/include'   -I\"c:/rtools42/x86_64-w64-mingw32.static.posix/include\"   -DSTRICT_R_HEADERS   -O2 -Wall  -mfpmath=sse -msse2 -mstackrealign  -Wall -pedantic -c RcppExports.cpp -o RcppExports.o\ng++ -std=gnu++14  -I\"C:/R/include\" -DNDEBUG -D_WIN32_WINNT=0x0600 -DSTRICT_R_HEADERS -I'C:/Users/runneradmin/AppData/Local/R/shinycoreci/R-4_2_3/later/include' -I'C:/Users/runneradmin/AppData/Local/R/shinycoreci/R-4_2_3/Rcpp/include'   -I\"c:/rtools42/x86_64-w64-mingw32.static.posix/include\"   -DSTRICT_R_HEADERS   -O2 -Wall  -mfpmath=sse -msse2 -mstackrealign  -Wall -pedantic -c callback.cpp -o callback.o\nIn file included from C:/Users/runneradmin/AppData/Local/R/shinycoreci/R-4_2_3/Rcpp/include/RcppCommon.h:163,\n                 from C:/Users/runneradmin/AppData/Local/R/shinycoreci/R-4_2_3/Rcpp/include/Rcpp.h:27,\n                 from RcppExports.cpp:4:\nC:/Users/runneradmin/AppData/Local/R/shinycoreci/R-4_2_3/Rcpp/include/Rcpp/internal/r_vector.h:42:41: warning: extra ';' [-Wpedantic]\n   42 | RCPP_VECTOR_START_IMPL(LGLSXP,  LOGICAL);\n      |                                         ^\nC:/Users/runneradmin/AppData/Local/R/shinycoreci/R-4_2_3/Rcpp/include/Rcpp/internal/r_vector.h:43:41: warning: extra ';' [-Wpedantic]\n   43 | RCPP_VECTOR_START_IMPL(INTSXP,  INTEGER);\n      |                                         ^\nC:/Users/runneradmin/AppData/Local/R/shinycoreci/R-4_2_3/Rcpp/include/Rcpp/internal/r_vector.h:44:37: warning: extra ';' [-Wpedantic]\n   44 | RCPP_VECTOR_START_IMPL(RAWSXP,  RAW);\n      |                                     ^\nC:/Users/runneradmin/AppData/Local/R/shinycoreci/R-4_2_3/Rcpp/include/Rcpp/internal/r_vector.h:45:41: warning: extra ';' [-Wpedantic]\n   45 | RCPP_VECTOR_START_IMPL(CPLXSXP, COMPLEX);\n      |                                         ^\nC:/Users/runneradmin/AppData/Local/R/shinycoreci/R-4_2_3/Rcpp/include/Rcpp/internal/r_vector.h:46:38: warning: extra ';' [-Wpedantic]\n   46 | RCPP_VECTOR_START_IMPL(REALSXP, REAL);\n      |                                      ^\ng++ -std=gnu++14  -I\"C:/R/include\" -DNDEBUG -D_WIN32_WINNT=0x0600 -DSTRICT_R_HEADERS -I'C:/Users/runneradmin/AppData/Local/R/shinycoreci/R-4_2_3/later/include' -I'C:/Users/runneradmin/AppData/Local/R/shinycoreci/R-4_2_3/Rcpp/include'   -I\"c:/rtools42/x86_64-w64-mingw32.static.posix/include\"   -DSTRICT_R_HEADERS   -O2 -Wall  -mfpmath=sse -msse2 -mstackrealign  -Wall -pedantic -c callbackqueue.cpp -o callbackqueue.o\nIn file included from tqueue.h:7,\n                 from callbackqueue.h:4,\n                 from callbackqueue.cpp:2:\nthread.h:4:10: fatal error: uv.h: No such file or directory\n    4 | #include <uv.h>\n      |          ^~~~~~\ncompilation terminated.\nmake: *** [C:/R/etc/x64/Makeconf:260: callbackqueue.o] Error 1\nmake: *** Waiting for unfinished jobs....\nERROR: compilation failed for package 'httpuv'\n* removing 'C:/Users/RUNNER~1/AppData/Local/Temp/RtmpsNYB2U/pkg-lib13d4177e5320/httpuv'\n "},{"app_name":"026-shiny-inline","status":"can_not_install","result":"Failed to install:\n * rmarkdown\n * shiny\n * shinytest2\n \nError:\n Error : ! in callr subprocess.\nCaused by error: \n! error in pak subprocess\nCaused by error in `stop_task_build(state, worker)`:\n! Failed to build source package httpuv.\nFull installation output:\n* installing *source* package 'httpuv' ...\nstaged installation is only possible with locking\n** using non-staged installation\n\n   **********************************************\n   WARNING: this package has a configure script\n         It probably needs manual configuration\n   **********************************************\n\n\n** libs\ng++ -std=gnu++14  -I\"C:/R/include\" -DNDEBUG -D_WIN32_WINNT=0x0600 -DSTRICT_R_HEADERS -I'C:/Users/runneradmin/AppData/Local/R/shinycoreci/R-4_2_3/later/include' -I'C:/Users/runneradmin/AppData/Local/R/shinycoreci/R-4_2_3/Rcpp/include'   -I\"c:/rtools42/x86_64-w64-mingw32.static.posix/include\"   -DSTRICT_R_HEADERS   -O2 -Wall  -mfpmath=sse -msse2 -mstackrealign  -Wall -pedantic -c RcppExports.cpp -o RcppExports.o\ng++ -std=gnu++14  -I\"C:/R/include\" -DNDEBUG -D_WIN32_WINNT=0x0600 -DSTRICT_R_HEADERS -I'C:/Users/runneradmin/AppData/Local/R/shinycoreci/R-4_2_3/later/include' -I'C:/Users/runneradmin/AppData/Local/R/shinycoreci/R-4_2_3/Rcpp/include'   -I\"c:/rtools42/x86_64-w64-mingw32.static.posix/include\"   -DSTRICT_R_HEADERS   -O2 -Wall  -mfpmath=sse -msse2 -mstackrealign  -Wall -pedantic -c callback.cpp -o callback.o\nIn file included from C:/Users/runneradmin/AppData/Local/R/shinycoreci/R-4_2_3/Rcpp/include/RcppCommon.h:163,\n                 from C:/Users/runneradmin/AppData/Local/R/shinycoreci/R-4_2_3/Rcpp/include/Rcpp.h:27,\n                 from RcppExports.cpp:4:\nC:/Users/runneradmin/AppData/Local/R/shinycoreci/R-4_2_3/Rcpp/include/Rcpp/internal/r_vector.h:42:41: warning: extra ';' [-Wpedantic]\n   42 | RCPP_VECTOR_START_IMPL(LGLSXP,  LOGICAL);\n      |                                         ^\nC:/Users/runneradmin/AppData/Local/R/shinycoreci/R-4_2_3/Rcpp/include/Rcpp/internal/r_vector.h:43:41: warning: extra ';' [-Wpedantic]\n   43 | RCPP_VECTOR_START_IMPL(INTSXP,  INTEGER);\n      |                                         ^\nC:/Users/runneradmin/AppData/Local/R/shinycoreci/R-4_2_3/Rcpp/include/Rcpp/internal/r_vector.h:44:37: warning: extra ';' [-Wpedantic]\n   44 | RCPP_VECTOR_START_IMPL(RAWSXP,  RAW);\n      |                                     ^\nC:/Users/runneradmin/AppData/Local/R/shinycoreci/R-4_2_3/Rcpp/include/Rcpp/internal/r_vector.h:45:41: warning: extra ';' [-Wpedantic]\n   45 | RCPP_VECTOR_START_IMPL(CPLXSXP, COMPLEX);\n      |                                         ^\nC:/Users/runneradmin/AppData/Local/R/shinycoreci/R-4_2_3/Rcpp/include/Rcpp/internal/r_vector.h:46:38: warning: extra ';' [-Wpedantic]\n   46 | RCPP_VECTOR_START_IMPL(REALSXP, REAL);\n      |                                      ^\ng++ -std=gnu++14  -I\"C:/R/include\" -DNDEBUG -D_WIN32_WINNT=0x0600 -DSTRICT_R_HEADERS -I'C:/Users/runneradmin/AppData/Local/R/shinycoreci/R-4_2_3/later/include' -I'C:/Users/runneradmin/AppData/Local/R/shinycoreci/R-4_2_3/Rcpp/include'   -I\"c:/rtools42/x86_64-w64-mingw32.static.posix/include\"   -DSTRICT_R_HEADERS   -O2 -Wall  -mfpmath=sse -msse2 -mstackrealign  -Wall -pedantic -c callbackqueue.cpp -o callbackqueue.o\nIn file included from tqueue.h:7,\n                 from callbackqueue.h:4,\n                 from callbackqueue.cpp:2:\nthread.h:4:10: fatal error: uv.h: No such file or directory\n    4 | #include <uv.h>\n      |          ^~~~~~\ncompilation terminated.\nmake: *** [C:/R/etc/x64/Makeconf:260: callbackqueue.o] Error 1\nmake: *** Waiting for unfinished jobs....\nERROR: compilation failed for package 'httpuv'\n* removing 'C:/Users/RUNNER~1/AppData/Local/Temp/RtmpmwermZ/pkg-lib19883d395bc3/httpuv'\n "},{"app_name":"027-absolutely-positioned-panels","status":"can_not_install","result":"Failed to install:\n * markdown\n * shiny\n * shinytest2\n \nError:\n Error : ! in callr subprocess.\nCaused by error: \n! error in pak subprocess\nCaused by error in `stop_task_build(state, worker)`:\n! Failed to build source package httpuv.\nFull installation output:\n* installing *source* package 'httpuv' ...\nstaged installation is only possible with locking\n** using non-staged installation\n\n   **********************************************\n   WARNING: this package has a configure script\n         It probably needs manual configuration\n   **********************************************\n\n\n** libs\ng++ -std=gnu++14  -I\"C:/R/include\" -DNDEBUG -D_WIN32_WINNT=0x0600 -DSTRICT_R_HEADERS -I'C:/Users/runneradmin/AppData/Local/R/shinycoreci/R-4_2_3/later/include' -I'C:/Users/runneradmin/AppData/Local/R/shinycoreci/R-4_2_3/Rcpp/include'   -I\"c:/rtools42/x86_64-w64-mingw32.static.posix/include\"   -DSTRICT_R_HEADERS   -O2 -Wall  -mfpmath=sse -msse2 -mstackrealign  -Wall -pedantic -c RcppExports.cpp -o RcppExports.o\ng++ -std=gnu++14  -I\"C:/R/include\" -DNDEBUG -D_WIN32_WINNT=0x0600 -DSTRICT_R_HEADERS -I'C:/Users/runneradmin/AppData/Local/R/shinycoreci/R-4_2_3/later/include' -I'C:/Users/runneradmin/AppData/Local/R/shinycoreci/R-4_2_3/Rcpp/include'   -I\"c:/rtools42/x86_64-w64-mingw32.static.posix/include\"   -DSTRICT_R_HEADERS   -O2 -Wall  -mfpmath=sse -msse2 -mstackrealign  -Wall -pedantic -c callback.cpp -o callback.o\nIn file included from C:/Users/runneradmin/AppData/Local/R/shinycoreci/R-4_2_3/Rcpp/include/RcppCommon.h:163,\n                 from C:/Users/runneradmin/AppData/Local/R/shinycoreci/R-4_2_3/Rcpp/include/Rcpp.h:27,\n                 from RcppExports.cpp:4:\nC:/Users/runneradmin/AppData/Local/R/shinycoreci/R-4_2_3/Rcpp/include/Rcpp/internal/r_vector.h:42:41: warning: extra ';' [-Wpedantic]\n   42 | RCPP_VECTOR_START_IMPL(LGLSXP,  LOGICAL);\n      |                                         ^\nC:/Users/runneradmin/AppData/Local/R/shinycoreci/R-4_2_3/Rcpp/include/Rcpp/internal/r_vector.h:43:41: warning: extra ';' [-Wpedantic]\n   43 | RCPP_VECTOR_START_IMPL(INTSXP,  INTEGER);\n      |                                         ^\nC:/Users/runneradmin/AppData/Local/R/shinycoreci/R-4_2_3/Rcpp/include/Rcpp/internal/r_vector.h:44:37: warning: extra ';' [-Wpedantic]\n   44 | RCPP_VECTOR_START_IMPL(RAWSXP,  RAW);\n      |                                     ^\nC:/Users/runneradmin/AppData/Local/R/shinycoreci/R-4_2_3/Rcpp/include/Rcpp/internal/r_vector.h:45:41: warning: extra ';' [-Wpedantic]\n   45 | RCPP_VECTOR_START_IMPL(CPLXSXP, COMPLEX);\n      |                                         ^\nC:/Users/runneradmin/AppData/Local/R/shinycoreci/R-4_2_3/Rcpp/include/Rcpp/internal/r_vector.h:46:38: warning: extra ';' [-Wpedantic]\n   46 | RCPP_VECTOR_START_IMPL(REALSXP, REAL);\n      |                                      ^\ng++ -std=gnu++14  -I\"C:/R/include\" -DNDEBUG -D_WIN32_WINNT=0x0600 -DSTRICT_R_HEADERS -I'C:/Users/runneradmin/AppData/Local/R/shinycoreci/R-4_2_3/later/include' -I'C:/Users/runneradmin/AppData/Local/R/shinycoreci/R-4_2_3/Rcpp/include'   -I\"c:/rtools42/x86_64-w64-mingw32.static.posix/include\"   -DSTRICT_R_HEADERS   -O2 -Wall  -mfpmath=sse -msse2 -mstackrealign  -Wall -pedantic -c callbackqueue.cpp -o callbackqueue.o\nIn file included from tqueue.h:7,\n                 from callbackqueue.h:4,\n                 from callbackqueue.cpp:2:\nthread.h:4:10: fatal error: uv.h: No such file or directory\n    4 | #include <uv.h>\n      |          ^~~~~~\ncompilation terminated.\nmake: *** [C:/R/etc/x64/Makeconf:260: callbackqueue.o] Error 1\nmake: *** Waiting for unfinished jobs....\nERROR: compilation failed for package 'httpuv'\n* removing 'C:/Users/RUNNER~1/AppData/Local/Temp/RtmpaU8xr5/pkg-lib2cc78dfe/httpuv'\n "},{"app_name":"032-client-data-and-query-string","status":"can_not_install","result":"Failed to install:\n * shiny\n * shinyjster\n * shinytest2\n \nError:\n Error : ! in callr subprocess.\nCaused by error: \n! error in pak subprocess\nCaused by error in `stop_task_build(state, worker)`:\n! Failed to build source package httpuv.\nFull installation output:\n* installing *source* package 'httpuv' ...\nstaged installation is only possible with locking\n** using non-staged installation\n\n   **********************************************\n   WARNING: this package has a configure script\n         It probably needs manual configuration\n   **********************************************\n\n\n** libs\ng++ -std=gnu++14  -I\"C:/R/include\" -DNDEBUG -D_WIN32_WINNT=0x0600 -DSTRICT_R_HEADERS -I'C:/Users/runneradmin/AppData/Local/R/shinycoreci/R-4_2_3/later/include' -I'C:/Users/runneradmin/AppData/Local/R/shinycoreci/R-4_2_3/Rcpp/include'   -I\"c:/rtools42/x86_64-w64-mingw32.static.posix/include\"   -DSTRICT_R_HEADERS   -O2 -Wall  -mfpmath=sse -msse2 -mstackrealign  -Wall -pedantic -c RcppExports.cpp -o RcppExports.o\ng++ -std=gnu++14  -I\"C:/R/include\" -DNDEBUG -D_WIN32_WINNT=0x0600 -DSTRICT_R_HEADERS -I'C:/Users/runneradmin/AppData/Local/R/shinycoreci/R-4_2_3/later/include' -I'C:/Users/runneradmin/AppData/Local/R/shinycoreci/R-4_2_3/Rcpp/include'   -I\"c:/rtools42/x86_64-w64-mingw32.static.posix/include\"   -DSTRICT_R_HEADERS   -O2 -Wall  -mfpmath=sse -msse2 -mstackrealign  -Wall -pedantic -c callback.cpp -o callback.o\nIn file included from C:/Users/runneradmin/AppData/Local/R/shinycoreci/R-4_2_3/Rcpp/include/RcppCommon.h:163,\n                 from C:/Users/runneradmin/AppData/Local/R/shinycoreci/R-4_2_3/Rcpp/include/Rcpp.h:27,\n                 from RcppExports.cpp:4:\nC:/Users/runneradmin/AppData/Local/R/shinycoreci/R-4_2_3/Rcpp/include/Rcpp/internal/r_vector.h:42:41: warning: extra ';' [-Wpedantic]\n   42 | RCPP_VECTOR_START_IMPL(LGLSXP,  LOGICAL);\n      |                                         ^\nC:/Users/runneradmin/AppData/Local/R/shinycoreci/R-4_2_3/Rcpp/include/Rcpp/internal/r_vector.h:43:41: warning: extra ';' [-Wpedantic]\n   43 | RCPP_VECTOR_START_IMPL(INTSXP,  INTEGER);\n      |                                         ^\nC:/Users/runneradmin/AppData/Local/R/shinycoreci/R-4_2_3/Rcpp/include/Rcpp/internal/r_vector.h:44:37: warning: extra ';' [-Wpedantic]\n   44 | RCPP_VECTOR_START_IMPL(RAWSXP,  RAW);\n      |                                     ^\nC:/Users/runneradmin/AppData/Local/R/shinycoreci/R-4_2_3/Rcpp/include/Rcpp/internal/r_vector.h:45:41: warning: extra ';' [-Wpedantic]\n   45 | RCPP_VECTOR_START_IMPL(CPLXSXP, COMPLEX);\n      |                                         ^\nC:/Users/runneradmin/AppData/Local/R/shinycoreci/R-4_2_3/Rcpp/include/Rcpp/internal/r_vector.h:46:38: warning: extra ';' [-Wpedantic]\n   46 | RCPP_VECTOR_START_IMPL(REALSXP, REAL);\n      |                                      ^\ng++ -std=gnu++14  -I\"C:/R/include\" -DNDEBUG -D_WIN32_WINNT=0x0600 -DSTRICT_R_HEADERS -I'C:/Users/runneradmin/AppData/Local/R/shinycoreci/R-4_2_3/later/include' -I'C:/Users/runneradmin/AppData/Local/R/shinycoreci/R-4_2_3/Rcpp/include'   -I\"c:/rtools42/x86_64-w64-mingw32.static.posix/include\"   -DSTRICT_R_HEADERS   -O2 -Wall  -mfpmath=sse -msse2 -mstackrealign  -Wall -pedantic -c callbackqueue.cpp -o callbackqueue.o\nIn file included from tqueue.h:7,\n                 from callbackqueue.h:4,\n                 from callbackqueue.cpp:2:\nthread.h:4:10: fatal error: uv.h: No such file or directory\n    4 | #include <uv.h>\n      |          ^~~~~~\ncompilation terminated.\nmake: *** [C:/R/etc/x64/Makeconf:260: callbackqueue.o] Error 1\nmake: *** Waiting for unfinished jobs....\nERROR: compilation failed for package 'httpuv'\n* removing 'C:/Users/RUNNER~1/AppData/Local/Temp/RtmpGEe4nI/pkg-libac434482e9f/httpuv'\n "},{"app_name":"033-conditionalpanel-demo","status":"can_not_install","result":"Failed to install:\n * shiny\n * shinytest2\n \nError:\n Error : ! in callr subprocess.\nCaused by error: \n! error in pak subprocess\nCaused by error in `stop_task_build(state, worker)`:\n! Failed to build source package httpuv.\nFull installation output:\n* installing *source* package 'httpuv' ...\nstaged installation is only possible with locking\n** using non-staged installation\n\n   **********************************************\n   WARNING: this package has a configure script\n         It probably needs manual configuration\n   **********************************************\n\n\n** libs\ng++ -std=gnu++14  -I\"C:/R/include\" -DNDEBUG -D_WIN32_WINNT=0x0600 -DSTRICT_R_HEADERS -I'C:/Users/runneradmin/AppData/Local/R/shinycoreci/R-4_2_3/later/include' -I'C:/Users/runneradmin/AppData/Local/R/shinycoreci/R-4_2_3/Rcpp/include'   -I\"c:/rtools42/x86_64-w64-mingw32.static.posix/include\"   -DSTRICT_R_HEADERS   -O2 -Wall  -mfpmath=sse -msse2 -mstackrealign  -Wall -pedantic -c RcppExports.cpp -o RcppExports.o\ng++ -std=gnu++14  -I\"C:/R/include\" -DNDEBUG -D_WIN32_WINNT=0x0600 -DSTRICT_R_HEADERS -I'C:/Users/runneradmin/AppData/Local/R/shinycoreci/R-4_2_3/later/include' -I'C:/Users/runneradmin/AppData/Local/R/shinycoreci/R-4_2_3/Rcpp/include'   -I\"c:/rtools42/x86_64-w64-mingw32.static.posix/include\"   -DSTRICT_R_HEADERS   -O2 -Wall  -mfpmath=sse -msse2 -mstackrealign  -Wall -pedantic -c callback.cpp -o callback.o\nIn file included from C:/Users/runneradmin/AppData/Local/R/shinycoreci/R-4_2_3/Rcpp/include/RcppCommon.h:163,\n                 from C:/Users/runneradmin/AppData/Local/R/shinycoreci/R-4_2_3/Rcpp/include/Rcpp.h:27,\n                 from RcppExports.cpp:4:\nC:/Users/runneradmin/AppData/Local/R/shinycoreci/R-4_2_3/Rcpp/include/Rcpp/internal/r_vector.h:42:41: warning: extra ';' [-Wpedantic]\n   42 | RCPP_VECTOR_START_IMPL(LGLSXP,  LOGICAL);\n      |                                         ^\nC:/Users/runneradmin/AppData/Local/R/shinycoreci/R-4_2_3/Rcpp/include/Rcpp/internal/r_vector.h:43:41: warning: extra ';' [-Wpedantic]\n   43 | RCPP_VECTOR_START_IMPL(INTSXP,  INTEGER);\n      |                                         ^\nC:/Users/runneradmin/AppData/Local/R/shinycoreci/R-4_2_3/Rcpp/include/Rcpp/internal/r_vector.h:44:37: warning: extra ';' [-Wpedantic]\n   44 | RCPP_VECTOR_START_IMPL(RAWSXP,  RAW);\n      |                                     ^\nC:/Users/runneradmin/AppData/Local/R/shinycoreci/R-4_2_3/Rcpp/include/Rcpp/internal/r_vector.h:45:41: warning: extra ';' [-Wpedantic]\n   45 | RCPP_VECTOR_START_IMPL(CPLXSXP, COMPLEX);\n      |                                         ^\nC:/Users/runneradmin/AppData/Local/R/shinycoreci/R-4_2_3/Rcpp/include/Rcpp/internal/r_vector.h:46:38: warning: extra ';' [-Wpedantic]\n   46 | RCPP_VECTOR_START_IMPL(REALSXP, REAL);\n      |                                      ^\ng++ -std=gnu++14  -I\"C:/R/include\" -DNDEBUG -D_WIN32_WINNT=0x0600 -DSTRICT_R_HEADERS -I'C:/Users/runneradmin/AppData/Local/R/shinycoreci/R-4_2_3/later/include' -I'C:/Users/runneradmin/AppData/Local/R/shinycoreci/R-4_2_3/Rcpp/include'   -I\"c:/rtools42/x86_64-w64-mingw32.static.posix/include\"   -DSTRICT_R_HEADERS   -O2 -Wall  -mfpmath=sse -msse2 -mstackrealign  -Wall -pedantic -c callbackqueue.cpp -o callbackqueue.o\nIn file included from tqueue.h:7,\n                 from callbackqueue.h:4,\n                 from callbackqueue.cpp:2:\nthread.h:4:10: fatal error: uv.h: No such file or directory\n    4 | #include <uv.h>\n      |          ^~~~~~\ncompilation terminated.\nmake: *** [C:/R/etc/x64/Makeconf:260: callbackqueue.o] Error 1\nmake: *** Waiting for unfinished jobs....\nERROR: compilation failed for package 'httpuv'\n* removing 'C:/Users/RUNNER~1/AppData/Local/Temp/RtmpkDMTrn/pkg-lib4b024ed1517/httpuv'\n "},{"app_name":"037-date-and-date-range","status":"can_not_install","result":"Failed to install:\n * shiny\n * shinytest2\n \nError:\n Error : ! in callr subprocess.\nCaused by error: \n! error in pak subprocess\nCaused by error in `stop_task_build(state, worker)`:\n! Failed to build source package httpuv.\nFull installation output:\n* installing *source* package 'httpuv' ...\nstaged installation is only possible with locking\n** using non-staged installation\n\n   **********************************************\n   WARNING: this package has a configure script\n         It probably needs manual configuration\n   **********************************************\n\n\n** libs\ng++ -std=gnu++14  -I\"C:/R/include\" -DNDEBUG -D_WIN32_WINNT=0x0600 -DSTRICT_R_HEADERS -I'C:/Users/runneradmin/AppData/Local/R/shinycoreci/R-4_2_3/later/include' -I'C:/Users/runneradmin/AppData/Local/R/shinycoreci/R-4_2_3/Rcpp/include'   -I\"c:/rtools42/x86_64-w64-mingw32.static.posix/include\"   -DSTRICT_R_HEADERS   -O2 -Wall  -mfpmath=sse -msse2 -mstackrealign  -Wall -pedantic -c RcppExports.cpp -o RcppExports.o\ng++ -std=gnu++14  -I\"C:/R/include\" -DNDEBUG -D_WIN32_WINNT=0x0600 -DSTRICT_R_HEADERS -I'C:/Users/runneradmin/AppData/Local/R/shinycoreci/R-4_2_3/later/include' -I'C:/Users/runneradmin/AppData/Local/R/shinycoreci/R-4_2_3/Rcpp/include'   -I\"c:/rtools42/x86_64-w64-mingw32.static.posix/include\"   -DSTRICT_R_HEADERS   -O2 -Wall  -mfpmath=sse -msse2 -mstackrealign  -Wall -pedantic -c callback.cpp -o callback.o\nIn file included from C:/Users/runneradmin/AppData/Local/R/shinycoreci/R-4_2_3/Rcpp/include/RcppCommon.h:163,\n                 from C:/Users/runneradmin/AppData/Local/R/shinycoreci/R-4_2_3/Rcpp/include/Rcpp.h:27,\n                 from RcppExports.cpp:4:\nC:/Users/runneradmin/AppData/Local/R/shinycoreci/R-4_2_3/Rcpp/include/Rcpp/internal/r_vector.h:42:41: warning: extra ';' [-Wpedantic]\n   42 | RCPP_VECTOR_START_IMPL(LGLSXP,  LOGICAL);\n      |                                         ^\nC:/Users/runneradmin/AppData/Local/R/shinycoreci/R-4_2_3/Rcpp/include/Rcpp/internal/r_vector.h:43:41: warning: extra ';' [-Wpedantic]\n   43 | RCPP_VECTOR_START_IMPL(INTSXP,  INTEGER);\n      |                                         ^\nC:/Users/runneradmin/AppData/Local/R/shinycoreci/R-4_2_3/Rcpp/include/Rcpp/internal/r_vector.h:44:37: warning: extra ';' [-Wpedantic]\n   44 | RCPP_VECTOR_START_IMPL(RAWSXP,  RAW);\n      |                                     ^\nC:/Users/runneradmin/AppData/Local/R/shinycoreci/R-4_2_3/Rcpp/include/Rcpp/internal/r_vector.h:45:41: warning: extra ';' [-Wpedantic]\n   45 | RCPP_VECTOR_START_IMPL(CPLXSXP, COMPLEX);\n      |                                         ^\nC:/Users/runneradmin/AppData/Local/R/shinycoreci/R-4_2_3/Rcpp/include/Rcpp/internal/r_vector.h:46:38: warning: extra ';' [-Wpedantic]\n   46 | RCPP_VECTOR_START_IMPL(REALSXP, REAL);\n      |                                      ^\ng++ -std=gnu++14  -I\"C:/R/include\" -DNDEBUG -D_WIN32_WINNT=0x0600 -DSTRICT_R_HEADERS -I'C:/Users/runneradmin/AppData/Local/R/shinycoreci/R-4_2_3/later/include' -I'C:/Users/runneradmin/AppData/Local/R/shinycoreci/R-4_2_3/Rcpp/include'   -I\"c:/rtools42/x86_64-w64-mingw32.static.posix/include\"   -DSTRICT_R_HEADERS   -O2 -Wall  -mfpmath=sse -msse2 -mstackrealign  -Wall -pedantic -c callbackqueue.cpp -o callbackqueue.o\nIn file included from tqueue.h:7,\n                 from callbackqueue.h:4,\n                 from callbackqueue.cpp:2:\nthread.h:4:10: fatal error: uv.h: No such file or directory\n    4 | #include <uv.h>\n      |          ^~~~~~\ncompilation terminated.\nmake: *** [C:/R/etc/x64/Makeconf:260: callbackqueue.o] Error 1\nmake: *** Waiting for unfinished jobs....\nERROR: compilation failed for package 'httpuv'\n* removing 'C:/Users/RUNNER~1/AppData/Local/Temp/RtmpkfUlSq/pkg-lib2e01cdb5ac4/httpuv'\n "},{"app_name":"039-download-file","status":"can_not_install","result":"Failed to install:\n * shiny\n * shinytest2\n \nError:\n Error : ! in callr subprocess.\nCaused by error: \n! error in pak subprocess\nCaused by error in `stop_task_build(state, worker)`:\n! Failed to build source package httpuv.\nFull installation output:\n* installing *source* package 'httpuv' ...\nstaged installation is only possible with locking\n** using non-staged installation\n\n   **********************************************\n   WARNING: this package has a configure script\n         It probably needs manual configuration\n   **********************************************\n\n\n** libs\ng++ -std=gnu++14  -I\"C:/R/include\" -DNDEBUG -D_WIN32_WINNT=0x0600 -DSTRICT_R_HEADERS -I'C:/Users/runneradmin/AppData/Local/R/shinycoreci/R-4_2_3/later/include' -I'C:/Users/runneradmin/AppData/Local/R/shinycoreci/R-4_2_3/Rcpp/include'   -I\"c:/rtools42/x86_64-w64-mingw32.static.posix/include\"   -DSTRICT_R_HEADERS   -O2 -Wall  -mfpmath=sse -msse2 -mstackrealign  -Wall -pedantic -c RcppExports.cpp -o RcppExports.o\ng++ -std=gnu++14  -I\"C:/R/include\" -DNDEBUG -D_WIN32_WINNT=0x0600 -DSTRICT_R_HEADERS -I'C:/Users/runneradmin/AppData/Local/R/shinycoreci/R-4_2_3/later/include' -I'C:/Users/runneradmin/AppData/Local/R/shinycoreci/R-4_2_3/Rcpp/include'   -I\"c:/rtools42/x86_64-w64-mingw32.static.posix/include\"   -DSTRICT_R_HEADERS   -O2 -Wall  -mfpmath=sse -msse2 -mstackrealign  -Wall -pedantic -c callback.cpp -o callback.o\nIn file included from C:/Users/runneradmin/AppData/Local/R/shinycoreci/R-4_2_3/Rcpp/include/RcppCommon.h:163,\n                 from C:/Users/runneradmin/AppData/Local/R/shinycoreci/R-4_2_3/Rcpp/include/Rcpp.h:27,\n                 from RcppExports.cpp:4:\nC:/Users/runneradmin/AppData/Local/R/shinycoreci/R-4_2_3/Rcpp/include/Rcpp/internal/r_vector.h:42:41: warning: extra ';' [-Wpedantic]\n   42 | RCPP_VECTOR_START_IMPL(LGLSXP,  LOGICAL);\n      |                                         ^\nC:/Users/runneradmin/AppData/Local/R/shinycoreci/R-4_2_3/Rcpp/include/Rcpp/internal/r_vector.h:43:41: warning: extra ';' [-Wpedantic]\n   43 | RCPP_VECTOR_START_IMPL(INTSXP,  INTEGER);\n      |                                         ^\nC:/Users/runneradmin/AppData/Local/R/shinycoreci/R-4_2_3/Rcpp/include/Rcpp/internal/r_vector.h:44:37: warning: extra ';' [-Wpedantic]\n   44 | RCPP_VECTOR_START_IMPL(RAWSXP,  RAW);\n      |                                     ^\nC:/Users/runneradmin/AppData/Local/R/shinycoreci/R-4_2_3/Rcpp/include/Rcpp/internal/r_vector.h:45:41: warning: extra ';' [-Wpedantic]\n   45 | RCPP_VECTOR_START_IMPL(CPLXSXP, COMPLEX);\n      |                                         ^\nC:/Users/runneradmin/AppData/Local/R/shinycoreci/R-4_2_3/Rcpp/include/Rcpp/internal/r_vector.h:46:38: warning: extra ';' [-Wpedantic]\n   46 | RCPP_VECTOR_START_IMPL(REALSXP, REAL);\n      |                                      ^\ng++ -std=gnu++14  -I\"C:/R/include\" -DNDEBUG -D_WIN32_WINNT=0x0600 -DSTRICT_R_HEADERS -I'C:/Users/runneradmin/AppData/Local/R/shinycoreci/R-4_2_3/later/include' -I'C:/Users/runneradmin/AppData/Local/R/shinycoreci/R-4_2_3/Rcpp/include'   -I\"c:/rtools42/x86_64-w64-mingw32.static.posix/include\"   -DSTRICT_R_HEADERS   -O2 -Wall  -mfpmath=sse -msse2 -mstackrealign  -Wall -pedantic -c callbackqueue.cpp -o callbackqueue.o\nIn file included from tqueue.h:7,\n                 from callbackqueue.h:4,\n                 from callbackqueue.cpp:2:\nthread.h:4:10: fatal error: uv.h: No such file or directory\n    4 | #include <uv.h>\n      |          ^~~~~~\ncompilation terminated.\nmake: *** [C:/R/etc/x64/Makeconf:260: callbackqueue.o] Error 1\nmake: *** Waiting for unfinished jobs....\nERROR: compilation failed for package 'httpuv'\n* removing 'C:/Users/RUNNER~1/AppData/Local/Temp/RtmpGw4NHe/pkg-lib1a6c47d83557/httpuv'\n "},{"app_name":"041-dynamic-ui","status":"can_not_install","result":"Failed to install:\n * shiny\n * shinytest2\n \nError:\n Error : ! in callr subprocess.\nCaused by error: \n! error in pak subprocess\nCaused by error in `stop_task_build(state, worker)`:\n! Failed to build source package httpuv.\nFull installation output:\n* installing *source* package 'httpuv' ...\nstaged installation is only possible with locking\n** using non-staged installation\n\n   **********************************************\n   WARNING: this package has a configure script\n         It probably needs manual configuration\n   **********************************************\n\n\n** libs\ng++ -std=gnu++14  -I\"C:/R/include\" -DNDEBUG -D_WIN32_WINNT=0x0600 -DSTRICT_R_HEADERS -I'C:/Users/runneradmin/AppData/Local/R/shinycoreci/R-4_2_3/later/include' -I'C:/Users/runneradmin/AppData/Local/R/shinycoreci/R-4_2_3/Rcpp/include'   -I\"c:/rtools42/x86_64-w64-mingw32.static.posix/include\"   -DSTRICT_R_HEADERS   -O2 -Wall  -mfpmath=sse -msse2 -mstackrealign  -Wall -pedantic -c RcppExports.cpp -o RcppExports.o\ng++ -std=gnu++14  -I\"C:/R/include\" -DNDEBUG -D_WIN32_WINNT=0x0600 -DSTRICT_R_HEADERS -I'C:/Users/runneradmin/AppData/Local/R/shinycoreci/R-4_2_3/later/include' -I'C:/Users/runneradmin/AppData/Local/R/shinycoreci/R-4_2_3/Rcpp/include'   -I\"c:/rtools42/x86_64-w64-mingw32.static.posix/include\"   -DSTRICT_R_HEADERS   -O2 -Wall  -mfpmath=sse -msse2 -mstackrealign  -Wall -pedantic -c callback.cpp -o callback.o\nIn file included from C:/Users/runneradmin/AppData/Local/R/shinycoreci/R-4_2_3/Rcpp/include/RcppCommon.h:163,\n                 from C:/Users/runneradmin/AppData/Local/R/shinycoreci/R-4_2_3/Rcpp/include/Rcpp.h:27,\n                 from RcppExports.cpp:4:\nC:/Users/runneradmin/AppData/Local/R/shinycoreci/R-4_2_3/Rcpp/include/Rcpp/internal/r_vector.h:42:41: warning: extra ';' [-Wpedantic]\n   42 | RCPP_VECTOR_START_IMPL(LGLSXP,  LOGICAL);\n      |                                         ^\nC:/Users/runneradmin/AppData/Local/R/shinycoreci/R-4_2_3/Rcpp/include/Rcpp/internal/r_vector.h:43:41: warning: extra ';' [-Wpedantic]\n   43 | RCPP_VECTOR_START_IMPL(INTSXP,  INTEGER);\n      |                                         ^\nC:/Users/runneradmin/AppData/Local/R/shinycoreci/R-4_2_3/Rcpp/include/Rcpp/internal/r_vector.h:44:37: warning: extra ';' [-Wpedantic]\n   44 | RCPP_VECTOR_START_IMPL(RAWSXP,  RAW);\n      |                                     ^\nC:/Users/runneradmin/AppData/Local/R/shinycoreci/R-4_2_3/Rcpp/include/Rcpp/internal/r_vector.h:45:41: warning: extra ';' [-Wpedantic]\n   45 | RCPP_VECTOR_START_IMPL(CPLXSXP, COMPLEX);\n      |                                         ^\nC:/Users/runneradmin/AppData/Local/R/shinycoreci/R-4_2_3/Rcpp/include/Rcpp/internal/r_vector.h:46:38: warning: extra ';' [-Wpedantic]\n   46 | RCPP_VECTOR_START_IMPL(REALSXP, REAL);\n      |                                      ^\ng++ -std=gnu++14  -I\"C:/R/include\" -DNDEBUG -D_WIN32_WINNT=0x0600 -DSTRICT_R_HEADERS -I'C:/Users/runneradmin/AppData/Local/R/shinycoreci/R-4_2_3/later/include' -I'C:/Users/runneradmin/AppData/Local/R/shinycoreci/R-4_2_3/Rcpp/include'   -I\"c:/rtools42/x86_64-w64-mingw32.static.posix/include\"   -DSTRICT_R_HEADERS   -O2 -Wall  -mfpmath=sse -msse2 -mstackrealign  -Wall -pedantic -c callbackqueue.cpp -o callbackqueue.o\nIn file included from tqueue.h:7,\n                 from callbackqueue.h:4,\n                 from callbackqueue.cpp:2:\nthread.h:4:10: fatal error: uv.h: No such file or directory\n    4 | #include <uv.h>\n      |          ^~~~~~\ncompilation terminated.\nmake: *** [C:/R/etc/x64/Makeconf:260: callbackqueue.o] Error 1\nmake: *** Waiting for unfinished jobs....\nERROR: compilation failed for package 'httpuv'\n* removing 'C:/Users/RUNNER~1/AppData/Local/Temp/Rtmpe6kIwg/pkg-lib8c8a2378e5/httpuv'\n "},{"app_name":"047-image-output","status":"can_not_install","result":"Failed to install:\n * png\n * shiny\n * shinytest2\n \nError:\n Error : ! in callr subprocess.\nCaused by error: \n! error in pak subprocess\nCaused by error in `stop_task_build(state, worker)`:\n! Failed to build source package httpuv.\nFull installation output:\n* installing *source* package 'httpuv' ...\nstaged installation is only possible with locking\n** using non-staged installation\n\n   **********************************************\n   WARNING: this package has a configure script\n         It probably needs manual configuration\n   **********************************************\n\n\n** libs\ng++ -std=gnu++14  -I\"C:/R/include\" -DNDEBUG -D_WIN32_WINNT=0x0600 -DSTRICT_R_HEADERS -I'C:/Users/runneradmin/AppData/Local/R/shinycoreci/R-4_2_3/later/include' -I'C:/Users/runneradmin/AppData/Local/R/shinycoreci/R-4_2_3/Rcpp/include'   -I\"c:/rtools42/x86_64-w64-mingw32.static.posix/include\"   -DSTRICT_R_HEADERS   -O2 -Wall  -mfpmath=sse -msse2 -mstackrealign  -Wall -pedantic -c RcppExports.cpp -o RcppExports.o\ng++ -std=gnu++14  -I\"C:/R/include\" -DNDEBUG -D_WIN32_WINNT=0x0600 -DSTRICT_R_HEADERS -I'C:/Users/runneradmin/AppData/Local/R/shinycoreci/R-4_2_3/later/include' -I'C:/Users/runneradmin/AppData/Local/R/shinycoreci/R-4_2_3/Rcpp/include'   -I\"c:/rtools42/x86_64-w64-mingw32.static.posix/include\"   -DSTRICT_R_HEADERS   -O2 -Wall  -mfpmath=sse -msse2 -mstackrealign  -Wall -pedantic -c callback.cpp -o callback.o\nIn file included from C:/Users/runneradmin/AppData/Local/R/shinycoreci/R-4_2_3/Rcpp/include/RcppCommon.h:163,\n                 from C:/Users/runneradmin/AppData/Local/R/shinycoreci/R-4_2_3/Rcpp/include/Rcpp.h:27,\n                 from RcppExports.cpp:4:\nC:/Users/runneradmin/AppData/Local/R/shinycoreci/R-4_2_3/Rcpp/include/Rcpp/internal/r_vector.h:42:41: warning: extra ';' [-Wpedantic]\n   42 | RCPP_VECTOR_START_IMPL(LGLSXP,  LOGICAL);\n      |                                         ^\nC:/Users/runneradmin/AppData/Local/R/shinycoreci/R-4_2_3/Rcpp/include/Rcpp/internal/r_vector.h:43:41: warning: extra ';' [-Wpedantic]\n   43 | RCPP_VECTOR_START_IMPL(INTSXP,  INTEGER);\n      |                                         ^\nC:/Users/runneradmin/AppData/Local/R/shinycoreci/R-4_2_3/Rcpp/include/Rcpp/internal/r_vector.h:44:37: warning: extra ';' [-Wpedantic]\n   44 | RCPP_VECTOR_START_IMPL(RAWSXP,  RAW);\n      |                                     ^\nC:/Users/runneradmin/AppData/Local/R/shinycoreci/R-4_2_3/Rcpp/include/Rcpp/internal/r_vector.h:45:41: warning: extra ';' [-Wpedantic]\n   45 | RCPP_VECTOR_START_IMPL(CPLXSXP, COMPLEX);\n      |                                         ^\nC:/Users/runneradmin/AppData/Local/R/shinycoreci/R-4_2_3/Rcpp/include/Rcpp/internal/r_vector.h:46:38: warning: extra ';' [-Wpedantic]\n   46 | RCPP_VECTOR_START_IMPL(REALSXP, REAL);\n      |                                      ^\ng++ -std=gnu++14  -I\"C:/R/include\" -DNDEBUG -D_WIN32_WINNT=0x0600 -DSTRICT_R_HEADERS -I'C:/Users/runneradmin/AppData/Local/R/shinycoreci/R-4_2_3/later/include' -I'C:/Users/runneradmin/AppData/Local/R/shinycoreci/R-4_2_3/Rcpp/include'   -I\"c:/rtools42/x86_64-w64-mingw32.static.posix/include\"   -DSTRICT_R_HEADERS   -O2 -Wall  -mfpmath=sse -msse2 -mstackrealign  -Wall -pedantic -c callbackqueue.cpp -o callbackqueue.o\nIn file included from tqueue.h:7,\n                 from callbackqueue.h:4,\n                 from callbackqueue.cpp:2:\nthread.h:4:10: fatal error: uv.h: No such file or directory\n    4 | #include <uv.h>\n      |          ^~~~~~\ncompilation terminated.\nmake: *** [C:/R/etc/x64/Makeconf:260: callbackqueue.o] Error 1\nmake: *** Waiting for unfinished jobs....\nERROR: compilation failed for package 'httpuv'\n* removing 'C:/Users/RUNNER~1/AppData/Local/Temp/RtmpQLFbvc/pkg-lib10a44da5321a/httpuv'\n "},{"app_name":"048-including-html-text-and-markdown-files","status":"can_not_install","result":"Failed to install:\n * markdown\n * shiny\n * shinytest2\n \nError:\n Error : ! in callr subprocess.\nCaused by error: \n! error in pak subprocess\nCaused by error in `stop_task_build(state, worker)`:\n! Failed to build source package httpuv.\nFull installation output:\n* installing *source* package 'httpuv' ...\nstaged installation is only possible with locking\n** using non-staged installation\n\n   **********************************************\n   WARNING: this package has a configure script\n         It probably needs manual configuration\n   **********************************************\n\n\n** libs\ng++ -std=gnu++14  -I\"C:/R/include\" -DNDEBUG -D_WIN32_WINNT=0x0600 -DSTRICT_R_HEADERS -I'C:/Users/runneradmin/AppData/Local/R/shinycoreci/R-4_2_3/later/include' -I'C:/Users/runneradmin/AppData/Local/R/shinycoreci/R-4_2_3/Rcpp/include'   -I\"c:/rtools42/x86_64-w64-mingw32.static.posix/include\"   -DSTRICT_R_HEADERS   -O2 -Wall  -mfpmath=sse -msse2 -mstackrealign  -Wall -pedantic -c RcppExports.cpp -o RcppExports.o\ng++ -std=gnu++14  -I\"C:/R/include\" -DNDEBUG -D_WIN32_WINNT=0x0600 -DSTRICT_R_HEADERS -I'C:/Users/runneradmin/AppData/Local/R/shinycoreci/R-4_2_3/later/include' -I'C:/Users/runneradmin/AppData/Local/R/shinycoreci/R-4_2_3/Rcpp/include'   -I\"c:/rtools42/x86_64-w64-mingw32.static.posix/include\"   -DSTRICT_R_HEADERS   -O2 -Wall  -mfpmath=sse -msse2 -mstackrealign  -Wall -pedantic -c callback.cpp -o callback.o\nIn file included from C:/Users/runneradmin/AppData/Local/R/shinycoreci/R-4_2_3/Rcpp/include/RcppCommon.h:163,\n                 from C:/Users/runneradmin/AppData/Local/R/shinycoreci/R-4_2_3/Rcpp/include/Rcpp.h:27,\n                 from RcppExports.cpp:4:\nC:/Users/runneradmin/AppData/Local/R/shinycoreci/R-4_2_3/Rcpp/include/Rcpp/internal/r_vector.h:42:41: warning: extra ';' [-Wpedantic]\n   42 | RCPP_VECTOR_START_IMPL(LGLSXP,  LOGICAL);\n      |                                         ^\nC:/Users/runneradmin/AppData/Local/R/shinycoreci/R-4_2_3/Rcpp/include/Rcpp/internal/r_vector.h:43:41: warning: extra ';' [-Wpedantic]\n   43 | RCPP_VECTOR_START_IMPL(INTSXP,  INTEGER);\n      |                                         ^\nC:/Users/runneradmin/AppData/Local/R/shinycoreci/R-4_2_3/Rcpp/include/Rcpp/internal/r_vector.h:44:37: warning: extra ';' [-Wpedantic]\n   44 | RCPP_VECTOR_START_IMPL(RAWSXP,  RAW);\n      |                                     ^\nC:/Users/runneradmin/AppData/Local/R/shinycoreci/R-4_2_3/Rcpp/include/Rcpp/internal/r_vector.h:45:41: warning: extra ';' [-Wpedantic]\n   45 | RCPP_VECTOR_START_IMPL(CPLXSXP, COMPLEX);\n      |                                         ^\nC:/Users/runneradmin/AppData/Local/R/shinycoreci/R-4_2_3/Rcpp/include/Rcpp/internal/r_vector.h:46:38: warning: extra ';' [-Wpedantic]\n   46 | RCPP_VECTOR_START_IMPL(REALSXP, REAL);\n      |                                      ^\ng++ -std=gnu++14  -I\"C:/R/include\" -DNDEBUG -D_WIN32_WINNT=0x0600 -DSTRICT_R_HEADERS -I'C:/Users/runneradmin/AppData/Local/R/shinycoreci/R-4_2_3/later/include' -I'C:/Users/runneradmin/AppData/Local/R/shinycoreci/R-4_2_3/Rcpp/include'   -I\"c:/rtools42/x86_64-w64-mingw32.static.posix/include\"   -DSTRICT_R_HEADERS   -O2 -Wall  -mfpmath=sse -msse2 -mstackrealign  -Wall -pedantic -c callbackqueue.cpp -o callbackqueue.o\nIn file included from tqueue.h:7,\n                 from callbackqueue.h:4,\n                 from callbackqueue.cpp:2:\nthread.h:4:10: fatal error: uv.h: No such file or directory\n    4 | #include <uv.h>\n      |          ^~~~~~\ncompilation terminated.\nmake: *** [C:/R/etc/x64/Makeconf:260: callbackqueue.o] Error 1\nmake: *** Waiting for unfinished jobs....\nERROR: compilation failed for package 'httpuv'\n* removing 'C:/Users/RUNNER~1/AppData/Local/Temp/RtmpGMYU9p/pkg-lib19dc61cb6fb/httpuv'\n "},{"app_name":"050-kmeans-example","status":"can_not_install","result":"Failed to install:\n * shiny\n * shinytest2\n \nError:\n Error : ! in callr subprocess.\nCaused by error: \n! error in pak subprocess\nCaused by error in `stop_task_build(state, worker)`:\n! Failed to build source package httpuv.\nFull installation output:\n* installing *source* package 'httpuv' ...\nstaged installation is only possible with locking\n** using non-staged installation\n\n   **********************************************\n   WARNING: this package has a configure script\n         It probably needs manual configuration\n   **********************************************\n\n\n** libs\ng++ -std=gnu++14  -I\"C:/R/include\" -DNDEBUG -D_WIN32_WINNT=0x0600 -DSTRICT_R_HEADERS -I'C:/Users/runneradmin/AppData/Local/R/shinycoreci/R-4_2_3/later/include' -I'C:/Users/runneradmin/AppData/Local/R/shinycoreci/R-4_2_3/Rcpp/include'   -I\"c:/rtools42/x86_64-w64-mingw32.static.posix/include\"   -DSTRICT_R_HEADERS   -O2 -Wall  -mfpmath=sse -msse2 -mstackrealign  -Wall -pedantic -c RcppExports.cpp -o RcppExports.o\ng++ -std=gnu++14  -I\"C:/R/include\" -DNDEBUG -D_WIN32_WINNT=0x0600 -DSTRICT_R_HEADERS -I'C:/Users/runneradmin/AppData/Local/R/shinycoreci/R-4_2_3/later/include' -I'C:/Users/runneradmin/AppData/Local/R/shinycoreci/R-4_2_3/Rcpp/include'   -I\"c:/rtools42/x86_64-w64-mingw32.static.posix/include\"   -DSTRICT_R_HEADERS   -O2 -Wall  -mfpmath=sse -msse2 -mstackrealign  -Wall -pedantic -c callback.cpp -o callback.o\nIn file included from C:/Users/runneradmin/AppData/Local/R/shinycoreci/R-4_2_3/Rcpp/include/RcppCommon.h:163,\n                 from C:/Users/runneradmin/AppData/Local/R/shinycoreci/R-4_2_3/Rcpp/include/Rcpp.h:27,\n                 from RcppExports.cpp:4:\nC:/Users/runneradmin/AppData/Local/R/shinycoreci/R-4_2_3/Rcpp/include/Rcpp/internal/r_vector.h:42:41: warning: extra ';' [-Wpedantic]\n   42 | RCPP_VECTOR_START_IMPL(LGLSXP,  LOGICAL);\n      |                                         ^\nC:/Users/runneradmin/AppData/Local/R/shinycoreci/R-4_2_3/Rcpp/include/Rcpp/internal/r_vector.h:43:41: warning: extra ';' [-Wpedantic]\n   43 | RCPP_VECTOR_START_IMPL(INTSXP,  INTEGER);\n      |                                         ^\nC:/Users/runneradmin/AppData/Local/R/shinycoreci/R-4_2_3/Rcpp/include/Rcpp/internal/r_vector.h:44:37: warning: extra ';' [-Wpedantic]\n   44 | RCPP_VECTOR_START_IMPL(RAWSXP,  RAW);\n      |                                     ^\nC:/Users/runneradmin/AppData/Local/R/shinycoreci/R-4_2_3/Rcpp/include/Rcpp/internal/r_vector.h:45:41: warning: extra ';' [-Wpedantic]\n   45 | RCPP_VECTOR_START_IMPL(CPLXSXP, COMPLEX);\n      |                                         ^\nC:/Users/runneradmin/AppData/Local/R/shinycoreci/R-4_2_3/Rcpp/include/Rcpp/internal/r_vector.h:46:38: warning: extra ';' [-Wpedantic]\n   46 | RCPP_VECTOR_START_IMPL(REALSXP, REAL);\n      |                                      ^\ng++ -std=gnu++14  -I\"C:/R/include\" -DNDEBUG -D_WIN32_WINNT=0x0600 -DSTRICT_R_HEADERS -I'C:/Users/runneradmin/AppData/Local/R/shinycoreci/R-4_2_3/later/include' -I'C:/Users/runneradmin/AppData/Local/R/shinycoreci/R-4_2_3/Rcpp/include'   -I\"c:/rtools42/x86_64-w64-mingw32.static.posix/include\"   -DSTRICT_R_HEADERS   -O2 -Wall  -mfpmath=sse -msse2 -mstackrealign  -Wall -pedantic -c callbackqueue.cpp -o callbackqueue.o\nIn file included from tqueue.h:7,\n                 from callbackqueue.h:4,\n                 from callbackqueue.cpp:2:\nthread.h:4:10: fatal error: uv.h: No such file or directory\n    4 | #include <uv.h>\n      |          ^~~~~~\ncompilation terminated.\nmake: *** [C:/R/etc/x64/Makeconf:260: callbackqueue.o] Error 1\nmake: *** Waiting for unfinished jobs....\nERROR: compilation failed for package 'httpuv'\n* removing 'C:/Users/RUNNER~1/AppData/Local/Temp/RtmpArK1UH/pkg-lib15e06bc34490/httpuv'\n "},{"app_name":"051-movie-explorer","status":"can_not_install","result":"Failed to install:\n * DBI\n * dbplyr\n * dplyr\n * ggvis\n * plogr\n * RSQLite\n * shiny\n * shinytest2\n \nError:\n Error : ! in callr subprocess.\nCaused by error: \n! error in pak subprocess\nCaused by error in `stop_task_build(state, worker)`:\n! Failed to build source package httpuv.\nFull installation output:\n* installing *source* package 'httpuv' ...\nstaged installation is only possible with locking\n** using non-staged installation\n\n   **********************************************\n   WARNING: this package has a configure script\n         It probably needs manual configuration\n   **********************************************\n\n\n** libs\ng++ -std=gnu++14  -I\"C:/R/include\" -DNDEBUG -D_WIN32_WINNT=0x0600 -DSTRICT_R_HEADERS -I'C:/Users/runneradmin/AppData/Local/R/shinycoreci/R-4_2_3/later/include' -I'C:/Users/runneradmin/AppData/Local/R/shinycoreci/R-4_2_3/Rcpp/include'   -I\"c:/rtools42/x86_64-w64-mingw32.static.posix/include\"   -DSTRICT_R_HEADERS   -O2 -Wall  -mfpmath=sse -msse2 -mstackrealign  -Wall -pedantic -c RcppExports.cpp -o RcppExports.o\ng++ -std=gnu++14  -I\"C:/R/include\" -DNDEBUG -D_WIN32_WINNT=0x0600 -DSTRICT_R_HEADERS -I'C:/Users/runneradmin/AppData/Local/R/shinycoreci/R-4_2_3/later/include' -I'C:/Users/runneradmin/AppData/Local/R/shinycoreci/R-4_2_3/Rcpp/include'   -I\"c:/rtools42/x86_64-w64-mingw32.static.posix/include\"   -DSTRICT_R_HEADERS   -O2 -Wall  -mfpmath=sse -msse2 -mstackrealign  -Wall -pedantic -c callback.cpp -o callback.o\nIn file included from C:/Users/runneradmin/AppData/Local/R/shinycoreci/R-4_2_3/Rcpp/include/RcppCommon.h:163,\n                 from C:/Users/runneradmin/AppData/Local/R/shinycoreci/R-4_2_3/Rcpp/include/Rcpp.h:27,\n                 from RcppExports.cpp:4:\nC:/Users/runneradmin/AppData/Local/R/shinycoreci/R-4_2_3/Rcpp/include/Rcpp/internal/r_vector.h:42:41: warning: extra ';' [-Wpedantic]\n   42 | RCPP_VECTOR_START_IMPL(LGLSXP,  LOGICAL);\n      |                                         ^\nC:/Users/runneradmin/AppData/Local/R/shinycoreci/R-4_2_3/Rcpp/include/Rcpp/internal/r_vector.h:43:41: warning: extra ';' [-Wpedantic]\n   43 | RCPP_VECTOR_START_IMPL(INTSXP,  INTEGER);\n      |                                         ^\nC:/Users/runneradmin/AppData/Local/R/shinycoreci/R-4_2_3/Rcpp/include/Rcpp/internal/r_vector.h:44:37: warning: extra ';' [-Wpedantic]\n   44 | RCPP_VECTOR_START_IMPL(RAWSXP,  RAW);\n      |                                     ^\nC:/Users/runneradmin/AppData/Local/R/shinycoreci/R-4_2_3/Rcpp/include/Rcpp/internal/r_vector.h:45:41: warning: extra ';' [-Wpedantic]\n   45 | RCPP_VECTOR_START_IMPL(CPLXSXP, COMPLEX);\n      |                                         ^\nC:/Users/runneradmin/AppData/Local/R/shinycoreci/R-4_2_3/Rcpp/include/Rcpp/internal/r_vector.h:46:38: warning: extra ';' [-Wpedantic]\n   46 | RCPP_VECTOR_START_IMPL(REALSXP, REAL);\n      |                                      ^\ng++ -std=gnu++14  -I\"C:/R/include\" -DNDEBUG -D_WIN32_WINNT=0x0600 -DSTRICT_R_HEADERS -I'C:/Users/runneradmin/AppData/Local/R/shinycoreci/R-4_2_3/later/include' -I'C:/Users/runneradmin/AppData/Local/R/shinycoreci/R-4_2_3/Rcpp/include'   -I\"c:/rtools42/x86_64-w64-mingw32.static.posix/include\"   -DSTRICT_R_HEADERS   -O2 -Wall  -mfpmath=sse -msse2 -mstackrealign  -Wall -pedantic -c callbackqueue.cpp -o callbackqueue.o\nIn file included from tqueue.h:7,\n                 from callbackqueue.h:4,\n                 from callbackqueue.cpp:2:\nthread.h:4:10: fatal error: uv.h: No such file or directory\n    4 | #include <uv.h>\n      |          ^~~~~~\ncompilation terminated.\nmake: *** [C:/R/etc/x64/Makeconf:260: callbackqueue.o] Error 1\nmake: *** Waiting for unfinished jobs....\nERROR: compilation failed for package 'httpuv'\n* removing 'C:/Users/RUNNER~1/AppData/Local/Temp/Rtmp8G7Xib/pkg-lib14806c1b1ae4/httpuv'\n "},{"app_name":"054-nvd3-line-chart-output","status":"can_not_install","result":"Failed to install:\n * shiny\n * shinytest2\n \nError:\n Error : ! in callr subprocess.\nCaused by error: \n! error in pak subprocess\nCaused by error in `stop_task_build(state, worker)`:\n! Failed to build source package httpuv.\nFull installation output:\n* installing *source* package 'httpuv' ...\nstaged installation is only possible with locking\n** using non-staged installation\n\n   **********************************************\n   WARNING: this package has a configure script\n         It probably needs manual configuration\n   **********************************************\n\n\n** libs\ng++ -std=gnu++14  -I\"C:/R/include\" -DNDEBUG -D_WIN32_WINNT=0x0600 -DSTRICT_R_HEADERS -I'C:/Users/runneradmin/AppData/Local/R/shinycoreci/R-4_2_3/later/include' -I'C:/Users/runneradmin/AppData/Local/R/shinycoreci/R-4_2_3/Rcpp/include'   -I\"c:/rtools42/x86_64-w64-mingw32.static.posix/include\"   -DSTRICT_R_HEADERS   -O2 -Wall  -mfpmath=sse -msse2 -mstackrealign  -Wall -pedantic -c RcppExports.cpp -o RcppExports.o\ng++ -std=gnu++14  -I\"C:/R/include\" -DNDEBUG -D_WIN32_WINNT=0x0600 -DSTRICT_R_HEADERS -I'C:/Users/runneradmin/AppData/Local/R/shinycoreci/R-4_2_3/later/include' -I'C:/Users/runneradmin/AppData/Local/R/shinycoreci/R-4_2_3/Rcpp/include'   -I\"c:/rtools42/x86_64-w64-mingw32.static.posix/include\"   -DSTRICT_R_HEADERS   -O2 -Wall  -mfpmath=sse -msse2 -mstackrealign  -Wall -pedantic -c callback.cpp -o callback.o\nIn file included from C:/Users/runneradmin/AppData/Local/R/shinycoreci/R-4_2_3/Rcpp/include/RcppCommon.h:163,\n                 from C:/Users/runneradmin/AppData/Local/R/shinycoreci/R-4_2_3/Rcpp/include/Rcpp.h:27,\n                 from RcppExports.cpp:4:\nC:/Users/runneradmin/AppData/Local/R/shinycoreci/R-4_2_3/Rcpp/include/Rcpp/internal/r_vector.h:42:41: warning: extra ';' [-Wpedantic]\n   42 | RCPP_VECTOR_START_IMPL(LGLSXP,  LOGICAL);\n      |                                         ^\nC:/Users/runneradmin/AppData/Local/R/shinycoreci/R-4_2_3/Rcpp/include/Rcpp/internal/r_vector.h:43:41: warning: extra ';' [-Wpedantic]\n   43 | RCPP_VECTOR_START_IMPL(INTSXP,  INTEGER);\n      |                                         ^\nC:/Users/runneradmin/AppData/Local/R/shinycoreci/R-4_2_3/Rcpp/include/Rcpp/internal/r_vector.h:44:37: warning: extra ';' [-Wpedantic]\n   44 | RCPP_VECTOR_START_IMPL(RAWSXP,  RAW);\n      |                                     ^\nC:/Users/runneradmin/AppData/Local/R/shinycoreci/R-4_2_3/Rcpp/include/Rcpp/internal/r_vector.h:45:41: warning: extra ';' [-Wpedantic]\n   45 | RCPP_VECTOR_START_IMPL(CPLXSXP, COMPLEX);\n      |                                         ^\nC:/Users/runneradmin/AppData/Local/R/shinycoreci/R-4_2_3/Rcpp/include/Rcpp/internal/r_vector.h:46:38: warning: extra ';' [-Wpedantic]\n   46 | RCPP_VECTOR_START_IMPL(REALSXP, REAL);\n      |                                      ^\ng++ -std=gnu++14  -I\"C:/R/include\" -DNDEBUG -D_WIN32_WINNT=0x0600 -DSTRICT_R_HEADERS -I'C:/Users/runneradmin/AppData/Local/R/shinycoreci/R-4_2_3/later/include' -I'C:/Users/runneradmin/AppData/Local/R/shinycoreci/R-4_2_3/Rcpp/include'   -I\"c:/rtools42/x86_64-w64-mingw32.static.posix/include\"   -DSTRICT_R_HEADERS   -O2 -Wall  -mfpmath=sse -msse2 -mstackrealign  -Wall -pedantic -c callbackqueue.cpp -o callbackqueue.o\nIn file included from tqueue.h:7,\n                 from callbackqueue.h:4,\n                 from callbackqueue.cpp:2:\nthread.h:4:10: fatal error: uv.h: No such file or directory\n    4 | #include <uv.h>\n      |          ^~~~~~\ncompilation terminated.\nmake: *** [C:/R/etc/x64/Makeconf:260: callbackqueue.o] Error 1\nmake: *** Waiting for unfinished jobs....\nERROR: compilation failed for package 'httpuv'\n* removing 'C:/Users/RUNNER~1/AppData/Local/Temp/RtmpG0Z1og/pkg-lib13fc272d7279/httpuv'\n "},{"app_name":"060-retirement-simulation","status":"can_not_install","result":"Failed to install:\n * shiny\n * shinytest2\n * shinythemes\n \nError:\n Error : ! in callr subprocess.\nCaused by error: \n! error in pak subprocess\nCaused by error in `stop_task_build(state, worker)`:\n! Failed to build source package httpuv.\nFull installation output:\n* installing *source* package 'httpuv' ...\nstaged installation is only possible with locking\n** using non-staged installation\n\n   **********************************************\n   WARNING: this package has a configure script\n         It probably needs manual configuration\n   **********************************************\n\n\n** libs\ng++ -std=gnu++14  -I\"C:/R/include\" -DNDEBUG -D_WIN32_WINNT=0x0600 -DSTRICT_R_HEADERS -I'C:/Users/runneradmin/AppData/Local/R/shinycoreci/R-4_2_3/later/include' -I'C:/Users/runneradmin/AppData/Local/R/shinycoreci/R-4_2_3/Rcpp/include'   -I\"c:/rtools42/x86_64-w64-mingw32.static.posix/include\"   -DSTRICT_R_HEADERS   -O2 -Wall  -mfpmath=sse -msse2 -mstackrealign  -Wall -pedantic -c RcppExports.cpp -o RcppExports.o\ng++ -std=gnu++14  -I\"C:/R/include\" -DNDEBUG -D_WIN32_WINNT=0x0600 -DSTRICT_R_HEADERS -I'C:/Users/runneradmin/AppData/Local/R/shinycoreci/R-4_2_3/later/include' -I'C:/Users/runneradmin/AppData/Local/R/shinycoreci/R-4_2_3/Rcpp/include'   -I\"c:/rtools42/x86_64-w64-mingw32.static.posix/include\"   -DSTRICT_R_HEADERS   -O2 -Wall  -mfpmath=sse -msse2 -mstackrealign  -Wall -pedantic -c callback.cpp -o callback.o\nIn file included from C:/Users/runneradmin/AppData/Local/R/shinycoreci/R-4_2_3/Rcpp/include/RcppCommon.h:163,\n                 from C:/Users/runneradmin/AppData/Local/R/shinycoreci/R-4_2_3/Rcpp/include/Rcpp.h:27,\n                 from RcppExports.cpp:4:\nC:/Users/runneradmin/AppData/Local/R/shinycoreci/R-4_2_3/Rcpp/include/Rcpp/internal/r_vector.h:42:41: warning: extra ';' [-Wpedantic]\n   42 | RCPP_VECTOR_START_IMPL(LGLSXP,  LOGICAL);\n      |                                         ^\nC:/Users/runneradmin/AppData/Local/R/shinycoreci/R-4_2_3/Rcpp/include/Rcpp/internal/r_vector.h:43:41: warning: extra ';' [-Wpedantic]\n   43 | RCPP_VECTOR_START_IMPL(INTSXP,  INTEGER);\n      |                                         ^\nC:/Users/runneradmin/AppData/Local/R/shinycoreci/R-4_2_3/Rcpp/include/Rcpp/internal/r_vector.h:44:37: warning: extra ';' [-Wpedantic]\n   44 | RCPP_VECTOR_START_IMPL(RAWSXP,  RAW);\n      |                                     ^\nC:/Users/runneradmin/AppData/Local/R/shinycoreci/R-4_2_3/Rcpp/include/Rcpp/internal/r_vector.h:45:41: warning: extra ';' [-Wpedantic]\n   45 | RCPP_VECTOR_START_IMPL(CPLXSXP, COMPLEX);\n      |                                         ^\nC:/Users/runneradmin/AppData/Local/R/shinycoreci/R-4_2_3/Rcpp/include/Rcpp/internal/r_vector.h:46:38: warning: extra ';' [-Wpedantic]\n   46 | RCPP_VECTOR_START_IMPL(REALSXP, REAL);\n      |                                      ^\ng++ -std=gnu++14  -I\"C:/R/include\" -DNDEBUG -D_WIN32_WINNT=0x0600 -DSTRICT_R_HEADERS -I'C:/Users/runneradmin/AppData/Local/R/shinycoreci/R-4_2_3/later/include' -I'C:/Users/runneradmin/AppData/Local/R/shinycoreci/R-4_2_3/Rcpp/include'   -I\"c:/rtools42/x86_64-w64-mingw32.static.posix/include\"   -DSTRICT_R_HEADERS   -O2 -Wall  -mfpmath=sse -msse2 -mstackrealign  -Wall -pedantic -c callbackqueue.cpp -o callbackqueue.o\nIn file included from tqueue.h:7,\n                 from callbackqueue.h:4,\n                 from callbackqueue.cpp:2:\nthread.h:4:10: fatal error: uv.h: No such file or directory\n    4 | #include <uv.h>\n      |          ^~~~~~\ncompilation terminated.\nmake: *** [C:/R/etc/x64/Makeconf:260: callbackqueue.o] Error 1\nmake: *** Waiting for unfinished jobs....\nERROR: compilation failed for package 'httpuv'\n* removing 'C:/Users/RUNNER~1/AppData/Local/Temp/Rtmp8Mc4az/pkg-lib6d852637dbf/httpuv'\n "},{"app_name":"061-server-to-client-custom-messages","status":"can_not_install","result":"Failed to install:\n * shiny\n * shinytest2\n \nError:\n Error : ! in callr subprocess.\nCaused by error: \n! error in pak subprocess\nCaused by error in `stop_task_build(state, worker)`:\n! Failed to build source package httpuv.\nFull installation output:\n* installing *source* package 'httpuv' ...\nstaged installation is only possible with locking\n** using non-staged installation\n\n   **********************************************\n   WARNING: this package has a configure script\n         It probably needs manual configuration\n   **********************************************\n\n\n** libs\ng++ -std=gnu++14  -I\"C:/R/include\" -DNDEBUG -D_WIN32_WINNT=0x0600 -DSTRICT_R_HEADERS -I'C:/Users/runneradmin/AppData/Local/R/shinycoreci/R-4_2_3/later/include' -I'C:/Users/runneradmin/AppData/Local/R/shinycoreci/R-4_2_3/Rcpp/include'   -I\"c:/rtools42/x86_64-w64-mingw32.static.posix/include\"   -DSTRICT_R_HEADERS   -O2 -Wall  -mfpmath=sse -msse2 -mstackrealign  -Wall -pedantic -c RcppExports.cpp -o RcppExports.o\ng++ -std=gnu++14  -I\"C:/R/include\" -DNDEBUG -D_WIN32_WINNT=0x0600 -DSTRICT_R_HEADERS -I'C:/Users/runneradmin/AppData/Local/R/shinycoreci/R-4_2_3/later/include' -I'C:/Users/runneradmin/AppData/Local/R/shinycoreci/R-4_2_3/Rcpp/include'   -I\"c:/rtools42/x86_64-w64-mingw32.static.posix/include\"   -DSTRICT_R_HEADERS   -O2 -Wall  -mfpmath=sse -msse2 -mstackrealign  -Wall -pedantic -c callback.cpp -o callback.o\nIn file included from C:/Users/runneradmin/AppData/Local/R/shinycoreci/R-4_2_3/Rcpp/include/RcppCommon.h:163,\n                 from C:/Users/runneradmin/AppData/Local/R/shinycoreci/R-4_2_3/Rcpp/include/Rcpp.h:27,\n                 from RcppExports.cpp:4:\nC:/Users/runneradmin/AppData/Local/R/shinycoreci/R-4_2_3/Rcpp/include/Rcpp/internal/r_vector.h:42:41: warning: extra ';' [-Wpedantic]\n   42 | RCPP_VECTOR_START_IMPL(LGLSXP,  LOGICAL);\n      |                                         ^\nC:/Users/runneradmin/AppData/Local/R/shinycoreci/R-4_2_3/Rcpp/include/Rcpp/internal/r_vector.h:43:41: warning: extra ';' [-Wpedantic]\n   43 | RCPP_VECTOR_START_IMPL(INTSXP,  INTEGER);\n      |                                         ^\nC:/Users/runneradmin/AppData/Local/R/shinycoreci/R-4_2_3/Rcpp/include/Rcpp/internal/r_vector.h:44:37: warning: extra ';' [-Wpedantic]\n   44 | RCPP_VECTOR_START_IMPL(RAWSXP,  RAW);\n      |                                     ^\nC:/Users/runneradmin/AppData/Local/R/shinycoreci/R-4_2_3/Rcpp/include/Rcpp/internal/r_vector.h:45:41: warning: extra ';' [-Wpedantic]\n   45 | RCPP_VECTOR_START_IMPL(CPLXSXP, COMPLEX);\n      |                                         ^\nC:/Users/runneradmin/AppData/Local/R/shinycoreci/R-4_2_3/Rcpp/include/Rcpp/internal/r_vector.h:46:38: warning: extra ';' [-Wpedantic]\n   46 | RCPP_VECTOR_START_IMPL(REALSXP, REAL);\n      |                                      ^\ng++ -std=gnu++14  -I\"C:/R/include\" -DNDEBUG -D_WIN32_WINNT=0x0600 -DSTRICT_R_HEADERS -I'C:/Users/runneradmin/AppData/Local/R/shinycoreci/R-4_2_3/later/include' -I'C:/Users/runneradmin/AppData/Local/R/shinycoreci/R-4_2_3/Rcpp/include'   -I\"c:/rtools42/x86_64-w64-mingw32.static.posix/include\"   -DSTRICT_R_HEADERS   -O2 -Wall  -mfpmath=sse -msse2 -mstackrealign  -Wall -pedantic -c callbackqueue.cpp -o callbackqueue.o\nIn file included from tqueue.h:7,\n                 from callbackqueue.h:4,\n                 from callbackqueue.cpp:2:\nthread.h:4:10: fatal error: uv.h: No such file or directory\n    4 | #include <uv.h>\n      |          ^~~~~~\ncompilation terminated.\nmake: *** [C:/R/etc/x64/Makeconf:260: callbackqueue.o] Error 1\nmake: *** Waiting for unfinished jobs....\nERROR: compilation failed for package 'httpuv'\n* removing 'C:/Users/RUNNER~1/AppData/Local/Temp/RtmpOCIhqP/pkg-lib4201ba340e0/httpuv'\n "},{"app_name":"062-submitbutton-demo","status":"can_not_install","result":"Failed to install:\n * shiny\n * shinytest2\n \nError:\n Error : ! in callr subprocess.\nCaused by error: \n! error in pak subprocess\nCaused by error in `stop_task_build(state, worker)`:\n! Failed to build source package httpuv.\nFull installation output:\n* installing *source* package 'httpuv' ...\nstaged installation is only possible with locking\n** using non-staged installation\n\n   **********************************************\n   WARNING: this package has a configure script\n         It probably needs manual configuration\n   **********************************************\n\n\n** libs\ng++ -std=gnu++14  -I\"C:/R/include\" -DNDEBUG -D_WIN32_WINNT=0x0600 -DSTRICT_R_HEADERS -I'C:/Users/runneradmin/AppData/Local/R/shinycoreci/R-4_2_3/later/include' -I'C:/Users/runneradmin/AppData/Local/R/shinycoreci/R-4_2_3/Rcpp/include'   -I\"c:/rtools42/x86_64-w64-mingw32.static.posix/include\"   -DSTRICT_R_HEADERS   -O2 -Wall  -mfpmath=sse -msse2 -mstackrealign  -Wall -pedantic -c RcppExports.cpp -o RcppExports.o\ng++ -std=gnu++14  -I\"C:/R/include\" -DNDEBUG -D_WIN32_WINNT=0x0600 -DSTRICT_R_HEADERS -I'C:/Users/runneradmin/AppData/Local/R/shinycoreci/R-4_2_3/later/include' -I'C:/Users/runneradmin/AppData/Local/R/shinycoreci/R-4_2_3/Rcpp/include'   -I\"c:/rtools42/x86_64-w64-mingw32.static.posix/include\"   -DSTRICT_R_HEADERS   -O2 -Wall  -mfpmath=sse -msse2 -mstackrealign  -Wall -pedantic -c callback.cpp -o callback.o\nIn file included from C:/Users/runneradmin/AppData/Local/R/shinycoreci/R-4_2_3/Rcpp/include/RcppCommon.h:163,\n                 from C:/Users/runneradmin/AppData/Local/R/shinycoreci/R-4_2_3/Rcpp/include/Rcpp.h:27,\n                 from RcppExports.cpp:4:\nC:/Users/runneradmin/AppData/Local/R/shinycoreci/R-4_2_3/Rcpp/include/Rcpp/internal/r_vector.h:42:41: warning: extra ';' [-Wpedantic]\n   42 | RCPP_VECTOR_START_IMPL(LGLSXP,  LOGICAL);\n      |                                         ^\nC:/Users/runneradmin/AppData/Local/R/shinycoreci/R-4_2_3/Rcpp/include/Rcpp/internal/r_vector.h:43:41: warning: extra ';' [-Wpedantic]\n   43 | RCPP_VECTOR_START_IMPL(INTSXP,  INTEGER);\n      |                                         ^\nC:/Users/runneradmin/AppData/Local/R/shinycoreci/R-4_2_3/Rcpp/include/Rcpp/internal/r_vector.h:44:37: warning: extra ';' [-Wpedantic]\n   44 | RCPP_VECTOR_START_IMPL(RAWSXP,  RAW);\n      |                                     ^\nC:/Users/runneradmin/AppData/Local/R/shinycoreci/R-4_2_3/Rcpp/include/Rcpp/internal/r_vector.h:45:41: warning: extra ';' [-Wpedantic]\n   45 | RCPP_VECTOR_START_IMPL(CPLXSXP, COMPLEX);\n      |                                         ^\nC:/Users/runneradmin/AppData/Local/R/shinycoreci/R-4_2_3/Rcpp/include/Rcpp/internal/r_vector.h:46:38: warning: extra ';' [-Wpedantic]\n   46 | RCPP_VECTOR_START_IMPL(REALSXP, REAL);\n      |                                      ^\ng++ -std=gnu++14  -I\"C:/R/include\" -DNDEBUG -D_WIN32_WINNT=0x0600 -DSTRICT_R_HEADERS -I'C:/Users/runneradmin/AppData/Local/R/shinycoreci/R-4_2_3/later/include' -I'C:/Users/runneradmin/AppData/Local/R/shinycoreci/R-4_2_3/Rcpp/include'   -I\"c:/rtools42/x86_64-w64-mingw32.static.posix/include\"   -DSTRICT_R_HEADERS   -O2 -Wall  -mfpmath=sse -msse2 -mstackrealign  -Wall -pedantic -c callbackqueue.cpp -o callbackqueue.o\nIn file included from tqueue.h:7,\n                 from callbackqueue.h:4,\n                 from callbackqueue.cpp:2:\nthread.h:4:10: fatal error: uv.h: No such file or directory\n    4 | #include <uv.h>\n      |          ^~~~~~\ncompilation terminated.\nmake: *** [C:/R/etc/x64/Makeconf:260: callbackqueue.o] Error 1\nmake: *** Waiting for unfinished jobs....\nERROR: compilation failed for package 'httpuv'\n* removing 'C:/Users/RUNNER~1/AppData/Local/Temp/RtmpwhW8ua/pkg-lib428151910b5/httpuv'\n "},{"app_name":"063-superzip-example","status":"can_not_install","result":"Failed to install:\n * dplyr\n * DT\n * leaflet\n * RColorBrewer\n * scales\n * shiny\n * shinytest2\n \nError:\n Error : ! in callr subprocess.\nCaused by error: \n! error in pak subprocess\nCaused by error in `stop_task_build(state, worker)`:\n! Failed to build source package crosstalk.\nFull installation output:\nError in rawToChar(block[seq_len(ns)]) : \n  embedded nul in string: 'PK\\003\\004\\n\\0\\0\\0\\0\\0\\027*EZ\\0\\0\\0\\0\\0\\0\\0\\0\\0\\0\\0\\0\\n\\0\\0\\0crosstalk/PK\\003\\004\\024\\0\\002\\0\\b\\0\\025*EZ\\xe6\\n\\031\\xc8\\xd8\\004\\0\\0\\x9b\\f\\0\\0\\025\\0\\0\\0crosstalk/DESCRIPTION\\xa5W\\xdbr\\0329\\020}\\xa7'\n "},{"app_name":"065-update-input-demo","status":"can_not_install","result":"Failed to install:\n * shiny\n * shinytest2\n \nError:\n Error : ! in callr subprocess.\nCaused by error: \n! error in pak subprocess\nCaused by error in `stop_task_build(state, worker)`:\n! Failed to build source package httpuv.\nFull installation output:\n* installing *source* package 'httpuv' ...\nstaged installation is only possible with locking\n** using non-staged installation\n\n   **********************************************\n   WARNING: this package has a configure script\n         It probably needs manual configuration\n   **********************************************\n\n\n** libs\ng++ -std=gnu++14  -I\"C:/R/include\" -DNDEBUG -D_WIN32_WINNT=0x0600 -DSTRICT_R_HEADERS -I'C:/Users/runneradmin/AppData/Local/R/shinycoreci/R-4_2_3/later/include' -I'C:/Users/runneradmin/AppData/Local/R/shinycoreci/R-4_2_3/Rcpp/include'   -I\"c:/rtools42/x86_64-w64-mingw32.static.posix/include\"   -DSTRICT_R_HEADERS   -O2 -Wall  -mfpmath=sse -msse2 -mstackrealign  -Wall -pedantic -c RcppExports.cpp -o RcppExports.o\ng++ -std=gnu++14  -I\"C:/R/include\" -DNDEBUG -D_WIN32_WINNT=0x0600 -DSTRICT_R_HEADERS -I'C:/Users/runneradmin/AppData/Local/R/shinycoreci/R-4_2_3/later/include' -I'C:/Users/runneradmin/AppData/Local/R/shinycoreci/R-4_2_3/Rcpp/include'   -I\"c:/rtools42/x86_64-w64-mingw32.static.posix/include\"   -DSTRICT_R_HEADERS   -O2 -Wall  -mfpmath=sse -msse2 -mstackrealign  -Wall -pedantic -c callback.cpp -o callback.o\nIn file included from C:/Users/runneradmin/AppData/Local/R/shinycoreci/R-4_2_3/Rcpp/include/RcppCommon.h:163,\n                 from C:/Users/runneradmin/AppData/Local/R/shinycoreci/R-4_2_3/Rcpp/include/Rcpp.h:27,\n                 from RcppExports.cpp:4:\nC:/Users/runneradmin/AppData/Local/R/shinycoreci/R-4_2_3/Rcpp/include/Rcpp/internal/r_vector.h:42:41: warning: extra ';' [-Wpedantic]\n   42 | RCPP_VECTOR_START_IMPL(LGLSXP,  LOGICAL);\n      |                                         ^\nC:/Users/runneradmin/AppData/Local/R/shinycoreci/R-4_2_3/Rcpp/include/Rcpp/internal/r_vector.h:43:41: warning: extra ';' [-Wpedantic]\n   43 | RCPP_VECTOR_START_IMPL(INTSXP,  INTEGER);\n      |                                         ^\nC:/Users/runneradmin/AppData/Local/R/shinycoreci/R-4_2_3/Rcpp/include/Rcpp/internal/r_vector.h:44:37: warning: extra ';' [-Wpedantic]\n   44 | RCPP_VECTOR_START_IMPL(RAWSXP,  RAW);\n      |                                     ^\nC:/Users/runneradmin/AppData/Local/R/shinycoreci/R-4_2_3/Rcpp/include/Rcpp/internal/r_vector.h:45:41: warning: extra ';' [-Wpedantic]\n   45 | RCPP_VECTOR_START_IMPL(CPLXSXP, COMPLEX);\n      |                                         ^\nC:/Users/runneradmin/AppData/Local/R/shinycoreci/R-4_2_3/Rcpp/include/Rcpp/internal/r_vector.h:46:38: warning: extra ';' [-Wpedantic]\n   46 | RCPP_VECTOR_START_IMPL(REALSXP, REAL);\n      |                                      ^\ng++ -std=gnu++14  -I\"C:/R/include\" -DNDEBUG -D_WIN32_WINNT=0x0600 -DSTRICT_R_HEADERS -I'C:/Users/runneradmin/AppData/Local/R/shinycoreci/R-4_2_3/later/include' -I'C:/Users/runneradmin/AppData/Local/R/shinycoreci/R-4_2_3/Rcpp/include'   -I\"c:/rtools42/x86_64-w64-mingw32.static.posix/include\"   -DSTRICT_R_HEADERS   -O2 -Wall  -mfpmath=sse -msse2 -mstackrealign  -Wall -pedantic -c callbackqueue.cpp -o callbackqueue.o\nIn file included from tqueue.h:7,\n                 from callbackqueue.h:4,\n                 from callbackqueue.cpp:2:\nthread.h:4:10: fatal error: uv.h: No such file or directory\n    4 | #include <uv.h>\n      |          ^~~~~~\ncompilation terminated.\nmake: *** [C:/R/etc/x64/Makeconf:260: callbackqueue.o] Error 1\nmake: *** Waiting for unfinished jobs....\nERROR: compilation failed for package 'httpuv'\n* removing 'C:/Users/RUNNER~1/AppData/Local/Temp/Rtmp4WhKCO/pkg-libad4448546df/httpuv'\n "},{"app_name":"066-upload-file","status":"can_not_install","result":"Failed to install:\n * shiny\n * shinytest2\n \nError:\n Error : ! in callr subprocess.\nCaused by error: \n! error in pak subprocess\nCaused by error in `stop_task_build(state, worker)`:\n! Failed to build source package httpuv.\nFull installation output:\n* installing *source* package 'httpuv' ...\nstaged installation is only possible with locking\n** using non-staged installation\n\n   **********************************************\n   WARNING: this package has a configure script\n         It probably needs manual configuration\n   **********************************************\n\n\n** libs\ng++ -std=gnu++14  -I\"C:/R/include\" -DNDEBUG -D_WIN32_WINNT=0x0600 -DSTRICT_R_HEADERS -I'C:/Users/runneradmin/AppData/Local/R/shinycoreci/R-4_2_3/later/include' -I'C:/Users/runneradmin/AppData/Local/R/shinycoreci/R-4_2_3/Rcpp/include'   -I\"c:/rtools42/x86_64-w64-mingw32.static.posix/include\"   -DSTRICT_R_HEADERS   -O2 -Wall  -mfpmath=sse -msse2 -mstackrealign  -Wall -pedantic -c RcppExports.cpp -o RcppExports.o\ng++ -std=gnu++14  -I\"C:/R/include\" -DNDEBUG -D_WIN32_WINNT=0x0600 -DSTRICT_R_HEADERS -I'C:/Users/runneradmin/AppData/Local/R/shinycoreci/R-4_2_3/later/include' -I'C:/Users/runneradmin/AppData/Local/R/shinycoreci/R-4_2_3/Rcpp/include'   -I\"c:/rtools42/x86_64-w64-mingw32.static.posix/include\"   -DSTRICT_R_HEADERS   -O2 -Wall  -mfpmath=sse -msse2 -mstackrealign  -Wall -pedantic -c callback.cpp -o callback.o\nIn file included from C:/Users/runneradmin/AppData/Local/R/shinycoreci/R-4_2_3/Rcpp/include/RcppCommon.h:163,\n                 from C:/Users/runneradmin/AppData/Local/R/shinycoreci/R-4_2_3/Rcpp/include/Rcpp.h:27,\n                 from RcppExports.cpp:4:\nC:/Users/runneradmin/AppData/Local/R/shinycoreci/R-4_2_3/Rcpp/include/Rcpp/internal/r_vector.h:42:41: warning: extra ';' [-Wpedantic]\n   42 | RCPP_VECTOR_START_IMPL(LGLSXP,  LOGICAL);\n      |                                         ^\nC:/Users/runneradmin/AppData/Local/R/shinycoreci/R-4_2_3/Rcpp/include/Rcpp/internal/r_vector.h:43:41: warning: extra ';' [-Wpedantic]\n   43 | RCPP_VECTOR_START_IMPL(INTSXP,  INTEGER);\n      |                                         ^\nC:/Users/runneradmin/AppData/Local/R/shinycoreci/R-4_2_3/Rcpp/include/Rcpp/internal/r_vector.h:44:37: warning: extra ';' [-Wpedantic]\n   44 | RCPP_VECTOR_START_IMPL(RAWSXP,  RAW);\n      |                                     ^\nC:/Users/runneradmin/AppData/Local/R/shinycoreci/R-4_2_3/Rcpp/include/Rcpp/internal/r_vector.h:45:41: warning: extra ';' [-Wpedantic]\n   45 | RCPP_VECTOR_START_IMPL(CPLXSXP, COMPLEX);\n      |                                         ^\nC:/Users/runneradmin/AppData/Local/R/shinycoreci/R-4_2_3/Rcpp/include/Rcpp/internal/r_vector.h:46:38: warning: extra ';' [-Wpedantic]\n   46 | RCPP_VECTOR_START_IMPL(REALSXP, REAL);\n      |                                      ^\ng++ -std=gnu++14  -I\"C:/R/include\" -DNDEBUG -D_WIN32_WINNT=0x0600 -DSTRICT_R_HEADERS -I'C:/Users/runneradmin/AppData/Local/R/shinycoreci/R-4_2_3/later/include' -I'C:/Users/runneradmin/AppData/Local/R/shinycoreci/R-4_2_3/Rcpp/include'   -I\"c:/rtools42/x86_64-w64-mingw32.static.posix/include\"   -DSTRICT_R_HEADERS   -O2 -Wall  -mfpmath=sse -msse2 -mstackrealign  -Wall -pedantic -c callbackqueue.cpp -o callbackqueue.o\nIn file included from tqueue.h:7,\n                 from callbackqueue.h:4,\n                 from callbackqueue.cpp:2:\nthread.h:4:10: fatal error: uv.h: No such file or directory\n    4 | #include <uv.h>\n      |          ^~~~~~\ncompilation terminated.\nmake: *** [C:/R/etc/x64/Makeconf:260: callbackqueue.o] Error 1\nmake: *** Waiting for unfinished jobs....\nERROR: compilation failed for package 'httpuv'\n* removing 'C:/Users/RUNNER~1/AppData/Local/Temp/Rtmp6LSJNn/pkg-liba9848d21902/httpuv'\n "},{"app_name":"081-widgets-gallery","status":"can_not_install","result":"Failed to install:\n * shiny\n * shinytest2\n \nError:\n Error : ! in callr subprocess.\nCaused by error: \n! error in pak subprocess\nCaused by error in `stop_task_build(state, worker)`:\n! Failed to build source package httpuv.\nFull installation output:\n* installing *source* package 'httpuv' ...\nstaged installation is only possible with locking\n** using non-staged installation\n\n   **********************************************\n   WARNING: this package has a configure script\n         It probably needs manual configuration\n   **********************************************\n\n\n** libs\ng++ -std=gnu++14  -I\"C:/R/include\" -DNDEBUG -D_WIN32_WINNT=0x0600 -DSTRICT_R_HEADERS -I'C:/Users/runneradmin/AppData/Local/R/shinycoreci/R-4_2_3/later/include' -I'C:/Users/runneradmin/AppData/Local/R/shinycoreci/R-4_2_3/Rcpp/include'   -I\"c:/rtools42/x86_64-w64-mingw32.static.posix/include\"   -DSTRICT_R_HEADERS   -O2 -Wall  -mfpmath=sse -msse2 -mstackrealign  -Wall -pedantic -c RcppExports.cpp -o RcppExports.o\ng++ -std=gnu++14  -I\"C:/R/include\" -DNDEBUG -D_WIN32_WINNT=0x0600 -DSTRICT_R_HEADERS -I'C:/Users/runneradmin/AppData/Local/R/shinycoreci/R-4_2_3/later/include' -I'C:/Users/runneradmin/AppData/Local/R/shinycoreci/R-4_2_3/Rcpp/include'   -I\"c:/rtools42/x86_64-w64-mingw32.static.posix/include\"   -DSTRICT_R_HEADERS   -O2 -Wall  -mfpmath=sse -msse2 -mstackrealign  -Wall -pedantic -c callback.cpp -o callback.o\nIn file included from C:/Users/runneradmin/AppData/Local/R/shinycoreci/R-4_2_3/Rcpp/include/RcppCommon.h:163,\n                 from C:/Users/runneradmin/AppData/Local/R/shinycoreci/R-4_2_3/Rcpp/include/Rcpp.h:27,\n                 from RcppExports.cpp:4:\nC:/Users/runneradmin/AppData/Local/R/shinycoreci/R-4_2_3/Rcpp/include/Rcpp/internal/r_vector.h:42:41: warning: extra ';' [-Wpedantic]\n   42 | RCPP_VECTOR_START_IMPL(LGLSXP,  LOGICAL);\n      |                                         ^\nC:/Users/runneradmin/AppData/Local/R/shinycoreci/R-4_2_3/Rcpp/include/Rcpp/internal/r_vector.h:43:41: warning: extra ';' [-Wpedantic]\n   43 | RCPP_VECTOR_START_IMPL(INTSXP,  INTEGER);\n      |                                         ^\nC:/Users/runneradmin/AppData/Local/R/shinycoreci/R-4_2_3/Rcpp/include/Rcpp/internal/r_vector.h:44:37: warning: extra ';' [-Wpedantic]\n   44 | RCPP_VECTOR_START_IMPL(RAWSXP,  RAW);\n      |                                     ^\nC:/Users/runneradmin/AppData/Local/R/shinycoreci/R-4_2_3/Rcpp/include/Rcpp/internal/r_vector.h:45:41: warning: extra ';' [-Wpedantic]\n   45 | RCPP_VECTOR_START_IMPL(CPLXSXP, COMPLEX);\n      |                                         ^\nC:/Users/runneradmin/AppData/Local/R/shinycoreci/R-4_2_3/Rcpp/include/Rcpp/internal/r_vector.h:46:38: warning: extra ';' [-Wpedantic]\n   46 | RCPP_VECTOR_START_IMPL(REALSXP, REAL);\n      |                                      ^\ng++ -std=gnu++14  -I\"C:/R/include\" -DNDEBUG -D_WIN32_WINNT=0x0600 -DSTRICT_R_HEADERS -I'C:/Users/runneradmin/AppData/Local/R/shinycoreci/R-4_2_3/later/include' -I'C:/Users/runneradmin/AppData/Local/R/shinycoreci/R-4_2_3/Rcpp/include'   -I\"c:/rtools42/x86_64-w64-mingw32.static.posix/include\"   -DSTRICT_R_HEADERS   -O2 -Wall  -mfpmath=sse -msse2 -mstackrealign  -Wall -pedantic -c callbackqueue.cpp -o callbackqueue.o\nIn file included from tqueue.h:7,\n                 from callbackqueue.h:4,\n                 from callbackqueue.cpp:2:\nthread.h:4:10: fatal error: uv.h: No such file or directory\n    4 | #include <uv.h>\n      |          ^~~~~~\ncompilation terminated.\nmake: *** [C:/R/etc/x64/Makeconf:260: callbackqueue.o] Error 1\nmake: *** Waiting for unfinished jobs....\nERROR: compilation failed for package 'httpuv'\n* removing 'C:/Users/RUNNER~1/AppData/Local/Temp/RtmpusWRjN/pkg-lib9c83fff3e30/httpuv'\n "},{"app_name":"082-word-cloud","status":"can_not_install","result":"Failed to install:\n * BH\n * memoise\n * shiny\n * shinytest2\n * tm\n * wordcloud\n \nError:\n Error : ! in callr subprocess.\nCaused by error: \n! error in pak subprocess\nCaused by error in `stop_task_build(state, worker)`:\n! Failed to build source package httpuv.\nFull installation output:\n* installing *source* package 'httpuv' ...\nstaged installation is only possible with locking\n** using non-staged installation\n\n   **********************************************\n   WARNING: this package has a configure script\n         It probably needs manual configuration\n   **********************************************\n\n\n** libs\ng++ -std=gnu++14  -I\"C:/R/include\" -DNDEBUG -D_WIN32_WINNT=0x0600 -DSTRICT_R_HEADERS -I'C:/Users/runneradmin/AppData/Local/R/shinycoreci/R-4_2_3/later/include' -I'C:/Users/runneradmin/AppData/Local/R/shinycoreci/R-4_2_3/Rcpp/include'   -I\"c:/rtools42/x86_64-w64-mingw32.static.posix/include\"   -DSTRICT_R_HEADERS   -O2 -Wall  -mfpmath=sse -msse2 -mstackrealign  -Wall -pedantic -c RcppExports.cpp -o RcppExports.o\ng++ -std=gnu++14  -I\"C:/R/include\" -DNDEBUG -D_WIN32_WINNT=0x0600 -DSTRICT_R_HEADERS -I'C:/Users/runneradmin/AppData/Local/R/shinycoreci/R-4_2_3/later/include' -I'C:/Users/runneradmin/AppData/Local/R/shinycoreci/R-4_2_3/Rcpp/include'   -I\"c:/rtools42/x86_64-w64-mingw32.static.posix/include\"   -DSTRICT_R_HEADERS   -O2 -Wall  -mfpmath=sse -msse2 -mstackrealign  -Wall -pedantic -c callback.cpp -o callback.o\nIn file included from C:/Users/runneradmin/AppData/Local/R/shinycoreci/R-4_2_3/Rcpp/include/RcppCommon.h:163,\n                 from C:/Users/runneradmin/AppData/Local/R/shinycoreci/R-4_2_3/Rcpp/include/Rcpp.h:27,\n                 from RcppExports.cpp:4:\nC:/Users/runneradmin/AppData/Local/R/shinycoreci/R-4_2_3/Rcpp/include/Rcpp/internal/r_vector.h:42:41: warning: extra ';' [-Wpedantic]\n   42 | RCPP_VECTOR_START_IMPL(LGLSXP,  LOGICAL);\n      |                                         ^\nC:/Users/runneradmin/AppData/Local/R/shinycoreci/R-4_2_3/Rcpp/include/Rcpp/internal/r_vector.h:43:41: warning: extra ';' [-Wpedantic]\n   43 | RCPP_VECTOR_START_IMPL(INTSXP,  INTEGER);\n      |                                         ^\nC:/Users/runneradmin/AppData/Local/R/shinycoreci/R-4_2_3/Rcpp/include/Rcpp/internal/r_vector.h:44:37: warning: extra ';' [-Wpedantic]\n   44 | RCPP_VECTOR_START_IMPL(RAWSXP,  RAW);\n      |                                     ^\nC:/Users/runneradmin/AppData/Local/R/shinycoreci/R-4_2_3/Rcpp/include/Rcpp/internal/r_vector.h:45:41: warning: extra ';' [-Wpedantic]\n   45 | RCPP_VECTOR_START_IMPL(CPLXSXP, COMPLEX);\n      |                                         ^\nC:/Users/runneradmin/AppData/Local/R/shinycoreci/R-4_2_3/Rcpp/include/Rcpp/internal/r_vector.h:46:38: warning: extra ';' [-Wpedantic]\n   46 | RCPP_VECTOR_START_IMPL(REALSXP, REAL);\n      |                                      ^\ng++ -std=gnu++14  -I\"C:/R/include\" -DNDEBUG -D_WIN32_WINNT=0x0600 -DSTRICT_R_HEADERS -I'C:/Users/runneradmin/AppData/Local/R/shinycoreci/R-4_2_3/later/include' -I'C:/Users/runneradmin/AppData/Local/R/shinycoreci/R-4_2_3/Rcpp/include'   -I\"c:/rtools42/x86_64-w64-mingw32.static.posix/include\"   -DSTRICT_R_HEADERS   -O2 -Wall  -mfpmath=sse -msse2 -mstackrealign  -Wall -pedantic -c callbackqueue.cpp -o callbackqueue.o\nIn file included from tqueue.h:7,\n                 from callbackqueue.h:4,\n                 from callbackqueue.cpp:2:\nthread.h:4:10: fatal error: uv.h: No such file or directory\n    4 | #include <uv.h>\n      |          ^~~~~~\ncompilation terminated.\nmake: *** [C:/R/etc/x64/Makeconf:260: callbackqueue.o] Error 1\nmake: *** Waiting for unfinished jobs....\nERROR: compilation failed for package 'httpuv'\n* removing 'C:/Users/RUNNER~1/AppData/Local/Temp/Rtmp6dgr3d/pkg-lib169450c6191e/httpuv'\n "},{"app_name":"108-module-output","status":"can_not_install","result":"Failed to install:\n * dplyr\n * ggplot2\n * shiny\n * shinytest2\n \nError:\n Error : ! in callr subprocess.\nCaused by error: \n! error in pak subprocess\nCaused by error in `stop_task_build(state, worker)`:\n! Failed to build source package chromote.\nFull installation output:\nError in rawToChar(block[seq_len(ns)]) : \n  embedded nul in string: 'PK\\003\\004\\n\\0\\0\\0\\0\\0g+EZ\\0\\0\\0\\0\\0\\0\\0\\0\\0\\0\\0\\0\\t\\0\\0\\0chromote/PK\\003\\004\\024\\0\\002\\0\\b\\0e+EZE\\x9a\\xcb\\003\\0\\01\\a\\0\\0\\024\\0\\0\\0chromote/DESCRIPTION\\xadU\\xdbN\\xe3H\\020}\\xb7\\xe4\\177'\n "},{"app_name":"109-render-table","status":"can_not_install","result":"Failed to install:\n * shiny\n * shinytest2\n \nError:\n Error : ! in callr subprocess.\nCaused by error: \n! error in pak subprocess\nCaused by error in `stop_task_build(state, worker)`:\n! Failed to build source package chromote.\nFull installation output:\nError in rawToChar(block[seq_len(ns)]) : \n  embedded nul in string: 'PK\\003\\004\\n\\0\\0\\0\\0\\0g+EZ\\0\\0\\0\\0\\0\\0\\0\\0\\0\\0\\0\\0\\t\\0\\0\\0chromote/PK\\003\\004\\024\\0\\002\\0\\b\\0e+EZE\\x9a\\xcb\\003\\0\\01\\a\\0\\0\\024\\0\\0\\0chromote/DESCRIPTION\\xadU\\xdbN\\xe3H\\020}\\xb7\\xe4\\177'\n "},{"app_name":"110-error-sanitization","status":"can_not_install","result":"Failed to install:\n * shiny\n * shinytest2\n \nError:\n Error : ! in callr subprocess.\nCaused by error: \n! error in pak subprocess\nCaused by error in `stop_task_build(state, worker)`:\n! Failed to build source package chromote.\nFull installation output:\nError in rawToChar(block[seq_len(ns)]) : \n  embedded nul in string: 'PK\\003\\004\\n\\0\\0\\0\\0\\0g+EZ\\0\\0\\0\\0\\0\\0\\0\\0\\0\\0\\0\\0\\t\\0\\0\\0chromote/PK\\003\\004\\024\\0\\002\\0\\b\\0e+EZE\\x9a\\xcb\\003\\0\\01\\a\\0\\0\\024\\0\\0\\0chromote/DESCRIPTION\\xadU\\xdbN\\xe3H\\020}\\xb7\\xe4\\177'\n "},{"app_name":"111-insert-ui","status":"can_not_install","result":"Failed to install:\n * shiny\n * shinytest2\n \nError:\n Error : ! in callr subprocess.\nCaused by error: \n! error in pak subprocess\nCaused by error in `stop_task_build(state, worker)`:\n! Failed to build source package chromote.\nFull installation output:\nError in rawToChar(block[seq_len(ns)]) : \n  embedded nul in string: 'PK\\003\\004\\n\\0\\0\\0\\0\\0g+EZ\\0\\0\\0\\0\\0\\0\\0\\0\\0\\0\\0\\0\\t\\0\\0\\0chromote/PK\\003\\004\\024\\0\\002\\0\\b\\0e+EZE\\x9a\\xcb\\003\\0\\01\\a\\0\\0\\024\\0\\0\\0chromote/DESCRIPTION\\xadU\\xdbN\\xe3H\\020}\\xb7\\xe4\\177'\n "},{"app_name":"112-generate-report","status":"can_not_install","result":"Failed to install:\n * rmarkdown\n * shiny\n * shinytest2\n \nError:\n Error : ! in callr subprocess.\nCaused by error: \n! error in pak subprocess\nCaused by error in `stop_task_build(state, worker)`:\n! Failed to build source package chromote.\nFull installation output:\nError in rawToChar(block[seq_len(ns)]) : \n  embedded nul in string: 'PK\\003\\004\\n\\0\\0\\0\\0\\0g+EZ\\0\\0\\0\\0\\0\\0\\0\\0\\0\\0\\0\\0\\t\\0\\0\\0chromote/PK\\003\\004\\024\\0\\002\\0\\b\\0e+EZE\\x9a\\xcb\\003\\0\\01\\a\\0\\0\\024\\0\\0\\0chromote/DESCRIPTION\\xadU\\xdbN\\xe3H\\020}\\xb7\\xe4\\177'\n "},{"app_name":"114-modal-dialog","status":"can_not_install","result":"Failed to install:\n * shiny\n * shinytest2\n \nError:\n Error : ! in callr subprocess.\nCaused by error: \n! error in pak subprocess\nCaused by error in `stop_task_build(state, worker)`:\n! Failed to build source package chromote.\nFull installation output:\nError in rawToChar(block[seq_len(ns)]) : \n  embedded nul in string: 'PK\\003\\004\\n\\0\\0\\0\\0\\0g+EZ\\0\\0\\0\\0\\0\\0\\0\\0\\0\\0\\0\\0\\t\\0\\0\\0chromote/PK\\003\\004\\024\\0\\002\\0\\b\\0e+EZE\\x9a\\xcb\\003\\0\\01\\a\\0\\0\\024\\0\\0\\0chromote/DESCRIPTION\\xadU\\xdbN\\xe3H\\020}\\xb7\\xe4\\177'\n "},{"app_name":"115-remove-modal","status":"can_not_install","result":"Failed to install:\n * bslib\n * shiny\n * shinytest2\n \nError:\n Error : ! in callr subprocess.\nCaused by error: \n! error in pak subprocess\nCaused by error in `stop_task_build(state, worker)`:\n! Failed to build source package chromote.\nFull installation output:\nError in rawToChar(block[seq_len(ns)]) : \n  embedded nul in string: 'PK\\003\\004\\n\\0\\0\\0\\0\\0g+EZ\\0\\0\\0\\0\\0\\0\\0\\0\\0\\0\\0\\0\\t\\0\\0\\0chromote/PK\\003\\004\\024\\0\\002\\0\\b\\0e+EZE\\x9a\\xcb\\003\\0\\01\\a\\0\\0\\024\\0\\0\\0chromote/DESCRIPTION\\xadU\\xdbN\\xe3H\\020}\\xb7\\xe4\\177'\n "},{"app_name":"117-shinythemes","status":"can_not_install","result":"Failed to install:\n * shiny\n * shinytest2\n * shinythemes\n \nError:\n Error : ! in callr subprocess.\nCaused by error: \n! error in pak subprocess\nCaused by error in `stop_task_build(state, worker)`:\n! Failed to build source package chromote.\nFull installation output:\nError in rawToChar(block[seq_len(ns)]) : \n  embedded nul in string: 'PK\\003\\004\\n\\0\\0\\0\\0\\0g+EZ\\0\\0\\0\\0\\0\\0\\0\\0\\0\\0\\0\\0\\t\\0\\0\\0chromote/PK\\003\\004\\024\\0\\002\\0\\b\\0e+EZE\\x9a\\xcb\\003\\0\\01\\a\\0\\0\\024\\0\\0\\0chromote/DESCRIPTION\\xadU\\xdbN\\xe3H\\020}\\xb7\\xe4\\177'\n "},{"app_name":"118-highcharter-births","status":"can_not_install","result":"Failed to install:\n * dplyr\n * highcharter\n * shiny\n * shinytest2\n * tidyr\n \nError:\n Error : ! in callr subprocess.\nCaused by error: \n! error in pak subprocess\nCaused by error in `stop_task_build(state, worker)`:\n! Failed to build source package chromote.\nFull installation output:\nError in rawToChar(block[seq_len(ns)]) : \n  embedded nul in string: 'PK\\003\\004\\n\\0\\0\\0\\0\\0g+EZ\\0\\0\\0\\0\\0\\0\\0\\0\\0\\0\\0\\0\\t\\0\\0\\0chromote/PK\\003\\004\\024\\0\\002\\0\\b\\0e+EZE\\x9a\\xcb\\003\\0\\01\\a\\0\\0\\024\\0\\0\\0chromote/DESCRIPTION\\xadU\\xdbN\\xe3H\\020}\\xb7\\xe4\\177'\n "},{"app_name":"119-namespaced-conditionalpanel-demo","status":"can_not_install","result":"Failed to install:\n * shiny\n * shinytest2\n \nError:\n Error : ! in callr subprocess.\nCaused by error: \n! error in pak subprocess\nCaused by error in `stop_task_build(state, worker)`:\n! Failed to build source package chromote.\nFull installation output:\nError in rawToChar(block[seq_len(ns)]) : \n  embedded nul in string: 'PK\\003\\004\\n\\0\\0\\0\\0\\0g+EZ\\0\\0\\0\\0\\0\\0\\0\\0\\0\\0\\0\\0\\t\\0\\0\\0chromote/PK\\003\\004\\024\\0\\002\\0\\b\\0e+EZE\\x9a\\xcb\\003\\0\\01\\a\\0\\0\\024\\0\\0\\0chromote/DESCRIPTION\\xadU\\xdbN\\xe3H\\020}\\xb7\\xe4\\177'\n "},{"app_name":"121-async-timer","status":"can_not_install","result":"Failed to install:\n * future\n * magrittr\n * promises\n * shiny\n * shinyjster\n * shinytest2\n \nError:\n Error : ! in callr subprocess.\nCaused by error: \n! error in pak subprocess\nCaused by error in `stop_task_build(state, worker)`:\n! Failed to build source package chromote.\nFull installation output:\nError in rawToChar(block[seq_len(ns)]) : \n  embedded nul in string: 'PK\\003\\004\\n\\0\\0\\0\\0\\0g+EZ\\0\\0\\0\\0\\0\\0\\0\\0\\0\\0\\0\\0\\t\\0\\0\\0chromote/PK\\003\\004\\024\\0\\002\\0\\b\\0e+EZE\\x9a\\xcb\\003\\0\\01\\a\\0\\0\\024\\0\\0\\0chromote/DESCRIPTION\\xadU\\xdbN\\xe3H\\020}\\xb7\\xe4\\177'\n "},{"app_name":"122-async-outputs","status":"can_not_install","result":"Failed to install:\n * future\n * htmltools\n * promises\n * shiny\n * shinyjster\n * shinytest2\n \nError:\n Error : ! in callr subprocess.\nCaused by error: \n! error in pak subprocess\nCaused by error in `stop_task_build(state, worker)`:\n! Failed to build source package chromote.\nFull installation output:\nError in rawToChar(block[seq_len(ns)]) : \n  embedded nul in string: 'PK\\003\\004\\n\\0\\0\\0\\0\\0g+EZ\\0\\0\\0\\0\\0\\0\\0\\0\\0\\0\\0\\0\\t\\0\\0\\0chromote/PK\\003\\004\\024\\0\\002\\0\\b\\0e+EZE\\x9a\\xcb\\003\\0\\01\\a\\0\\0\\024\\0\\0\\0chromote/DESCRIPTION\\xadU\\xdbN\\xe3H\\020}\\xb7\\xe4\\177'\n "},{"app_name":"123-async-renderprint","status":"can_not_install","result":"Failed to install:\n * future\n * promises\n * shiny\n * shinyjster\n * shinytest2\n \nError:\n Error : ! in callr subprocess.\nCaused by error: \n! error in pak subprocess\nCaused by error in `stop_task_build(state, worker)`:\n! Failed to build source package chromote.\nFull installation output:\nError in rawToChar(block[seq_len(ns)]) : \n  embedded nul in string: 'PK\\003\\004\\n\\0\\0\\0\\0\\0g+EZ\\0\\0\\0\\0\\0\\0\\0\\0\\0\\0\\0\\0\\t\\0\\0\\0chromote/PK\\003\\004\\024\\0\\002\\0\\b\\0e+EZE\\x9a\\xcb\\003\\0\\01\\a\\0\\0\\024\\0\\0\\0chromote/DESCRIPTION\\xadU\\xdbN\\xe3H\\020}\\xb7\\xe4\\177'\n "},{"app_name":"124-async-download","status":"can_not_install","result":"Failed to install:\n * future\n * promises\n * shiny\n * shinyjster\n * shinytest2\n \nError:\n Error : ! in callr subprocess.\nCaused by error: \n! error in pak subprocess\nCaused by error in `stop_task_build(state, worker)`:\n! Failed to build source package chromote.\nFull installation output:\nError in rawToChar(block[seq_len(ns)]) : \n  embedded nul in string: 'PK\\003\\004\\n\\0\\0\\0\\0\\0g+EZ\\0\\0\\0\\0\\0\\0\\0\\0\\0\\0\\0\\0\\t\\0\\0\\0chromote/PK\\003\\004\\024\\0\\002\\0\\b\\0e+EZE\\x9a\\xcb\\003\\0\\01\\a\\0\\0\\024\\0\\0\\0chromote/DESCRIPTION\\xadU\\xdbN\\xe3H\\020}\\xb7\\xe4\\177'\n "},{"app_name":"125-async-req","status":"can_not_install","result":"Failed to install:\n * future\n * promises\n * shiny\n * shinyjster\n * shinytest2\n \nError:\n Error : ! in callr subprocess.\nCaused by error: \n! error in pak subprocess\nCaused by error in `stop_task_build(state, worker)`:\n! Failed to build source package chromote.\nFull installation output:\nError in rawToChar(block[seq_len(ns)]) : \n  embedded nul in string: 'PK\\003\\004\\n\\0\\0\\0\\0\\0g+EZ\\0\\0\\0\\0\\0\\0\\0\\0\\0\\0\\0\\0\\t\\0\\0\\0chromote/PK\\003\\004\\024\\0\\002\\0\\b\\0e+EZE\\x9a\\xcb\\003\\0\\01\\a\\0\\0\\024\\0\\0\\0chromote/DESCRIPTION\\xadU\\xdbN\\xe3H\\020}\\xb7\\xe4\\177'\n "},{"app_name":"126-async-ticks","status":"can_not_install","result":"Failed to install:\n * future\n * later\n * promises\n * shiny\n * shinyjster\n * shinytest2\n \nError:\n Error : ! in callr subprocess.\nCaused by error: \n! error in pak subprocess\nCaused by error in `stop_task_build(state, worker)`:\n! Failed to build source package chromote.\nFull installation output:\nError in rawToChar(block[seq_len(ns)]) : \n  embedded nul in string: 'PK\\003\\004\\n\\0\\0\\0\\0\\0g+EZ\\0\\0\\0\\0\\0\\0\\0\\0\\0\\0\\0\\0\\t\\0\\0\\0chromote/PK\\003\\004\\024\\0\\002\\0\\b\\0e+EZE\\x9a\\xcb\\003\\0\\01\\a\\0\\0\\024\\0\\0\\0chromote/DESCRIPTION\\xadU\\xdbN\\xe3H\\020}\\xb7\\xe4\\177'\n "},{"app_name":"128-plot-dim-error","status":"can_not_install","result":"Failed to install:\n * shiny\n * shinyjster\n * shinytest2\n \nError:\n Error : ! in callr subprocess.\nCaused by error: \n! error in pak subprocess\nCaused by error in `stop_task_build(state, worker)`:\n! Failed to build source package chromote.\nFull installation output:\nError in rawToChar(block[seq_len(ns)]) : \n  embedded nul in string: 'PK\\003\\004\\n\\0\\0\\0\\0\\0g+EZ\\0\\0\\0\\0\\0\\0\\0\\0\\0\\0\\0\\0\\t\\0\\0\\0chromote/PK\\003\\004\\024\\0\\002\\0\\b\\0e+EZE\\x9a\\xcb\\003\\0\\01\\a\\0\\0\\024\\0\\0\\0chromote/DESCRIPTION\\xadU\\xdbN\\xe3H\\020}\\xb7\\xe4\\177'\n "},{"app_name":"129-async-perf","status":"can_not_install","result":"Failed to install:\n * future\n * ggplot2\n * promises\n * shiny\n * shinyjster\n * shinytest2\n \nError:\n Error : ! in callr subprocess.\nCaused by error: \n! error in pak subprocess\nCaused by error in `stop_task_build(state, worker)`:\n! Failed to build source package chromote.\nFull installation output:\nError in rawToChar(block[seq_len(ns)]) : \n  embedded nul in string: 'PK\\003\\004\\n\\0\\0\\0\\0\\0g+EZ\\0\\0\\0\\0\\0\\0\\0\\0\\0\\0\\0\\0\\t\\0\\0\\0chromote/PK\\003\\004\\024\\0\\002\\0\\b\\0e+EZE\\x9a\\xcb\\003\\0\\01\\a\\0\\0\\024\\0\\0\\0chromote/DESCRIPTION\\xadU\\xdbN\\xe3H\\020}\\xb7\\xe4\\177'\n "},{"app_name":"130-output-null","status":"can_not_install","result":"Failed to install:\n * shiny\n * shinyjster\n * shinytest2\n \nError:\n Error : ! in callr subprocess.\nCaused by error: \n! error in pak subprocess\nCaused by error in `stop_task_build(state, worker)`:\n! Failed to build source package chromote.\nFull installation output:\nError in rawToChar(block[seq_len(ns)]) : \n  embedded nul in string: 'PK\\003\\004\\n\\0\\0\\0\\0\\0g+EZ\\0\\0\\0\\0\\0\\0\\0\\0\\0\\0\\0\\0\\t\\0\\0\\0chromote/PK\\003\\004\\024\\0\\002\\0\\b\\0e+EZE\\x9a\\xcb\\003\\0\\01\\a\\0\\0\\024\\0\\0\\0chromote/DESCRIPTION\\xadU\\xdbN\\xe3H\\020}\\xb7\\xe4\\177'\n "},{"app_name":"131-renderplot-args","status":"can_not_install","result":"Failed to install:\n * shiny\n * shinyjster\n * shinytest2\n \nError:\n Error : ! in callr subprocess.\nCaused by error: \n! error in pak subprocess\nCaused by error in `stop_task_build(state, worker)`:\n! Failed to build source package chromote.\nFull installation output:\nError in rawToChar(block[seq_len(ns)]) : \n  embedded nul in string: 'PK\\003\\004\\n\\0\\0\\0\\0\\0g+EZ\\0\\0\\0\\0\\0\\0\\0\\0\\0\\0\\0\\0\\t\\0\\0\\0chromote/PK\\003\\004\\024\\0\\002\\0\\b\\0e+EZE\\x9a\\xcb\\003\\0\\01\\a\\0\\0\\024\\0\\0\\0chromote/DESCRIPTION\\xadU\\xdbN\\xe3H\\020}\\xb7\\xe4\\177'\n "},{"app_name":"132-async-events","status":"can_not_install","result":"Failed to install:\n * later\n * promises\n * shiny\n * shinyjster\n * shinytest2\n \nError:\n Error : ! in callr subprocess.\nCaused by error: \n! error in pak subprocess\nCaused by error in `stop_task_build(state, worker)`:\n! Failed to build source package chromote.\nFull installation output:\nError in rawToChar(block[seq_len(ns)]) : \n  embedded nul in string: 'PK\\003\\004\\n\\0\\0\\0\\0\\0g+EZ\\0\\0\\0\\0\\0\\0\\0\\0\\0\\0\\0\\0\\t\\0\\0\\0chromote/PK\\003\\004\\024\\0\\002\\0\\b\\0e+EZE\\x9a\\xcb\\003\\0\\01\\a\\0\\0\\024\\0\\0\\0chromote/DESCRIPTION\\xadU\\xdbN\\xe3H\\020}\\xb7\\xe4\\177'\n "},{"app_name":"133-async-hold-inputs","status":"can_not_install","result":"Failed to install:\n * later\n * promises\n * shiny\n * shinyjster\n * shinytest2\n \nError:\n Error : ! in callr subprocess.\nCaused by error: \n! error in pak subprocess\nCaused by error in `stop_task_build(state, worker)`:\n! Failed to build source package chromote.\nFull installation output:\nError in rawToChar(block[seq_len(ns)]) : \n  embedded nul in string: 'PK\\003\\004\\n\\0\\0\\0\\0\\0g+EZ\\0\\0\\0\\0\\0\\0\\0\\0\\0\\0\\0\\0\\t\\0\\0\\0chromote/PK\\003\\004\\024\\0\\002\\0\\b\\0e+EZE\\x9a\\xcb\\003\\0\\01\\a\\0\\0\\024\\0\\0\\0chromote/DESCRIPTION\\xadU\\xdbN\\xe3H\\020}\\xb7\\xe4\\177'\n "},{"app_name":"134-async-hold-timers","status":"can_not_install","result":"Failed to install:\n * later\n * promises\n * shiny\n * shinyjster\n * shinytest2\n \nError:\n Error : ! in callr subprocess.\nCaused by error: \n! error in pak subprocess\nCaused by error in `stop_task_build(state, worker)`:\n! Failed to build source package chromote.\nFull installation output:\nError in rawToChar(block[seq_len(ns)]) : \n  embedded nul in string: 'PK\\003\\004\\n\\0\\0\\0\\0\\0g+EZ\\0\\0\\0\\0\\0\\0\\0\\0\\0\\0\\0\\0\\t\\0\\0\\0chromote/PK\\003\\004\\024\\0\\002\\0\\b\\0e+EZE\\x9a\\xcb\\003\\0\\01\\a\\0\\0\\024\\0\\0\\0chromote/DESCRIPTION\\xadU\\xdbN\\xe3H\\020}\\xb7\\xe4\\177'\n "},{"app_name":"135-bookmark-uioutput","status":"can_not_install","result":"Failed to install:\n * htmltools\n * promises\n * shiny\n * shinytest2\n \nError:\n Error : ! in callr subprocess.\nCaused by error: \n! error in pak subprocess\nCaused by error in `stop_task_build(state, worker)`:\n! Failed to build source package chromote.\nFull installation output:\nError in rawToChar(block[seq_len(ns)]) : \n  embedded nul in string: 'PK\\003\\004\\n\\0\\0\\0\\0\\0g+EZ\\0\\0\\0\\0\\0\\0\\0\\0\\0\\0\\0\\0\\t\\0\\0\\0chromote/PK\\003\\004\\024\\0\\002\\0\\b\\0e+EZE\\x9a\\xcb\\003\\0\\01\\a\\0\\0\\024\\0\\0\\0chromote/DESCRIPTION\\xadU\\xdbN\\xe3H\\020}\\xb7\\xe4\\177'\n "},{"app_name":"136-plot-cache","status":"can_not_install","result":"Failed to install:\n * shiny\n * shinytest2\n \nError:\n Error : ! in callr subprocess.\nCaused by error: \n! error in pak subprocess\nCaused by error in `stop_task_build(state, worker)`:\n! Failed to build source package chromote.\nFull installation output:\nError in rawToChar(block[seq_len(ns)]) : \n  embedded nul in string: 'PK\\003\\004\\n\\0\\0\\0\\0\\0g+EZ\\0\\0\\0\\0\\0\\0\\0\\0\\0\\0\\0\\0\\t\\0\\0\\0chromote/PK\\003\\004\\024\\0\\002\\0\\b\\0e+EZE\\x9a\\xcb\\003\\0\\01\\a\\0\\0\\024\\0\\0\\0chromote/DESCRIPTION\\xadU\\xdbN\\xe3H\\020}\\xb7\\xe4\\177'\n "},{"app_name":"137-plot-cache-key","status":"can_not_install","result":"Failed to install:\n * shiny\n * shinytest2\n \nError:\n Error : ! in callr subprocess.\nCaused by error: \n! error in pak subprocess\nCaused by error in `stop_task_build(state, worker)`:\n! Failed to build source package chromote.\nFull installation output:\nError in rawToChar(block[seq_len(ns)]) : \n  embedded nul in string: 'PK\\003\\004\\n\\0\\0\\0\\0\\0g+EZ\\0\\0\\0\\0\\0\\0\\0\\0\\0\\0\\0\\0\\t\\0\\0\\0chromote/PK\\003\\004\\024\\0\\002\\0\\b\\0e+EZE\\x9a\\xcb\\003\\0\\01\\a\\0\\0\\024\\0\\0\\0chromote/DESCRIPTION\\xadU\\xdbN\\xe3H\\020}\\xb7\\xe4\\177'\n "},{"app_name":"138-icon-fontawesome","status":"can_not_install","result":"Failed to install:\n * shiny\n * shinytest2\n \nError:\n Error : ! in callr subprocess.\nCaused by error: \n! error in pak subprocess\nCaused by error in `stop_task_build(state, worker)`:\n! Failed to build source package chromote.\nFull installation output:\nError in rawToChar(block[seq_len(ns)]) : \n  embedded nul in string: 'PK\\003\\004\\n\\0\\0\\0\\0\\0g+EZ\\0\\0\\0\\0\\0\\0\\0\\0\\0\\0\\0\\0\\t\\0\\0\\0chromote/PK\\003\\004\\024\\0\\002\\0\\b\\0e+EZE\\x9a\\xcb\\003\\0\\01\\a\\0\\0\\024\\0\\0\\0chromote/DESCRIPTION\\xadU\\xdbN\\xe3H\\020}\\xb7\\xe4\\177'\n "},{"app_name":"140-selectize-inputs","status":"can_not_install","result":"Failed to install:\n * jsonlite\n * shiny\n * shinyjster\n * shinytest2\n \nError:\n Error : ! in callr subprocess.\nCaused by error: \n! error in pak subprocess\nCaused by error in `stop_task_build(state, worker)`:\n! Failed to build source package chromote.\nFull installation output:\nError in rawToChar(block[seq_len(ns)]) : \n  embedded nul in string: 'PK\\003\\004\\n\\0\\0\\0\\0\\0g+EZ\\0\\0\\0\\0\\0\\0\\0\\0\\0\\0\\0\\0\\t\\0\\0\\0chromote/PK\\003\\004\\024\\0\\002\\0\\b\\0e+EZE\\x9a\\xcb\\003\\0\\01\\a\\0\\0\\024\\0\\0\\0chromote/DESCRIPTION\\xadU\\xdbN\\xe3H\\020}\\xb7\\xe4\\177'\n "},{"app_name":"142-reactive-timer","status":"can_not_install","result":"Failed to install:\n * later\n * promises\n * shiny\n * shinyjster\n * shinytest2\n \nError:\n Error : ! in callr subprocess.\nCaused by error: \n! error in pak subprocess\nCaused by error in `stop_task_build(state, worker)`:\n! Failed to build source package chromote.\nFull installation output:\nError in rawToChar(block[seq_len(ns)]) : \n  embedded nul in string: 'PK\\003\\004\\n\\0\\0\\0\\0\\0g+EZ\\0\\0\\0\\0\\0\\0\\0\\0\\0\\0\\0\\0\\t\\0\\0\\0chromote/PK\\003\\004\\024\\0\\002\\0\\b\\0e+EZE\\x9a\\xcb\\003\\0\\01\\a\\0\\0\\024\\0\\0\\0chromote/DESCRIPTION\\xadU\\xdbN\\xe3H\\020}\\xb7\\xe4\\177'\n "},{"app_name":"143-async-plot-caching","status":"can_not_install","result":"Failed to install:\n * ggplot2\n * promises\n * shiny\n * shinyjster\n * shinytest2\n \nError:\n Error : ! in callr subprocess.\nCaused by error: \n! error in pak subprocess\nCaused by error in `stop_task_build(state, worker)`:\n! Failed to build source package chromote.\nFull installation output:\nError in rawToChar(block[seq_len(ns)]) : \n  embedded nul in string: 'PK\\003\\004\\n\\0\\0\\0\\0\\0g+EZ\\0\\0\\0\\0\\0\\0\\0\\0\\0\\0\\0\\0\\t\\0\\0\\0chromote/PK\\003\\004\\024\\0\\002\\0\\b\\0e+EZE\\x9a\\xcb\\003\\0\\01\\a\\0\\0\\024\\0\\0\\0chromote/DESCRIPTION\\xadU\\xdbN\\xe3H\\020}\\xb7\\xe4\\177'\n "},{"app_name":"145-dt-replacedata","status":"can_not_install","result":"Failed to install:\n * DT\n * shiny\n * shinyjster\n * shinytest2\n \nError:\n Error : ! in callr subprocess.\nCaused by error: \n! error in pak subprocess\nCaused by error in `stop_task_build(state, worker)`:\n! Failed to build source package crosstalk.\nFull installation output:\nError in rawToChar(block[seq_len(ns)]) : \n  embedded nul in string: 'PK\\003\\004\\n\\0\\0\\0\\0\\0\\027*EZ\\0\\0\\0\\0\\0\\0\\0\\0\\0\\0\\0\\0\\n\\0\\0\\0crosstalk/PK\\003\\004\\024\\0\\002\\0\\b\\0\\025*EZ\\xe6\\n\\031\\xc8\\xd8\\004\\0\\0\\x9b\\f\\0\\0\\025\\0\\0\\0crosstalk/DESCRIPTION\\xa5W\\xdbr\\0329\\020}\\xa7'\n "},{"app_name":"147-websocket","status":"can_not_install","result":"Failed to install:\n * httpuv\n * shiny\n * shinyjs\n * shinyjster\n * shinytest2\n * websocket\n \nError:\n Error : ! in callr subprocess.\nCaused by error: \n! error in pak subprocess\nCaused by error in `stop_task_build(state, worker)`:\n! Failed to build source package chromote.\nFull installation output:\nError in rawToChar(block[seq_len(ns)]) : \n  embedded nul in string: 'PK\\003\\004\\n\\0\\0\\0\\0\\0g+EZ\\0\\0\\0\\0\\0\\0\\0\\0\\0\\0\\0\\0\\t\\0\\0\\0chromote/PK\\003\\004\\024\\0\\002\\0\\b\\0e+EZE\\x9a\\xcb\\003\\0\\01\\a\\0\\0\\024\\0\\0\\0chromote/DESCRIPTION\\xadU\\xdbN\\xe3H\\020}\\xb7\\xe4\\177'\n "},{"app_name":"148-addresourcepath-deleted","status":"can_not_install","result":"Failed to install:\n * shiny\n * shinyjster\n * shinytest2\n \nError:\n Error : ! in callr subprocess.\nCaused by error: \n! error in pak subprocess\nCaused by error in `stop_task_build(state, worker)`:\n! Failed to build source package chromote.\nFull installation output:\nError in rawToChar(block[seq_len(ns)]) : \n  embedded nul in string: 'PK\\003\\004\\n\\0\\0\\0\\0\\0g+EZ\\0\\0\\0\\0\\0\\0\\0\\0\\0\\0\\0\\0\\t\\0\\0\\0chromote/PK\\003\\004\\024\\0\\002\\0\\b\\0e+EZE\\x9a\\xcb\\003\\0\\01\\a\\0\\0\\024\\0\\0\\0chromote/DESCRIPTION\\xadU\\xdbN\\xe3H\\020}\\xb7\\xe4\\177'\n "},{"app_name":"149-onRender","status":"can_not_install","result":"Failed to install:\n * htmlwidgets\n * plotly\n * shiny\n * shinyjster\n * shinytest2\n \nError:\n Error : ! in callr subprocess.\nCaused by error: \n! error in pak subprocess\nCaused by error in `stop_task_build(state, worker)`:\n! Failed to build source package crosstalk.\nFull installation output:\nError in rawToChar(block[seq_len(ns)]) : \n  embedded nul in string: 'PK\\003\\004\\n\\0\\0\\0\\0\\0\\027*EZ\\0\\0\\0\\0\\0\\0\\0\\0\\0\\0\\0\\0\\n\\0\\0\\0crosstalk/PK\\003\\004\\024\\0\\002\\0\\b\\0\\025*EZ\\xe6\\n\\031\\xc8\\xd8\\004\\0\\0\\x9b\\f\\0\\0\\025\\0\\0\\0crosstalk/DESCRIPTION\\xa5W\\xdbr\\0329\\020}\\xa7'\n "},{"app_name":"150-networkD3-sankey","status":"can_not_install","result":"Failed to install:\n * networkD3\n * shiny\n * shinydashboard\n * shinytest2\n \nError:\n Error : ! in callr subprocess.\nCaused by error: \n! error in pak subprocess\nCaused by error in `stop_task_build(state, worker)`:\n! Failed to build source package chromote.\nFull installation output:\nError in rawToChar(block[seq_len(ns)]) : \n  embedded nul in string: 'PK\\003\\004\\n\\0\\0\\0\\0\\0g+EZ\\0\\0\\0\\0\\0\\0\\0\\0\\0\\0\\0\\0\\t\\0\\0\\0chromote/PK\\003\\004\\024\\0\\002\\0\\b\\0e+EZE\\x9a\\xcb\\003\\0\\01\\a\\0\\0\\024\\0\\0\\0chromote/DESCRIPTION\\xadU\\xdbN\\xe3H\\020}\\xb7\\xe4\\177'\n "},{"app_name":"151-reactr-input","status":"can_not_install","result":"Failed to install:\n * htmltools\n * reactR\n * shiny\n * shinyjster\n * shinytest2\n \nError:\n Error : ! in callr subprocess.\nCaused by error: \n! error in pak subprocess\nCaused by error in `stop_task_build(state, worker)`:\n! Failed to build source package chromote.\nFull installation output:\nError in rawToChar(block[seq_len(ns)]) : \n  embedded nul in string: 'PK\\003\\004\\n\\0\\0\\0\\0\\0g+EZ\\0\\0\\0\\0\\0\\0\\0\\0\\0\\0\\0\\0\\t\\0\\0\\0chromote/PK\\003\\004\\024\\0\\002\\0\\b\\0e+EZE\\x9a\\xcb\\003\\0\\01\\a\\0\\0\\024\\0\\0\\0chromote/DESCRIPTION\\xadU\\xdbN\\xe3H\\020}\\xb7\\xe4\\177'\n "},{"app_name":"152-set-reactivevalue","status":"can_not_install","result":"Failed to install:\n * shiny\n * shinyjster\n * shinytest2\n \nError:\n Error : ! in callr subprocess.\nCaused by error: \n! error in pak subprocess\nCaused by error in `stop_task_build(state, worker)`:\n! Failed to build source package chromote.\nFull installation output:\nError in rawToChar(block[seq_len(ns)]) : \n  embedded nul in string: 'PK\\003\\004\\n\\0\\0\\0\\0\\0g+EZ\\0\\0\\0\\0\\0\\0\\0\\0\\0\\0\\0\\0\\t\\0\\0\\0chromote/PK\\003\\004\\024\\0\\002\\0\\b\\0e+EZE\\x9a\\xcb\\003\\0\\01\\a\\0\\0\\024\\0\\0\\0chromote/DESCRIPTION\\xadU\\xdbN\\xe3H\\020}\\xb7\\xe4\\177'\n "},{"app_name":"153-connection-header","status":"can_not_install","result":"Failed to install:\n * curl\n * future\n * shiny\n * shinyjster\n * shinytest2\n \nError:\n Error : ! in callr subprocess.\nCaused by error: \n! error in pak subprocess\nCaused by error in `stop_task_build(state, worker)`:\n! Failed to build source package chromote.\nFull installation output:\nError in rawToChar(block[seq_len(ns)]) : \n  embedded nul in string: 'PK\\003\\004\\n\\0\\0\\0\\0\\0g+EZ\\0\\0\\0\\0\\0\\0\\0\\0\\0\\0\\0\\0\\t\\0\\0\\0chromote/PK\\003\\004\\024\\0\\002\\0\\b\\0e+EZE\\x9a\\xcb\\003\\0\\01\\a\\0\\0\\024\\0\\0\\0chromote/DESCRIPTION\\xadU\\xdbN\\xe3H\\020}\\xb7\\xe4\\177'\n "},{"app_name":"154-index-html-server-r","status":"can_not_install","result":"Failed to install:\n * shiny\n * shinyjster\n * shinytest2\n \nError:\n Error : ! in callr subprocess.\nCaused by error: \n! error in pak subprocess\nCaused by error in `stop_task_build(state, worker)`:\n! Failed to build source package chromote.\nFull installation output:\nError in rawToChar(block[seq_len(ns)]) : \n  embedded nul in string: 'PK\\003\\004\\n\\0\\0\\0\\0\\0g+EZ\\0\\0\\0\\0\\0\\0\\0\\0\\0\\0\\0\\0\\t\\0\\0\\0chromote/PK\\003\\004\\024\\0\\002\\0\\b\\0e+EZE\\x9a\\xcb\\003\\0\\01\\a\\0\\0\\024\\0\\0\\0chromote/DESCRIPTION\\xadU\\xdbN\\xe3H\\020}\\xb7\\xe4\\177'\n "},{"app_name":"155-index-html-app-r","status":"can_not_install","result":"Failed to install:\n * shiny\n * shinyjster\n * shinytest2\n \nError:\n Error : ! in callr subprocess.\nCaused by error: \n! error in pak subprocess\nCaused by error in `stop_task_build(state, worker)`:\n! Failed to build source package chromote.\nFull installation output:\nError in rawToChar(block[seq_len(ns)]) : \n  embedded nul in string: 'PK\\003\\004\\n\\0\\0\\0\\0\\0g+EZ\\0\\0\\0\\0\\0\\0\\0\\0\\0\\0\\0\\0\\t\\0\\0\\0chromote/PK\\003\\004\\024\\0\\002\\0\\b\\0e+EZE\\x9a\\xcb\\003\\0\\01\\a\\0\\0\\024\\0\\0\\0chromote/DESCRIPTION\\xadU\\xdbN\\xe3H\\020}\\xb7\\xe4\\177'\n "},{"app_name":"156-subapps","status":"can_not_install","result":"Failed to install:\n * leaflet\n * rmarkdown\n * shiny\n * shinyjster\n * shinytest2\n \nError:\n Error : ! in callr subprocess.\nCaused by error: \n! error in pak subprocess\nCaused by error in `stop_task_build(state, worker)`:\n! Failed to build source package crosstalk.\nFull installation output:\nError in rawToChar(block[seq_len(ns)]) : \n  embedded nul in string: 'PK\\003\\004\\n\\0\\0\\0\\0\\0\\027*EZ\\0\\0\\0\\0\\0\\0\\0\\0\\0\\0\\0\\0\\n\\0\\0\\0crosstalk/PK\\003\\004\\024\\0\\002\\0\\b\\0\\025*EZ\\xe6\\n\\031\\xc8\\xd8\\004\\0\\0\\x9b\\f\\0\\0\\025\\0\\0\\0crosstalk/DESCRIPTION\\xa5W\\xdbr\\0329\\020}\\xa7'\n "},{"app_name":"157-date-format","status":"can_not_install","result":"Failed to install:\n * shiny\n * shinyjster\n * shinytest2\n \nError:\n Error : ! in callr subprocess.\nCaused by error: \n! error in pak subprocess\nCaused by error in `stop_task_build(state, worker)`:\n! Failed to build source package chromote.\nFull installation output:\nError in rawToChar(block[seq_len(ns)]) : \n  embedded nul in string: 'PK\\003\\004\\n\\0\\0\\0\\0\\0g+EZ\\0\\0\\0\\0\\0\\0\\0\\0\\0\\0\\0\\0\\t\\0\\0\\0chromote/PK\\003\\004\\024\\0\\002\\0\\b\\0e+EZE\\x9a\\xcb\\003\\0\\01\\a\\0\\0\\024\\0\\0\\0chromote/DESCRIPTION\\xadU\\xdbN\\xe3H\\020}\\xb7\\xe4\\177'\n "},{"app_name":"158-input-labels","status":"can_not_install","result":"Failed to install:\n * shiny\n * shinyjster\n * shinytest2\n \nError:\n Error : ! in callr subprocess.\nCaused by error: \n! error in pak subprocess\nCaused by error in `stop_task_build(state, worker)`:\n! Failed to build source package chromote.\nFull installation output:\nError in rawToChar(block[seq_len(ns)]) : \n  embedded nul in string: 'PK\\003\\004\\n\\0\\0\\0\\0\\0g+EZ\\0\\0\\0\\0\\0\\0\\0\\0\\0\\0\\0\\0\\t\\0\\0\\0chromote/PK\\003\\004\\024\\0\\002\\0\\b\\0e+EZE\\x9a\\xcb\\003\\0\\01\\a\\0\\0\\024\\0\\0\\0chromote/DESCRIPTION\\xadU\\xdbN\\xe3H\\020}\\xb7\\xe4\\177'\n "},{"app_name":"159-rate-policy","status":"can_not_install","result":"Failed to install:\n * shiny\n * shinytest2\n \nError:\n Error : ! in callr subprocess.\nCaused by error: \n! error in pak subprocess\nCaused by error in `stop_task_build(state, worker)`:\n! Failed to build source package chromote.\nFull installation output:\nError in rawToChar(block[seq_len(ns)]) : \n  embedded nul in string: 'PK\\003\\004\\n\\0\\0\\0\\0\\0g+EZ\\0\\0\\0\\0\\0\\0\\0\\0\\0\\0\\0\\0\\t\\0\\0\\0chromote/PK\\003\\004\\024\\0\\002\\0\\b\\0e+EZE\\x9a\\xcb\\003\\0\\01\\a\\0\\0\\024\\0\\0\\0chromote/DESCRIPTION\\xadU\\xdbN\\xe3H\\020}\\xb7\\xe4\\177'\n "},{"app_name":"160-select-input","status":"can_not_install","result":"Failed to install:\n * shiny\n * shinyjster\n * shinytest2\n \nError:\n Error : ! in callr subprocess.\nCaused by error: \n! error in pak subprocess\nCaused by error in `stop_task_build(state, worker)`:\n! Failed to build source package chromote.\nFull installation output:\nError in rawToChar(block[seq_len(ns)]) : \n  embedded nul in string: 'PK\\003\\004\\n\\0\\0\\0\\0\\0g+EZ\\0\\0\\0\\0\\0\\0\\0\\0\\0\\0\\0\\0\\t\\0\\0\\0chromote/PK\\003\\004\\024\\0\\002\\0\\b\\0e+EZE\\x9a\\xcb\\003\\0\\01\\a\\0\\0\\024\\0\\0\\0chromote/DESCRIPTION\\xadU\\xdbN\\xe3H\\020}\\xb7\\xe4\\177'\n "},{"app_name":"163-select-factor","status":"can_not_install","result":"Failed to install:\n * shiny\n * shinyjster\n * shinytest2\n \nError:\n Error : ! in callr subprocess.\nCaused by error: \n! error in pak subprocess\nCaused by error in `stop_task_build(state, worker)`:\n! Failed to build source package chromote.\nFull installation output:\nError in rawToChar(block[seq_len(ns)]) : \n  embedded nul in string: 'PK\\003\\004\\n\\0\\0\\0\\0\\0g+EZ\\0\\0\\0\\0\\0\\0\\0\\0\\0\\0\\0\\0\\t\\0\\0\\0chromote/PK\\003\\004\\024\\0\\002\\0\\b\\0e+EZE\\x9a\\xcb\\003\\0\\01\\a\\0\\0\\024\\0\\0\\0chromote/DESCRIPTION\\xadU\\xdbN\\xe3H\\020}\\xb7\\xe4\\177'\n "},{"app_name":"164-no-whitespace","status":"can_not_install","result":"Failed to install:\n * shiny\n * shinyjster\n * shinytest2\n \nError:\n Error : ! in callr subprocess.\nCaused by error: \n! error in pak subprocess\nCaused by error in `stop_task_build(state, worker)`:\n! Failed to build source package chromote.\nFull installation output:\nError in rawToChar(block[seq_len(ns)]) : \n  embedded nul in string: 'PK\\003\\004\\n\\0\\0\\0\\0\\0g+EZ\\0\\0\\0\\0\\0\\0\\0\\0\\0\\0\\0\\0\\t\\0\\0\\0chromote/PK\\003\\004\\024\\0\\002\\0\\b\\0e+EZE\\x9a\\xcb\\003\\0\\01\\a\\0\\0\\024\\0\\0\\0chromote/DESCRIPTION\\xadU\\xdbN\\xe3H\\020}\\xb7\\xe4\\177'\n "},{"app_name":"165-trailing-comma","status":"can_not_install","result":"Failed to install:\n * shiny\n * shinyjster\n * shinytest2\n \nError:\n Error : ! in callr subprocess.\nCaused by error: \n! error in pak subprocess\nCaused by error in `stop_task_build(state, worker)`:\n! Failed to build source package chromote.\nFull installation output:\nError in rawToChar(block[seq_len(ns)]) : \n  embedded nul in string: 'PK\\003\\004\\n\\0\\0\\0\\0\\0g+EZ\\0\\0\\0\\0\\0\\0\\0\\0\\0\\0\\0\\0\\t\\0\\0\\0chromote/PK\\003\\004\\024\\0\\002\\0\\b\\0e+EZE\\x9a\\xcb\\003\\0\\01\\a\\0\\0\\024\\0\\0\\0chromote/DESCRIPTION\\xadU\\xdbN\\xe3H\\020}\\xb7\\xe4\\177'\n "},{"app_name":"166-dynamic-hosted-tab","status":"can_not_install","result":"Failed to install:\n * shiny\n * shinyjster\n * shinytest2\n \nError:\n Error : ! in callr subprocess.\nCaused by error: \n! error in pak subprocess\nCaused by error in `stop_task_build(state, worker)`:\n! Failed to build source package chromote.\nFull installation output:\nError in rawToChar(block[seq_len(ns)]) : \n  embedded nul in string: 'PK\\003\\004\\n\\0\\0\\0\\0\\0g+EZ\\0\\0\\0\\0\\0\\0\\0\\0\\0\\0\\0\\0\\t\\0\\0\\0chromote/PK\\003\\004\\024\\0\\002\\0\\b\\0e+EZE\\x9a\\xcb\\003\\0\\01\\a\\0\\0\\024\\0\\0\\0chromote/DESCRIPTION\\xadU\\xdbN\\xe3H\\020}\\xb7\\xe4\\177'\n "},{"app_name":"168-supporting-r-dir","status":"can_not_install","result":"Failed to install:\n * shiny\n * shinyjster\n * shinytest2\n * withr\n \nError:\n Error : ! in callr subprocess.\nCaused by error: \n! error in pak subprocess\nCaused by error in `stop_task_build(state, worker)`:\n! Failed to build source package chromote.\nFull installation output:\nError in rawToChar(block[seq_len(ns)]) : \n  embedded nul in string: 'PK\\003\\004\\n\\0\\0\\0\\0\\0g+EZ\\0\\0\\0\\0\\0\\0\\0\\0\\0\\0\\0\\0\\t\\0\\0\\0chromote/PK\\003\\004\\024\\0\\002\\0\\b\\0e+EZE\\x9a\\xcb\\003\\0\\01\\a\\0\\0\\024\\0\\0\\0chromote/DESCRIPTION\\xadU\\xdbN\\xe3H\\020}\\xb7\\xe4\\177'\n "},{"app_name":"169-prerender","status":"can_not_install","result":"Failed to install:\n * rmarkdown\n * shiny\n * shinyjster\n * shinytest2\n \nError:\n Error : ! in callr subprocess.\nCaused by error: \n! error in pak subprocess\nCaused by error in `stop_task_build(state, worker)`:\n! Failed to build source package chromote.\nFull installation output:\nError in rawToChar(block[seq_len(ns)]) : \n  embedded nul in string: 'PK\\003\\004\\n\\0\\0\\0\\0\\0g+EZ\\0\\0\\0\\0\\0\\0\\0\\0\\0\\0\\0\\0\\t\\0\\0\\0chromote/PK\\003\\004\\024\\0\\002\\0\\b\\0e+EZE\\x9a\\xcb\\003\\0\\01\\a\\0\\0\\024\\0\\0\\0chromote/DESCRIPTION\\xadU\\xdbN\\xe3H\\020}\\xb7\\xe4\\177'\n "},{"app_name":"170-date-range-max","status":"can_not_install","result":"Failed to install:\n * shiny\n * shinyjster\n * shinytest2\n \nError:\n Error : ! in callr subprocess.\nCaused by error: \n! error in pak subprocess\nCaused by error in `stop_task_build(state, worker)`:\n! Failed to build source package chromote.\nFull installation output:\nError in rawToChar(block[seq_len(ns)]) : \n  embedded nul in string: 'PK\\003\\004\\n\\0\\0\\0\\0\\0g+EZ\\0\\0\\0\\0\\0\\0\\0\\0\\0\\0\\0\\0\\t\\0\\0\\0chromote/PK\\003\\004\\024\\0\\002\\0\\b\\0e+EZE\\x9a\\xcb\\003\\0\\01\\a\\0\\0\\024\\0\\0\\0chromote/DESCRIPTION\\xadU\\xdbN\\xe3H\\020}\\xb7\\xe4\\177'\n "},{"app_name":"171-path-traversal","status":"can_not_install","result":"Failed to install:\n * shiny\n * shinyjster\n * shinytest2\n \nError:\n Error : ! in callr subprocess.\nCaused by error: \n! error in pak subprocess\nCaused by error in `stop_task_build(state, worker)`:\n! Failed to build source package chromote.\nFull installation output:\nError in rawToChar(block[seq_len(ns)]) : \n  embedded nul in string: 'PK\\003\\004\\n\\0\\0\\0\\0\\0g+EZ\\0\\0\\0\\0\\0\\0\\0\\0\\0\\0\\0\\0\\t\\0\\0\\0chromote/PK\\003\\004\\024\\0\\002\\0\\b\\0e+EZE\\x9a\\xcb\\003\\0\\01\\a\\0\\0\\024\\0\\0\\0chromote/DESCRIPTION\\xadU\\xdbN\\xe3H\\020}\\xb7\\xe4\\177'\n "},{"app_name":"173-invalidatelater-leak","status":"can_not_install","result":"Failed to install:\n * pryr\n * shiny\n * shinyjster\n * shinytest2\n \nError:\n Error : ! in callr subprocess.\nCaused by error: \n! error in pak subprocess\nCaused by error in `stop_task_build(state, worker)`:\n! Failed to build source package chromote.\nFull installation output:\nError in rawToChar(block[seq_len(ns)]) : \n  embedded nul in string: 'PK\\003\\004\\n\\0\\0\\0\\0\\0g+EZ\\0\\0\\0\\0\\0\\0\\0\\0\\0\\0\\0\\0\\t\\0\\0\\0chromote/PK\\003\\004\\024\\0\\002\\0\\b\\0e+EZE\\x9a\\xcb\\003\\0\\01\\a\\0\\0\\024\\0\\0\\0chromote/DESCRIPTION\\xadU\\xdbN\\xe3H\\020}\\xb7\\xe4\\177'\n "},{"app_name":"174-throttle-debounce","status":"can_not_install","result":"Failed to install:\n * magrittr\n * shiny\n * shinyjster\n * shinytest2\n \nError:\n Error : ! in callr subprocess.\nCaused by error: \n! error in pak subprocess\nCaused by error in `stop_task_build(state, worker)`:\n! Failed to build source package chromote.\nFull installation output:\nError in rawToChar(block[seq_len(ns)]) : \n  embedded nul in string: 'PK\\003\\004\\n\\0\\0\\0\\0\\0g+EZ\\0\\0\\0\\0\\0\\0\\0\\0\\0\\0\\0\\0\\t\\0\\0\\0chromote/PK\\003\\004\\024\\0\\002\\0\\b\\0e+EZE\\x9a\\xcb\\003\\0\\01\\a\\0\\0\\024\\0\\0\\0chromote/DESCRIPTION\\xadU\\xdbN\\xe3H\\020}\\xb7\\xe4\\177'\n "},{"app_name":"175-setInputValue","status":"can_not_install","result":"Failed to install:\n * shiny\n * shinyjster\n * shinytest2\n \nError:\n Error : ! in callr subprocess.\nCaused by error: \n! error in pak subprocess\nCaused by error in `stop_task_build(state, worker)`:\n! Failed to build source package chromote.\nFull installation output:\nError in rawToChar(block[seq_len(ns)]) : \n  embedded nul in string: 'PK\\003\\004\\n\\0\\0\\0\\0\\0g+EZ\\0\\0\\0\\0\\0\\0\\0\\0\\0\\0\\0\\0\\t\\0\\0\\0chromote/PK\\003\\004\\024\\0\\002\\0\\b\\0e+EZE\\x9a\\xcb\\003\\0\\01\\a\\0\\0\\024\\0\\0\\0chromote/DESCRIPTION\\xadU\\xdbN\\xe3H\\020}\\xb7\\xe4\\177'\n "},{"app_name":"178-delayed-widget","status":"can_not_install","result":"Failed to install:\n * htmlwidgets\n * leaflet\n * shiny\n * shinyjster\n * shinytest2\n \nError:\n Error : ! in callr subprocess.\nCaused by error: \n! error in pak subprocess\nCaused by error in `stop_task_build(state, worker)`:\n! Failed to build source package crosstalk.\nFull installation output:\nError in rawToChar(block[seq_len(ns)]) : \n  embedded nul in string: 'PK\\003\\004\\n\\0\\0\\0\\0\\0\\027*EZ\\0\\0\\0\\0\\0\\0\\0\\0\\0\\0\\0\\0\\n\\0\\0\\0crosstalk/PK\\003\\004\\024\\0\\002\\0\\b\\0\\025*EZ\\xe6\\n\\031\\xc8\\xd8\\004\\0\\0\\x9b\\f\\0\\0\\025\\0\\0\\0crosstalk/DESCRIPTION\\xa5W\\xdbr\\0329\\020}\\xa7'\n "},{"app_name":"179-nondelayed-widget","status":"can_not_install","result":"Failed to install:\n * htmlwidgets\n * leaflet\n * shiny\n * shinyjster\n * shinytest2\n \nError:\n Error : ! in callr subprocess.\nCaused by error: \n! error in pak subprocess\nCaused by error in `stop_task_build(state, worker)`:\n! Failed to build source package crosstalk.\nFull installation output:\nError in rawToChar(block[seq_len(ns)]) : \n  embedded nul in string: 'PK\\003\\004\\n\\0\\0\\0\\0\\0\\027*EZ\\0\\0\\0\\0\\0\\0\\0\\0\\0\\0\\0\\0\\n\\0\\0\\0crosstalk/PK\\003\\004\\024\\0\\002\\0\\b\\0\\025*EZ\\xe6\\n\\031\\xc8\\xd8\\004\\0\\0\\x9b\\f\\0\\0\\025\\0\\0\\0crosstalk/DESCRIPTION\\xa5W\\xdbr\\0329\\020}\\xa7'\n "},{"app_name":"180-delayed-staticwidget","status":"can_not_install","result":"Failed to install:\n * htmlwidgets\n * leaflet\n * shiny\n * shinyjster\n * shinytest2\n \nError:\n Error : ! in callr subprocess.\nCaused by error: \n! error in pak subprocess\nCaused by error in `stop_task_build(state, worker)`:\n! Failed to build source package crosstalk.\nFull installation output:\nError in rawToChar(block[seq_len(ns)]) : \n  embedded nul in string: 'PK\\003\\004\\n\\0\\0\\0\\0\\0\\027*EZ\\0\\0\\0\\0\\0\\0\\0\\0\\0\\0\\0\\0\\n\\0\\0\\0crosstalk/PK\\003\\004\\024\\0\\002\\0\\b\\0\\025*EZ\\xe6\\n\\031\\xc8\\xd8\\004\\0\\0\\x9b\\f\\0\\0\\025\\0\\0\\0crosstalk/DESCRIPTION\\xa5W\\xdbr\\0329\\020}\\xa7'\n "},{"app_name":"181-report-image","status":"can_not_install","result":"Failed to install:\n * Cairo\n * htmltools\n * jsonlite\n * ragg\n * shiny\n * shinytest2\n * showtext\n * sysfonts\n * systemfonts\n \nError:\n Error : ! in callr subprocess.\nCaused by error: \n! error in pak subprocess\nCaused by error in `stop_task_build(state, worker)`:\n! Failed to build source package chromote.\nFull installation output:\nError in rawToChar(block[seq_len(ns)]) : \n  embedded nul in string: 'PK\\003\\004\\n\\0\\0\\0\\0\\0g+EZ\\0\\0\\0\\0\\0\\0\\0\\0\\0\\0\\0\\0\\t\\0\\0\\0chromote/PK\\003\\004\\024\\0\\002\\0\\b\\0e+EZE\\x9a\\xcb\\003\\0\\01\\a\\0\\0\\024\\0\\0\\0chromote/DESCRIPTION\\xadU\\xdbN\\xe3H\\020}\\xb7\\xe4\\177'\n "},{"app_name":"182-report-png","status":"can_not_install","result":"Failed to install:\n * Cairo\n * htmltools\n * jsonlite\n * ragg\n * shiny\n * shinytest2\n * showtext\n * sysfonts\n * systemfonts\n \nError:\n Error : ! in callr subprocess.\nCaused by error: \n! error in pak subprocess\nCaused by error in `stop_task_build(state, worker)`:\n! Failed to build source package chromote.\nFull installation output:\nError in rawToChar(block[seq_len(ns)]) : \n  embedded nul in string: 'PK\\003\\004\\n\\0\\0\\0\\0\\0g+EZ\\0\\0\\0\\0\\0\\0\\0\\0\\0\\0\\0\\0\\t\\0\\0\\0chromote/PK\\003\\004\\024\\0\\002\\0\\b\\0e+EZE\\x9a\\xcb\\003\\0\\01\\a\\0\\0\\024\\0\\0\\0chromote/DESCRIPTION\\xadU\\xdbN\\xe3H\\020}\\xb7\\xe4\\177'\n "},{"app_name":"183-report-cairo","status":"can_not_install","result":"Failed to install:\n * Cairo\n * htmltools\n * jsonlite\n * ragg\n * shiny\n * shinytest2\n * showtext\n * sysfonts\n * systemfonts\n \nError:\n Error : ! in callr subprocess.\nCaused by error: \n! error in pak subprocess\nCaused by error in `stop_task_build(state, worker)`:\n! Failed to build source package chromote.\nFull installation output:\nError in rawToChar(block[seq_len(ns)]) : \n  embedded nul in string: 'PK\\003\\004\\n\\0\\0\\0\\0\\0g+EZ\\0\\0\\0\\0\\0\\0\\0\\0\\0\\0\\0\\0\\t\\0\\0\\0chromote/PK\\003\\004\\024\\0\\002\\0\\b\\0e+EZE\\x9a\\xcb\\003\\0\\01\\a\\0\\0\\024\\0\\0\\0chromote/DESCRIPTION\\xadU\\xdbN\\xe3H\\020}\\xb7\\xe4\\177'\n "},{"app_name":"184-report-ragg","status":"can_not_install","result":"Failed to install:\n * Cairo\n * htmltools\n * jsonlite\n * ragg\n * shiny\n * shinytest2\n * showtext\n * sysfonts\n * systemfonts\n \nError:\n Error : ! in callr subprocess.\nCaused by error: \n! error in pak subprocess\nCaused by error in `stop_task_build(state, worker)`:\n! Failed to build source package chromote.\nFull installation output:\nError in rawToChar(block[seq_len(ns)]) : \n  embedded nul in string: 'PK\\003\\004\\n\\0\\0\\0\\0\\0g+EZ\\0\\0\\0\\0\\0\\0\\0\\0\\0\\0\\0\\0\\t\\0\\0\\0chromote/PK\\003\\004\\024\\0\\002\\0\\b\\0e+EZE\\x9a\\xcb\\003\\0\\01\\a\\0\\0\\024\\0\\0\\0chromote/DESCRIPTION\\xadU\\xdbN\\xe3H\\020}\\xb7\\xe4\\177'\n "},{"app_name":"185-report-theme","status":"can_not_install","result":"Failed to install:\n * Cairo\n * htmltools\n * jsonlite\n * knitr\n * ragg\n * rmarkdown\n * shiny\n * shinyjster\n * shinytest2\n * waldo\n \nError:\n Error : ! in callr subprocess.\nCaused by error: \n! error in pak subprocess\nCaused by error in `stop_task_build(state, worker)`:\n! Failed to build source package chromote.\nFull installation output:\nError in rawToChar(block[seq_len(ns)]) : \n  embedded nul in string: 'PK\\003\\004\\n\\0\\0\\0\\0\\0g+EZ\\0\\0\\0\\0\\0\\0\\0\\0\\0\\0\\0\\0\\t\\0\\0\\0chromote/PK\\003\\004\\024\\0\\002\\0\\b\\0e+EZE\\x9a\\xcb\\003\\0\\01\\a\\0\\0\\024\\0\\0\\0chromote/DESCRIPTION\\xadU\\xdbN\\xe3H\\020}\\xb7\\xe4\\177'\n "},{"app_name":"186-rdir-sortc","status":"can_not_install","result":"Failed to install:\n * shiny\n * shinyjster\n * shinytest2\n \nError:\n Error : ! in callr subprocess.\nCaused by error: \n! error in pak subprocess\nCaused by error in `stop_task_build(state, worker)`:\n! Failed to build source package chromote.\nFull installation output:\nError in rawToChar(block[seq_len(ns)]) : \n  embedded nul in string: 'PK\\003\\004\\n\\0\\0\\0\\0\\0g+EZ\\0\\0\\0\\0\\0\\0\\0\\0\\0\\0\\0\\0\\t\\0\\0\\0chromote/PK\\003\\004\\024\\0\\002\\0\\b\\0e+EZE\\x9a\\xcb\\003\\0\\01\\a\\0\\0\\024\\0\\0\\0chromote/DESCRIPTION\\xadU\\xdbN\\xe3H\\020}\\xb7\\xe4\\177'\n "},{"app_name":"187-navbar-collapse","status":"can_not_install","result":"Failed to install:\n * bslib\n * shiny\n * shinyjster\n * shinytest2\n \nError:\n Error : ! in callr subprocess.\nCaused by error: \n! error in pak subprocess\nCaused by error in `stop_task_build(state, worker)`:\n! Failed to build source package chromote.\nFull installation output:\nError in rawToChar(block[seq_len(ns)]) : \n  embedded nul in string: 'PK\\003\\004\\n\\0\\0\\0\\0\\0g+EZ\\0\\0\\0\\0\\0\\0\\0\\0\\0\\0\\0\\0\\t\\0\\0\\0chromote/PK\\003\\004\\024\\0\\002\\0\\b\\0e+EZE\\x9a\\xcb\\003\\0\\01\\a\\0\\0\\024\\0\\0\\0chromote/DESCRIPTION\\xadU\\xdbN\\xe3H\\020}\\xb7\\xe4\\177'\n "},{"app_name":"188-encoding","status":"can_not_install","result":"Failed to install:\n * shiny\n * shinytest2\n \nError:\n Error : ! in callr subprocess.\nCaused by error: \n! error in pak subprocess\nCaused by error in `stop_task_build(state, worker)`:\n! Failed to build source package chromote.\nFull installation output:\nError in rawToChar(block[seq_len(ns)]) : \n  embedded nul in string: 'PK\\003\\004\\n\\0\\0\\0\\0\\0g+EZ\\0\\0\\0\\0\\0\\0\\0\\0\\0\\0\\0\\0\\t\\0\\0\\0chromote/PK\\003\\004\\024\\0\\002\\0\\b\\0e+EZE\\x9a\\xcb\\003\\0\\01\\a\\0\\0\\024\\0\\0\\0chromote/DESCRIPTION\\xadU\\xdbN\\xe3H\\020}\\xb7\\xe4\\177'\n "},{"app_name":"189-ui-http-response","status":"can_not_install","result":"Failed to install:\n * shiny\n * shinyjster\n * shinytest2\n \nError:\n Error : ! in callr subprocess.\nCaused by error: \n! error in pak subprocess\nCaused by error in `stop_task_build(state, worker)`:\n! Failed to build source package chromote.\nFull installation output:\nError in rawToChar(block[seq_len(ns)]) : \n  embedded nul in string: 'PK\\003\\004\\n\\0\\0\\0\\0\\0g+EZ\\0\\0\\0\\0\\0\\0\\0\\0\\0\\0\\0\\0\\t\\0\\0\\0chromote/PK\\003\\004\\024\\0\\002\\0\\b\\0e+EZE\\x9a\\xcb\\003\\0\\01\\a\\0\\0\\024\\0\\0\\0chromote/DESCRIPTION\\xadU\\xdbN\\xe3H\\020}\\xb7\\xe4\\177'\n "},{"app_name":"190-reactlog-module-ex1","status":"can_not_install","result":"Failed to install:\n * reactlog\n * shiny\n * shinytest2\n \nError:\n Error : ! in callr subprocess.\nCaused by error: \n! error in pak subprocess\nCaused by error in `stop_task_build(state, worker)`:\n! Failed to build source package chromote.\nFull installation output:\nError in rawToChar(block[seq_len(ns)]) : \n  embedded nul in string: 'PK\\003\\004\\n\\0\\0\\0\\0\\0g+EZ\\0\\0\\0\\0\\0\\0\\0\\0\\0\\0\\0\\0\\t\\0\\0\\0chromote/PK\\003\\004\\024\\0\\002\\0\\b\\0e+EZE\\x9a\\xcb\\003\\0\\01\\a\\0\\0\\024\\0\\0\\0chromote/DESCRIPTION\\xadU\\xdbN\\xe3H\\020}\\xb7\\xe4\\177'\n "},{"app_name":"191-reactlog-pythagoras","status":"can_not_install","result":"Failed to install:\n * reactlog\n * shiny\n * shinytest2\n \nError:\n Error : ! in callr subprocess.\nCaused by error: \n! error in pak subprocess\nCaused by error in `stop_task_build(state, worker)`:\n! Failed to build source package chromote.\nFull installation output:\nError in rawToChar(block[seq_len(ns)]) : \n  embedded nul in string: 'PK\\003\\004\\n\\0\\0\\0\\0\\0g+EZ\\0\\0\\0\\0\\0\\0\\0\\0\\0\\0\\0\\0\\t\\0\\0\\0chromote/PK\\003\\004\\024\\0\\002\\0\\b\\0e+EZE\\x9a\\xcb\\003\\0\\01\\a\\0\\0\\024\\0\\0\\0chromote/DESCRIPTION\\xadU\\xdbN\\xe3H\\020}\\xb7\\xe4\\177'\n "},{"app_name":"192-reactlog-hello","status":"can_not_install","result":"Failed to install:\n * reactlog\n * shiny\n * shinytest2\n \nError:\n Error : ! in callr subprocess.\nCaused by error: \n! error in pak subprocess\nCaused by error in `stop_task_build(state, worker)`:\n! Failed to build source package chromote.\nFull installation output:\nError in rawToChar(block[seq_len(ns)]) : \n  embedded nul in string: 'PK\\003\\004\\n\\0\\0\\0\\0\\0g+EZ\\0\\0\\0\\0\\0\\0\\0\\0\\0\\0\\0\\0\\t\\0\\0\\0chromote/PK\\003\\004\\024\\0\\002\\0\\b\\0e+EZE\\x9a\\xcb\\003\\0\\01\\a\\0\\0\\024\\0\\0\\0chromote/DESCRIPTION\\xadU\\xdbN\\xe3H\\020}\\xb7\\xe4\\177'\n "},{"app_name":"193-reactlog-dynamic-ui","status":"can_not_install","result":"Failed to install:\n * reactlog\n * rversions\n * shiny\n * shinytest2\n \nError:\n Error : ! in callr subprocess.\nCaused by error: \n! error in pak subprocess\nCaused by error in `stop_task_build(state, worker)`:\n! Failed to build source package chromote.\nFull installation output:\nError in rawToChar(block[seq_len(ns)]) : \n  embedded nul in string: 'PK\\003\\004\\n\\0\\0\\0\\0\\0g+EZ\\0\\0\\0\\0\\0\\0\\0\\0\\0\\0\\0\\0\\t\\0\\0\\0chromote/PK\\003\\004\\024\\0\\002\\0\\b\\0e+EZE\\x9a\\xcb\\003\\0\\01\\a\\0\\0\\024\\0\\0\\0chromote/DESCRIPTION\\xadU\\xdbN\\xe3H\\020}\\xb7\\xe4\\177'\n "},{"app_name":"194-reactlog-plot-cache-key","status":"can_not_install","result":"Failed to install:\n * reactlog\n * shiny\n * shinytest2\n \nError:\n Error : ! in callr subprocess.\nCaused by error: \n! error in pak subprocess\nCaused by error in `stop_task_build(state, worker)`:\n! Failed to build source package chromote.\nFull installation output:\nError in rawToChar(block[seq_len(ns)]) : \n  embedded nul in string: 'PK\\003\\004\\n\\0\\0\\0\\0\\0g+EZ\\0\\0\\0\\0\\0\\0\\0\\0\\0\\0\\0\\0\\t\\0\\0\\0chromote/PK\\003\\004\\024\\0\\002\\0\\b\\0e+EZE\\x9a\\xcb\\003\\0\\01\\a\\0\\0\\024\\0\\0\\0chromote/DESCRIPTION\\xadU\\xdbN\\xe3H\\020}\\xb7\\xe4\\177'\n "},{"app_name":"195-radio-empty","status":"can_not_install","result":"Failed to install:\n * shiny\n * shinytest2\n \nError:\n Error : ! in callr subprocess.\nCaused by error: \n! error in pak subprocess\nCaused by error in `stop_task_build(state, worker)`:\n! Failed to build source package chromote.\nFull installation output:\nError in rawToChar(block[seq_len(ns)]) : \n  embedded nul in string: 'PK\\003\\004\\n\\0\\0\\0\\0\\0g+EZ\\0\\0\\0\\0\\0\\0\\0\\0\\0\\0\\0\\0\\t\\0\\0\\0chromote/PK\\003\\004\\024\\0\\002\\0\\b\\0e+EZE\\x9a\\xcb\\003\\0\\01\\a\\0\\0\\024\\0\\0\\0chromote/DESCRIPTION\\xadU\\xdbN\\xe3H\\020}\\xb7\\xe4\\177'\n "},{"app_name":"200-flexdashboard-render-text","status":"can_not_install","result":"Failed to install:\n * flexdashboard\n * knitr\n * plotly\n * rmarkdown\n * shiny\n * shinyjster\n * shinytest2\n \nError:\n Error : ! in callr subprocess.\nCaused by error: \n! error in pak subprocess\nCaused by error in `stop_task_build(state, worker)`:\n! Failed to build source package crosstalk.\nFull installation output:\nError in rawToChar(block[seq_len(ns)]) : \n  embedded nul in string: 'PK\\003\\004\\n\\0\\0\\0\\0\\0\\027*EZ\\0\\0\\0\\0\\0\\0\\0\\0\\0\\0\\0\\0\\n\\0\\0\\0crosstalk/PK\\003\\004\\024\\0\\002\\0\\b\\0\\025*EZ\\xe6\\n\\031\\xc8\\xd8\\004\\0\\0\\x9b\\f\\0\\0\\025\\0\\0\\0crosstalk/DESCRIPTION\\xa5W\\xdbr\\0329\\020}\\xa7'\n "},{"app_name":"205-dynamic-tabs-compat","status":"can_not_install","result":"Failed to install:\n * bslib\n * shiny\n * shinytest2\n * withr\n \nError:\n Error : ! in callr subprocess.\nCaused by error: \n! error in pak subprocess\nCaused by error in `stop_task_build(state, worker)`:\n! Failed to build source package chromote.\nFull installation output:\nError in rawToChar(block[seq_len(ns)]) : \n  embedded nul in string: 'PK\\003\\004\\n\\0\\0\\0\\0\\0g+EZ\\0\\0\\0\\0\\0\\0\\0\\0\\0\\0\\0\\0\\t\\0\\0\\0chromote/PK\\003\\004\\024\\0\\002\\0\\b\\0e+EZE\\x9a\\xcb\\003\\0\\01\\a\\0\\0\\024\\0\\0\\0chromote/DESCRIPTION\\xadU\\xdbN\\xe3H\\020}\\xb7\\xe4\\177'\n "},{"app_name":"206-freeze-thaw","status":"can_not_install","result":"Failed to install:\n * rlang\n * shiny\n * shinyjster\n * shinytest2\n \nError:\n Error : ! in callr subprocess.\nCaused by error: \n! error in pak subprocess\nCaused by error in `stop_task_build(state, worker)`:\n! Failed to build source package chromote.\nFull installation output:\nError in rawToChar(block[seq_len(ns)]) : \n  embedded nul in string: 'PK\\003\\004\\n\\0\\0\\0\\0\\0g+EZ\\0\\0\\0\\0\\0\\0\\0\\0\\0\\0\\0\\0\\t\\0\\0\\0chromote/PK\\003\\004\\024\\0\\002\\0\\b\\0e+EZE\\x9a\\xcb\\003\\0\\01\\a\\0\\0\\024\\0\\0\\0chromote/DESCRIPTION\\xadU\\xdbN\\xe3H\\020}\\xb7\\xe4\\177'\n "},{"app_name":"207-freeze-invalidate","status":"can_not_install","result":"Failed to install:\n * shiny\n * shinyjster\n * shinytest2\n \nError:\n Error : ! in callr subprocess.\nCaused by error: \n! error in pak subprocess\nCaused by error in `stop_task_build(state, worker)`:\n! Failed to build source package chromote.\nFull installation output:\nError in rawToChar(block[seq_len(ns)]) : \n  embedded nul in string: 'PK\\003\\004\\n\\0\\0\\0\\0\\0g+EZ\\0\\0\\0\\0\\0\\0\\0\\0\\0\\0\\0\\0\\t\\0\\0\\0chromote/PK\\003\\004\\024\\0\\002\\0\\b\\0e+EZE\\x9a\\xcb\\003\\0\\01\\a\\0\\0\\024\\0\\0\\0chromote/DESCRIPTION\\xadU\\xdbN\\xe3H\\020}\\xb7\\xe4\\177'\n "},{"app_name":"208-bind-cache-event","status":"can_not_install","result":"Failed to install:\n * magrittr\n * shiny\n * shinyjster\n * shinytest2\n \nError:\n Error : ! in callr subprocess.\nCaused by error: \n! error in pak subprocess\nCaused by error in `stop_task_build(state, worker)`:\n! Failed to build source package chromote.\nFull installation output:\nError in rawToChar(block[seq_len(ns)]) : \n  embedded nul in string: 'PK\\003\\004\\n\\0\\0\\0\\0\\0g+EZ\\0\\0\\0\\0\\0\\0\\0\\0\\0\\0\\0\\0\\t\\0\\0\\0chromote/PK\\003\\004\\024\\0\\002\\0\\b\\0e+EZE\\x9a\\xcb\\003\\0\\01\\a\\0\\0\\024\\0\\0\\0chromote/DESCRIPTION\\xadU\\xdbN\\xe3H\\020}\\xb7\\xe4\\177'\n "},{"app_name":"209-datepicker","status":"can_not_install","result":"Failed to install:\n * jsonlite\n * magrittr\n * rlang\n * shiny\n * shinyjster\n * shinytest2\n \nError:\n Error : ! in callr subprocess.\nCaused by error: \n! error in pak subprocess\nCaused by error in `stop_task_build(state, worker)`:\n! Failed to build source package chromote.\nFull installation output:\nError in rawToChar(block[seq_len(ns)]) : \n  embedded nul in string: 'PK\\003\\004\\n\\0\\0\\0\\0\\0g+EZ\\0\\0\\0\\0\\0\\0\\0\\0\\0\\0\\0\\0\\t\\0\\0\\0chromote/PK\\003\\004\\024\\0\\002\\0\\b\\0e+EZE\\x9a\\xcb\\003\\0\\01\\a\\0\\0\\024\\0\\0\\0chromote/DESCRIPTION\\xadU\\xdbN\\xe3H\\020}\\xb7\\xe4\\177'\n "},{"app_name":"210-future_promise","status":"can_not_install","result":"Failed to install:\n * future\n * later\n * magrittr\n * promises\n * shiny\n * shinyjs\n * shinyjster\n * shinytest2\n \nError:\n Error : ! in callr subprocess.\nCaused by error: \n! error in pak subprocess\nCaused by error in `stop_task_build(state, worker)`:\n! Failed to build source package chromote.\nFull installation output:\nError in rawToChar(block[seq_len(ns)]) : \n  embedded nul in string: 'PK\\003\\004\\n\\0\\0\\0\\0\\0g+EZ\\0\\0\\0\\0\\0\\0\\0\\0\\0\\0\\0\\0\\t\\0\\0\\0chromote/PK\\003\\004\\024\\0\\002\\0\\b\\0e+EZE\\x9a\\xcb\\003\\0\\01\\a\\0\\0\\024\\0\\0\\0chromote/DESCRIPTION\\xadU\\xdbN\\xe3H\\020}\\xb7\\xe4\\177'\n "},{"app_name":"211-sv-custom-inputs","status":"can_not_install","result":"Failed to install:\n * base64enc\n * htmltools\n * shiny\n * shinyjster\n * shinytest2\n * shinyvalidate\n \nError:\n Error : ! in callr subprocess.\nCaused by error: \n! error in pak subprocess\nCaused by error in `stop_task_build(state, worker)`:\n! Failed to build source package chromote.\nFull installation output:\nError in rawToChar(block[seq_len(ns)]) : \n  embedded nul in string: 'PK\\003\\004\\n\\0\\0\\0\\0\\0g+EZ\\0\\0\\0\\0\\0\\0\\0\\0\\0\\0\\0\\0\\t\\0\\0\\0chromote/PK\\003\\004\\024\\0\\002\\0\\b\\0e+EZE\\x9a\\xcb\\003\\0\\01\\a\\0\\0\\024\\0\\0\\0chromote/DESCRIPTION\\xadU\\xdbN\\xe3H\\020}\\xb7\\xe4\\177'\n "},{"app_name":"212-daterangepicker","status":"can_not_install","result":"Failed to install:\n * jsonlite\n * shiny\n * shinyjster\n * shinytest2\n \nError:\n Error : ! in callr subprocess.\nCaused by error: \n! error in pak subprocess\nCaused by error in `stop_task_build(state, worker)`:\n! Failed to build source package chromote.\nFull installation output:\nError in rawToChar(block[seq_len(ns)]) : \n  embedded nul in string: 'PK\\003\\004\\n\\0\\0\\0\\0\\0g+EZ\\0\\0\\0\\0\\0\\0\\0\\0\\0\\0\\0\\0\\t\\0\\0\\0chromote/PK\\003\\004\\024\\0\\002\\0\\b\\0e+EZE\\x9a\\xcb\\003\\0\\01\\a\\0\\0\\024\\0\\0\\0chromote/DESCRIPTION\\xadU\\xdbN\\xe3H\\020}\\xb7\\xe4\\177'\n "},{"app_name":"213-tab-panels","status":"can_not_install","result":"Failed to install:\n * bslib\n * shiny\n * shinytest2\n \nError:\n Error : ! in callr subprocess.\nCaused by error: \n! error in pak subprocess\nCaused by error in `stop_task_build(state, worker)`:\n! Failed to build source package chromote.\nFull installation output:\nError in rawToChar(block[seq_len(ns)]) : \n  embedded nul in string: 'PK\\003\\004\\n\\0\\0\\0\\0\\0g+EZ\\0\\0\\0\\0\\0\\0\\0\\0\\0\\0\\0\\0\\t\\0\\0\\0chromote/PK\\003\\004\\024\\0\\002\\0\\b\\0e+EZE\\x9a\\xcb\\003\\0\\01\\a\\0\\0\\024\\0\\0\\0chromote/DESCRIPTION\\xadU\\xdbN\\xe3H\\020}\\xb7\\xe4\\177'\n "},{"app_name":"214-render-script-attrs","status":"can_not_install","result":"Failed to install:\n * htmltools\n * shiny\n * shinyjster\n * shinytest2\n \nError:\n Error : ! in callr subprocess.\nCaused by error: \n! error in pak subprocess\nCaused by error in `stop_task_build(state, worker)`:\n! Failed to build source package chromote.\nFull installation output:\nError in rawToChar(block[seq_len(ns)]) : \n  embedded nul in string: 'PK\\003\\004\\n\\0\\0\\0\\0\\0g+EZ\\0\\0\\0\\0\\0\\0\\0\\0\\0\\0\\0\\0\\t\\0\\0\\0chromote/PK\\003\\004\\024\\0\\002\\0\\b\\0e+EZE\\x9a\\xcb\\003\\0\\01\\a\\0\\0\\024\\0\\0\\0chromote/DESCRIPTION\\xadU\\xdbN\\xe3H\\020}\\xb7\\xe4\\177'\n "},{"app_name":"215-bslib-nav","status":"can_not_install","result":"Failed to install:\n * bslib\n * shiny\n * shinytest2\n \nError:\n Error : ! in callr subprocess.\nCaused by error: \n! error in pak subprocess\nCaused by error in `stop_task_build(state, worker)`:\n! Failed to build source package chromote.\nFull installation output:\nError in rawToChar(block[seq_len(ns)]) : \n  embedded nul in string: 'PK\\003\\004\\n\\0\\0\\0\\0\\0g+EZ\\0\\0\\0\\0\\0\\0\\0\\0\\0\\0\\0\\0\\t\\0\\0\\0chromote/PK\\003\\004\\024\\0\\002\\0\\b\\0e+EZE\\x9a\\xcb\\003\\0\\01\\a\\0\\0\\024\\0\\0\\0chromote/DESCRIPTION\\xadU\\xdbN\\xe3H\\020}\\xb7\\xe4\\177'\n "},{"app_name":"216-quosures","status":"can_not_install","result":"Failed to install:\n * DiagrammeR\n * rlang\n * shiny\n * shinytest2\n \nError:\n Error : ! in callr subprocess.\nCaused by error: \n! error in pak subprocess\nCaused by error in `stop_task_build(state, worker)`:\n! Failed to build source package chromote.\nFull installation output:\nError in rawToChar(block[seq_len(ns)]) : \n  embedded nul in string: 'PK\\003\\004\\n\\0\\0\\0\\0\\0g+EZ\\0\\0\\0\\0\\0\\0\\0\\0\\0\\0\\0\\0\\t\\0\\0\\0chromote/PK\\003\\004\\024\\0\\002\\0\\b\\0e+EZE\\x9a\\xcb\\003\\0\\01\\a\\0\\0\\024\\0\\0\\0chromote/DESCRIPTION\\xadU\\xdbN\\xe3H\\020}\\xb7\\xe4\\177'\n "},{"app_name":"218-insert-ui-jquery","status":"can_not_install","result":"Failed to install:\n * shiny\n * shinytest2\n \nError:\n Error : ! in callr subprocess.\nCaused by error: \n! error in pak subprocess\nCaused by error in `stop_task_build(state, worker)`:\n! Failed to build source package chromote.\nFull installation output:\nError in rawToChar(block[seq_len(ns)]) : \n  embedded nul in string: 'PK\\003\\004\\n\\0\\0\\0\\0\\0g+EZ\\0\\0\\0\\0\\0\\0\\0\\0\\0\\0\\0\\0\\t\\0\\0\\0chromote/PK\\003\\004\\024\\0\\002\\0\\b\\0e+EZE\\x9a\\xcb\\003\\0\\01\\a\\0\\0\\024\\0\\0\\0chromote/DESCRIPTION\\xadU\\xdbN\\xe3H\\020}\\xb7\\xe4\\177'\n "},{"app_name":"219-sliders-date","status":"can_not_install","result":"Failed to install:\n * shiny\n * shinytest2\n \nError:\n Error : ! in callr subprocess.\nCaused by error: \n! error in pak subprocess\nCaused by error in `stop_task_build(state, worker)`:\n! Failed to build source package chromote.\nFull installation output:\nError in rawToChar(block[seq_len(ns)]) : \n  embedded nul in string: 'PK\\003\\004\\n\\0\\0\\0\\0\\0g+EZ\\0\\0\\0\\0\\0\\0\\0\\0\\0\\0\\0\\0\\t\\0\\0\\0chromote/PK\\003\\004\\024\\0\\002\\0\\b\\0e+EZE\\x9a\\xcb\\003\\0\\01\\a\\0\\0\\024\\0\\0\\0chromote/DESCRIPTION\\xadU\\xdbN\\xe3H\\020}\\xb7\\xe4\\177'\n "},{"app_name":"220-execute-hidden-plot","status":"can_not_install","result":"Failed to install:\n * bslib\n * shiny\n * shinyjster\n * shinytest2\n \nError:\n Error : ! in callr subprocess.\nCaused by error: \n! error in pak subprocess\nCaused by error in `stop_task_build(state, worker)`:\n! Failed to build source package chromote.\nFull installation output:\nError in rawToChar(block[seq_len(ns)]) : \n  embedded nul in string: 'PK\\003\\004\\n\\0\\0\\0\\0\\0g+EZ\\0\\0\\0\\0\\0\\0\\0\\0\\0\\0\\0\\0\\t\\0\\0\\0chromote/PK\\003\\004\\024\\0\\002\\0\\b\\0e+EZE\\x9a\\xcb\\003\\0\\01\\a\\0\\0\\024\\0\\0\\0chromote/DESCRIPTION\\xadU\\xdbN\\xe3H\\020}\\xb7\\xe4\\177'\n "},{"app_name":"221-async-script-dynamic-ui","status":"can_not_install","result":"Failed to install:\n * htmltools\n * httpuv\n * later\n * promises\n * rlang\n * shiny\n * shinyjster\n * shinytest2\n \nError:\n Error : ! in callr subprocess.\nCaused by error: \n! error in pak subprocess\nCaused by error in `stop_task_build(state, worker)`:\n! Failed to build source package chromote.\nFull installation output:\nError in rawToChar(block[seq_len(ns)]) : \n  embedded nul in string: 'PK\\003\\004\\n\\0\\0\\0\\0\\0g+EZ\\0\\0\\0\\0\\0\\0\\0\\0\\0\\0\\0\\0\\t\\0\\0\\0chromote/PK\\003\\004\\024\\0\\002\\0\\b\\0e+EZE\\x9a\\xcb\\003\\0\\01\\a\\0\\0\\024\\0\\0\\0chromote/DESCRIPTION\\xadU\\xdbN\\xe3H\\020}\\xb7\\xe4\\177'\n "},{"app_name":"222-shinyoptions","status":"can_not_install","result":"Failed to install:\n * shiny\n * shinyjster\n * shinytest2\n \nError:\n Error : ! in callr subprocess.\nCaused by error: \n! error in pak subprocess\nCaused by error in `stop_task_build(state, worker)`:\n! Failed to build source package chromote.\nFull installation output:\nError in rawToChar(block[seq_len(ns)]) : \n  embedded nul in string: 'PK\\003\\004\\n\\0\\0\\0\\0\\0g+EZ\\0\\0\\0\\0\\0\\0\\0\\0\\0\\0\\0\\0\\t\\0\\0\\0chromote/PK\\003\\004\\024\\0\\002\\0\\b\\0e+EZE\\x9a\\xcb\\003\\0\\01\\a\\0\\0\\024\\0\\0\\0chromote/DESCRIPTION\\xadU\\xdbN\\xe3H\\020}\\xb7\\xe4\\177'\n "},{"app_name":"223-set-current-theme","status":"can_not_install","result":"Failed to install:\n * bslib\n * htmltools\n * shiny\n * shinyjster\n * shinytest2\n \nError:\n Error : ! in callr subprocess.\nCaused by error: \n! error in pak subprocess\nCaused by error in `stop_task_build(state, worker)`:\n! Failed to build source package chromote.\nFull installation output:\nError in rawToChar(block[seq_len(ns)]) : \n  embedded nul in string: 'PK\\003\\004\\n\\0\\0\\0\\0\\0g+EZ\\0\\0\\0\\0\\0\\0\\0\\0\\0\\0\\0\\0\\t\\0\\0\\0chromote/PK\\003\\004\\024\\0\\002\\0\\b\\0e+EZE\\x9a\\xcb\\003\\0\\01\\a\\0\\0\\024\\0\\0\\0chromote/DESCRIPTION\\xadU\\xdbN\\xe3H\\020}\\xb7\\xe4\\177'\n "},{"app_name":"224-shinymeta","status":"can_not_install","result":"Failed to install:\n * clipr\n * dplyr\n * DT\n * plotly\n * shiny\n * shinyAce\n * shinyjster\n * shinymeta\n * shinytest2\n \nError:\n Error : ! in callr subprocess.\nCaused by error: \n! error in pak subprocess\nCaused by error in `stop_task_build(state, worker)`:\n! Failed to build source package crosstalk.\nFull installation output:\nError in rawToChar(block[seq_len(ns)]) : \n  embedded nul in string: 'PK\\003\\004\\n\\0\\0\\0\\0\\0\\027*EZ\\0\\0\\0\\0\\0\\0\\0\\0\\0\\0\\0\\0\\n\\0\\0\\0crosstalk/PK\\003\\004\\024\\0\\002\\0\\b\\0\\025*EZ\\xe6\\n\\031\\xc8\\xd8\\004\\0\\0\\x9b\\f\\0\\0\\025\\0\\0\\0crosstalk/DESCRIPTION\\xa5W\\xdbr\\0329\\020}\\xa7'\n "},{"app_name":"225-snapshot-info-option","status":"can_not_install","result":"Failed to install:\n * jsonlite\n * shiny\n * shinytest2\n * testthat\n \nError:\n Error : ! in callr subprocess.\nCaused by error: \n! error in pak subprocess\nCaused by error in `stop_task_build(state, worker)`:\n! Failed to build source package chromote.\nFull installation output:\nError in rawToChar(block[seq_len(ns)]) : \n  embedded nul in string: 'PK\\003\\004\\n\\0\\0\\0\\0\\0g+EZ\\0\\0\\0\\0\\0\\0\\0\\0\\0\\0\\0\\0\\t\\0\\0\\0chromote/PK\\003\\004\\024\\0\\002\\0\\b\\0e+EZE\\x9a\\xcb\\003\\0\\01\\a\\0\\0\\024\\0\\0\\0chromote/DESCRIPTION\\xadU\\xdbN\\xe3H\\020}\\xb7\\xe4\\177'\n "},{"app_name":"226-snapshot-info-url","status":"can_not_install","result":"Failed to install:\n * jsonlite\n * shiny\n * shinytest2\n * testthat\n \nError:\n Error : ! in callr subprocess.\nCaused by error: \n! error in pak subprocess\nCaused by error in `stop_task_build(state, worker)`:\n! Failed to build source package chromote.\nFull installation output:\nError in rawToChar(block[seq_len(ns)]) : \n  embedded nul in string: 'PK\\003\\004\\n\\0\\0\\0\\0\\0g+EZ\\0\\0\\0\\0\\0\\0\\0\\0\\0\\0\\0\\0\\t\\0\\0\\0chromote/PK\\003\\004\\024\\0\\002\\0\\b\\0e+EZE\\x9a\\xcb\\003\\0\\01\\a\\0\\0\\024\\0\\0\\0chromote/DESCRIPTION\\xadU\\xdbN\\xe3H\\020}\\xb7\\xe4\\177'\n "},{"app_name":"227-persistent-progress","status":"can_not_install","result":"Failed to install:\n * bslib\n * shiny\n * shinyjster\n * shinytest2\n \nError:\n Error : ! in callr subprocess.\nCaused by error: \n! error in pak subprocess\nCaused by error in `stop_task_build(state, worker)`:\n! Failed to build source package chromote.\nFull installation output:\nError in rawToChar(block[seq_len(ns)]) : \n  embedded nul in string: 'PK\\003\\004\\n\\0\\0\\0\\0\\0g+EZ\\0\\0\\0\\0\\0\\0\\0\\0\\0\\0\\0\\0\\t\\0\\0\\0chromote/PK\\003\\004\\024\\0\\002\\0\\b\\0e+EZE\\x9a\\xcb\\003\\0\\01\\a\\0\\0\\024\\0\\0\\0chromote/DESCRIPTION\\xadU\\xdbN\\xe3H\\020}\\xb7\\xe4\\177'\n "},{"app_name":"301-bs-themes","status":"can_not_install","result":"Failed to install:\n * bslib\n * DT\n * ggplot2\n * reshape2\n * rversions\n * shiny\n * shinytest2\n * thematic\n * withr\n \nError:\n Error : ! in callr subprocess.\nCaused by error: \n! error in pak subprocess\nCaused by error in `stop_task_build(state, worker)`:\n! Failed to build source package crosstalk.\nFull installation output:\nError in rawToChar(block[seq_len(ns)]) : \n  embedded nul in string: 'PK\\003\\004\\n\\0\\0\\0\\0\\0\\027*EZ\\0\\0\\0\\0\\0\\0\\0\\0\\0\\0\\0\\0\\n\\0\\0\\0crosstalk/PK\\003\\004\\024\\0\\002\\0\\b\\0\\025*EZ\\xe6\\n\\031\\xc8\\xd8\\004\\0\\0\\x9b\\f\\0\\0\\025\\0\\0\\0crosstalk/DESCRIPTION\\xa5W\\xdbr\\0329\\020}\\xa7'\n "},{"app_name":"302-bootswatch-themes","status":"can_not_install","result":"Failed to install:\n * bslib\n * DT\n * ggplot2\n * progress\n * rversions\n * shiny\n * shinytest2\n * thematic\n * withr\n \nError:\n Error : ! in callr subprocess.\nCaused by error: \n! error in pak subprocess\nCaused by error in `stop_task_build(state, worker)`:\n! Failed to build source package crosstalk.\nFull installation output:\nError in rawToChar(block[seq_len(ns)]) : \n  embedded nul in string: 'PK\\003\\004\\n\\0\\0\\0\\0\\0\\027*EZ\\0\\0\\0\\0\\0\\0\\0\\0\\0\\0\\0\\0\\n\\0\\0\\0crosstalk/PK\\003\\004\\024\\0\\002\\0\\b\\0\\025*EZ\\xe6\\n\\031\\xc8\\xd8\\004\\0\\0\\x9b\\f\\0\\0\\025\\0\\0\\0crosstalk/DESCRIPTION\\xa5W\\xdbr\\0329\\020}\\xa7'\n "},{"app_name":"303-bslib-html-template","status":"can_not_install","result":"Failed to install:\n * bslib\n * shiny\n * shinytest2\n \nError:\n Error : ! in callr subprocess.\nCaused by error: \n! error in pak subprocess\nCaused by error in `stop_task_build(state, worker)`:\n! Failed to build source package chromote.\nFull installation output:\nError in rawToChar(block[seq_len(ns)]) : \n  embedded nul in string: 'PK\\003\\004\\n\\0\\0\\0\\0\\0g+EZ\\0\\0\\0\\0\\0\\0\\0\\0\\0\\0\\0\\0\\t\\0\\0\\0chromote/PK\\003\\004\\024\\0\\002\\0\\b\\0e+EZE\\x9a\\xcb\\003\\0\\01\\a\\0\\0\\024\\0\\0\\0chromote/DESCRIPTION\\xadU\\xdbN\\xe3H\\020}\\xb7\\xe4\\177'\n "},{"app_name":"304-bslib-card","status":"can_not_install","result":"Failed to install:\n * bslib\n * gt\n * leaflet\n * plotly\n * rlang\n * rversions\n * shiny\n * shinytest2\n \nError:\n Error : ! in callr subprocess.\nCaused by error: \n! error in pak subprocess\nCaused by error in `stop_task_build(state, worker)`:\n! Failed to build source package crosstalk.\nFull installation output:\nError in rawToChar(block[seq_len(ns)]) : \n  embedded nul in string: 'PK\\003\\004\\n\\0\\0\\0\\0\\0\\027*EZ\\0\\0\\0\\0\\0\\0\\0\\0\\0\\0\\0\\0\\n\\0\\0\\0crosstalk/PK\\003\\004\\024\\0\\002\\0\\b\\0\\025*EZ\\xe6\\n\\031\\xc8\\xd8\\004\\0\\0\\x9b\\f\\0\\0\\025\\0\\0\\0crosstalk/DESCRIPTION\\xa5W\\xdbr\\0329\\020}\\xa7'\n "},{"app_name":"305-bslib-value-box","status":"can_not_install","result":"Failed to install:\n * bsicons\n * bslib\n * plotly\n * rlang\n * rversions\n * shiny\n * shinytest2\n \nError:\n Error : ! in callr subprocess.\nCaused by error: \n! error in pak subprocess\nCaused by error in `stop_task_build(state, worker)`:\n! Failed to build source package crosstalk.\nFull installation output:\nError in rawToChar(block[seq_len(ns)]) : \n  embedded nul in string: 'PK\\003\\004\\n\\0\\0\\0\\0\\0\\027*EZ\\0\\0\\0\\0\\0\\0\\0\\0\\0\\0\\0\\0\\n\\0\\0\\0crosstalk/PK\\003\\004\\024\\0\\002\\0\\b\\0\\025*EZ\\xe6\\n\\031\\xc8\\xd8\\004\\0\\0\\x9b\\f\\0\\0\\025\\0\\0\\0crosstalk/DESCRIPTION\\xa5W\\xdbr\\0329\\020}\\xa7'\n "},{"app_name":"306-accordion-add-remove","status":"can_not_install","result":"Failed to install:\n * bslib\n * magrittr\n * shiny\n * shinytest2\n \nError:\n Error : ! in callr subprocess.\nCaused by error: \n! error in pak subprocess\nCaused by error in `stop_task_build(state, worker)`:\n! Failed to build source package chromote.\nFull installation output:\nError in rawToChar(block[seq_len(ns)]) : \n  embedded nul in string: 'PK\\003\\004\\n\\0\\0\\0\\0\\0g+EZ\\0\\0\\0\\0\\0\\0\\0\\0\\0\\0\\0\\0\\t\\0\\0\\0chromote/PK\\003\\004\\024\\0\\002\\0\\b\\0e+EZE\\x9a\\xcb\\003\\0\\01\\a\\0\\0\\024\\0\\0\\0chromote/DESCRIPTION\\xadU\\xdbN\\xe3H\\020}\\xb7\\xe4\\177'\n "},{"app_name":"307-accordion-replace","status":"can_not_install","result":"Failed to install:\n * bsicons\n * bslib\n * shiny\n * shinyjster\n * shinytest2\n \nError:\n Error : ! in callr subprocess.\nCaused by error: \n! error in pak subprocess\nCaused by error in `stop_task_build(state, worker)`:\n! Failed to build source package chromote.\nFull installation output:\nError in rawToChar(block[seq_len(ns)]) : \n  embedded nul in string: 'PK\\003\\004\\n\\0\\0\\0\\0\\0g+EZ\\0\\0\\0\\0\\0\\0\\0\\0\\0\\0\\0\\0\\t\\0\\0\\0chromote/PK\\003\\004\\024\\0\\002\\0\\b\\0e+EZE\\x9a\\xcb\\003\\0\\01\\a\\0\\0\\024\\0\\0\\0chromote/DESCRIPTION\\xadU\\xdbN\\xe3H\\020}\\xb7\\xe4\\177'\n "},{"app_name":"308-sidebar-kitchen-sink","status":"can_not_install","result":"Failed to install:\n * bslib\n * crosstalk\n * jsonlite\n * lorem\n * plotly\n * shiny\n * shinytest2\n * testthat\n \nError:\n Error : ! in callr subprocess.\nCaused by error: \n! error in pak subprocess\nCaused by error in `stop_task_build(state, worker)`:\n! Failed to build source package crosstalk.\nFull installation output:\nError in rawToChar(block[seq_len(ns)]) : \n  embedded nul in string: 'PK\\003\\004\\n\\0\\0\\0\\0\\0\\027*EZ\\0\\0\\0\\0\\0\\0\\0\\0\\0\\0\\0\\0\\n\\0\\0\\0crosstalk/PK\\003\\004\\024\\0\\002\\0\\b\\0\\025*EZ\\xe6\\n\\031\\xc8\\xd8\\004\\0\\0\\x9b\\f\\0\\0\\025\\0\\0\\0crosstalk/DESCRIPTION\\xa5W\\xdbr\\0329\\020}\\xa7'\n "},{"app_name":"309-flexdashboard-tabs-navs","status":"can_not_install","result":"Failed to install:\n * flexdashboard\n * rmarkdown\n * shiny\n * shinytest2\n \nError:\n Error : ! in callr subprocess.\nCaused by error: \n! error in pak subprocess\nCaused by error in `stop_task_build(state, worker)`:\n! Failed to build source package chromote.\nFull installation output:\nError in rawToChar(block[seq_len(ns)]) : \n  embedded nul in string: 'PK\\003\\004\\n\\0\\0\\0\\0\\0g+EZ\\0\\0\\0\\0\\0\\0\\0\\0\\0\\0\\0\\0\\t\\0\\0\\0chromote/PK\\003\\004\\024\\0\\002\\0\\b\\0e+EZE\\x9a\\xcb\\003\\0\\01\\a\\0\\0\\024\\0\\0\\0chromote/DESCRIPTION\\xadU\\xdbN\\xe3H\\020}\\xb7\\xe4\\177'\n "},{"app_name":"310-bslib-sidebar-dynamic","status":"can_not_install","result":"Failed to install:\n * bslib\n * htmltools\n * jsonlite\n * shiny\n * shinytest2\n * testthat\n \nError:\n Error : ! in callr subprocess.\nCaused by error: \n! error in pak subprocess\nCaused by error in `stop_task_build(state, worker)`:\n! Failed to build source package chromote.\nFull installation output:\nError in rawToChar(block[seq_len(ns)]) : \n  embedded nul in string: 'PK\\003\\004\\n\\0\\0\\0\\0\\0g+EZ\\0\\0\\0\\0\\0\\0\\0\\0\\0\\0\\0\\0\\t\\0\\0\\0chromote/PK\\003\\004\\024\\0\\002\\0\\b\\0e+EZE\\x9a\\xcb\\003\\0\\01\\a\\0\\0\\024\\0\\0\\0chromote/DESCRIPTION\\xadU\\xdbN\\xe3H\\020}\\xb7\\xe4\\177'\n "},{"app_name":"311-bslib-sidebar-toggle-methods","status":"can_not_install","result":"Failed to install:\n * bslib\n * rversions\n * shiny\n * shinycoreci\n * shinytest2\n * testthat\n \nError:\n Error : ! in callr subprocess.\nCaused by error: \n! error in pak subprocess\nCaused by error in `stop_task_build(state, worker)`:\n! Failed to build source package shinycoreci.\nFull installation output:\nError in rawToChar(block[seq_len(ns)]) : \n  embedded nul in string: 'PK\\003\\004\\n\\0\\0\\0\\0\\0g)EZ\\0\\0\\0\\0\\0\\0\\0\\0\\0\\0\\0\\0\\f\\0\\0\\0shinycoreci/PK\\003\\004\\n\\0\\0\\0\\0\\0f)EZ\\0\\0\\0\\0\\0\\0\\0\\0\\0\\0\\0\\0\\021\\0\\0\\0shinycoreci/apps/PK\\003\\004\\n\\0\\0\\0\\0\\0f'\n "},{"app_name":"313-bslib-card-tab-focus","status":"can_not_install","result":"Failed to install:\n * bslib\n * plotly\n * rversions\n * shiny\n * shinycoreci\n * shinytest2\n * testthat\n * withr\n \nError:\n Error : ! in callr subprocess.\nCaused by error: \n! error in pak subprocess\nCaused by error in `stop_task_build(state, worker)`:\n! Failed to build source package shinycoreci.\nFull installation output:\nError in rawToChar(block[seq_len(ns)]) : \n  embedded nul in string: 'PK\\003\\004\\n\\0\\0\\0\\0\\0g)EZ\\0\\0\\0\\0\\0\\0\\0\\0\\0\\0\\0\\0\\f\\0\\0\\0shinycoreci/PK\\003\\004\\n\\0\\0\\0\\0\\0f)EZ\\0\\0\\0\\0\\0\\0\\0\\0\\0\\0\\0\\0\\021\\0\\0\\0shinycoreci/apps/PK\\003\\004\\n\\0\\0\\0\\0\\0f'\n "},{"app_name":"314-bslib-tooltips","status":"can_not_install","result":"Failed to install:\n * bsicons\n * bslib\n * plotly\n * shiny\n * shinycoreci\n * shinytest2\n * withr\n \nError:\n Error : ! in callr subprocess.\nCaused by error: \n! error in pak subprocess\nCaused by error in `stop_task_build(state, worker)`:\n! Failed to build source package shinycoreci.\nFull installation output:\nError in rawToChar(block[seq_len(ns)]) : \n  embedded nul in string: 'PK\\003\\004\\n\\0\\0\\0\\0\\0g)EZ\\0\\0\\0\\0\\0\\0\\0\\0\\0\\0\\0\\0\\f\\0\\0\\0shinycoreci/PK\\003\\004\\n\\0\\0\\0\\0\\0f)EZ\\0\\0\\0\\0\\0\\0\\0\\0\\0\\0\\0\\0\\021\\0\\0\\0shinycoreci/apps/PK\\003\\004\\n\\0\\0\\0\\0\\0f'\n "},{"app_name":"315-bslib-input-switch","status":"can_not_install","result":"Failed to install:\n * bslib\n * shiny\n * shinytest2\n * withr\n \nError:\n Error : ! in callr subprocess.\nCaused by error: \n! error in pak subprocess\nCaused by error in `stop_task_build(state, worker)`:\n! Failed to build source package chromote.\nFull installation output:\nError in rawToChar(block[seq_len(ns)]) : \n  embedded nul in string: 'PK\\003\\004\\n\\0\\0\\0\\0\\0g+EZ\\0\\0\\0\\0\\0\\0\\0\\0\\0\\0\\0\\0\\t\\0\\0\\0chromote/PK\\003\\004\\024\\0\\002\\0\\b\\0e+EZE\\x9a\\xcb\\003\\0\\01\\a\\0\\0\\024\\0\\0\\0chromote/DESCRIPTION\\xadU\\xdbN\\xe3H\\020}\\xb7\\xe4\\177'\n "},{"app_name":"316-bslib-popovers","status":"can_not_install","result":"Failed to install:\n * bsicons\n * bslib\n * plotly\n * rversions\n * shiny\n * shinycoreci\n * shinytest2\n * testthat\n * withr\n \nError:\n Error : ! in callr subprocess.\nCaused by error: \n! error in pak subprocess\nCaused by error in `stop_task_build(state, worker)`:\n! Failed to build source package shinycoreci.\nFull installation output:\nError in rawToChar(block[seq_len(ns)]) : \n  embedded nul in string: 'PK\\003\\004\\n\\0\\0\\0\\0\\0g)EZ\\0\\0\\0\\0\\0\\0\\0\\0\\0\\0\\0\\0\\f\\0\\0\\0shinycoreci/PK\\003\\004\\n\\0\\0\\0\\0\\0f)EZ\\0\\0\\0\\0\\0\\0\\0\\0\\0\\0\\0\\0\\021\\0\\0\\0shinycoreci/apps/PK\\003\\004\\n\\0\\0\\0\\0\\0f'\n "},{"app_name":"317-nav-insert","status":"can_not_install","result":"Failed to install:\n * bslib\n * htmltools\n * leaflet\n * rversions\n * shiny\n * shinycoreci\n * shinytest2\n * testthat\n * withr\n \nError:\n Error : ! in callr subprocess.\nCaused by error: \n! error in pak subprocess\nCaused by error in `stop_task_build(state, worker)`:\n! Failed to build source package shinycoreci.\nFull installation output:\nError in rawToChar(block[seq_len(ns)]) : \n  embedded nul in string: 'PK\\003\\004\\n\\0\\0\\0\\0\\0g)EZ\\0\\0\\0\\0\\0\\0\\0\\0\\0\\0\\0\\0\\f\\0\\0\\0shinycoreci/PK\\003\\004\\n\\0\\0\\0\\0\\0f)EZ\\0\\0\\0\\0\\0\\0\\0\\0\\0\\0\\0\\0\\021\\0\\0\\0shinycoreci/apps/PK\\003\\004\\n\\0\\0\\0\\0\\0f'\n "},{"app_name":"318-navbar-colors","status":"can_not_install","result":"Failed to install:\n * bslib\n * jsonlite\n * rlang\n * rprojroot\n * shiny\n * shinytest2\n * testthat\n * withr\n \nError:\n Error : ! in callr subprocess.\nCaused by error: \n! error in pak subprocess\nCaused by error in `stop_task_build(state, worker)`:\n! Failed to build source package chromote.\nFull installation output:\nError in rawToChar(block[seq_len(ns)]) : \n  embedded nul in string: 'PK\\003\\004\\n\\0\\0\\0\\0\\0g+EZ\\0\\0\\0\\0\\0\\0\\0\\0\\0\\0\\0\\0\\t\\0\\0\\0chromote/PK\\003\\004\\024\\0\\002\\0\\b\\0e+EZE\\x9a\\xcb\\003\\0\\01\\a\\0\\0\\024\\0\\0\\0chromote/DESCRIPTION\\xadU\\xdbN\\xe3H\\020}\\xb7\\xe4\\177'\n "},{"app_name":"900-text-jster","status":"can_not_install","result":"Failed to install:\n * shiny\n * shinyjster\n * shinytest2\n \nError:\n Error : ! in callr subprocess.\nCaused by error: \n! error in pak subprocess\nCaused by error in `stop_task_build(state, worker)`:\n! Failed to build source package chromote.\nFull installation output:\nError in rawToChar(block[seq_len(ns)]) : \n  embedded nul in string: 'PK\\003\\004\\n\\0\\0\\0\\0\\0g+EZ\\0\\0\\0\\0\\0\\0\\0\\0\\0\\0\\0\\0\\t\\0\\0\\0chromote/PK\\003\\004\\024\\0\\002\\0\\b\\0e+EZE\\x9a\\xcb\\003\\0\\01\\a\\0\\0\\024\\0\\0\\0chromote/DESCRIPTION\\xadU\\xdbN\\xe3H\\020}\\xb7\\xe4\\177'\n "},{"app_name":"901-button-jster","status":"can_not_install","result":"Failed to install:\n * shiny\n * shinyjster\n * shinytest2\n \nError:\n Error : ! in callr subprocess.\nCaused by error: \n! error in pak subprocess\nCaused by error in `stop_task_build(state, worker)`:\n! Failed to build source package chromote.\nFull installation output:\nError in rawToChar(block[seq_len(ns)]) : \n  embedded nul in string: 'PK\\003\\004\\n\\0\\0\\0\\0\\0g+EZ\\0\\0\\0\\0\\0\\0\\0\\0\\0\\0\\0\\0\\t\\0\\0\\0chromote/PK\\003\\004\\024\\0\\002\\0\\b\\0e+EZE\\x9a\\xcb\\003\\0\\01\\a\\0\\0\\024\\0\\0\\0chromote/DESCRIPTION\\xadU\\xdbN\\xe3H\\020}\\xb7\\xe4\\177'\n "}],"platform":"win","r_version":"4.2","session":{"version":"R version 4.2.3 (2023-03-15 ucrt)","os":"Windows Server x64 (build 20348)","system":"x86_64, mingw32","ui":"RTerm","language":"(EN)","collate":"English_United States.utf8","ctype":"English_United States.utf8","tz":"UTC","date":"2025-02-05","pandoc":"3.1.11 @ C:\\HOSTED~1\\windows\\pandoc\\31F387~1.11\\x64\\PANDOC~1.11\\pandoc.exe"},"gha_image_version":"20250127.1.0","sys_info":" Chrome Info \n---- {chromote} ----\n   System: x86_64-w64-mingw32\nR version: R version 4.2.3 (2023-03-15 ucrt)\n chromote: 0.4.0\n\n---- Chrome ----\n   Path: C:\\Program Files\\Google\\Chrome\\Application\\chrome.exe\nVersion: 132.0.6834.111\n   Args: --headless --disable-gpu --no-sandbox --disable-dev-shm-usage\n         --force-color-profile=srgb --disable-extensions --mute-audio\n Session info \n setting   value\n gha_image 20250127.1.0\n version   R version 4.2.3 (2023-03-15 ucrt)\n os        Windows Server x64 (build 20348)\n system    x86_64, mingw32\n ui        RTerm\n language  (EN)\n collate   English_United States.utf8\n ctype     English_United States.utf8\n tz        UTC\n date      2025-02-05\n pandoc    3.1.11 @ C:\\\\HOSTED~1\\\\windows\\\\pandoc\\\\31F387~1.11\\\\x64\\\\PANDOC~1.11\\\\pandoc.exe\n Packages \n ! package      * version    date (UTC) lib source\n   askpass        1.2.1      2024-10-04 [1] RSPM\n   assertthat     0.2.1      2019-03-21 [1] RSPM\n   backports      1.5.0      2024-05-23 [1] RSPM\n   base64enc      0.1-3      2015-07-28 [1] RSPM\n   bit            4.5.0.1    2024-12-03 [1] RSPM\n   bit64          4.6.0-1    2025-01-16 [1] RSPM\n   blob           1.2.4      2023-03-17 [1] RSPM\n   boot           1.3-28.1   2022-11-22 [4] CRAN (R 4.2.3)\n   brio           1.1.5      2024-04-24 [1] RSPM\n   broom          1.0.7      2024-09-26 [1] RSPM\n   bslib          0.9.0      2025-01-30 [2] RSPM\n   cachem         1.1.0      2024-05-16 [1] RSPM\n   Cairo          1.6-2      2023-11-28 [1] RSPM\n P callr          3.7.6      2024-03-25 [2] RSPM\n   checkmate      2.3.2      2024-07-29 [1] RSPM\n   chromote       0.4.0      2025-01-25 [2] RSPM\n   class          7.3-21     2023-01-23 [4] CRAN (R 4.2.3)\n P cli            3.6.3      2024-06-21 [2] RSPM\n   clipr          0.8.0      2022-02-22 [1] RSPM\n   cluster        2.1.4      2022-08-22 [4] CRAN (R 4.2.3)\n   codetools      0.2-19     2023-02-01 [4] CRAN (R 4.2.3)\n   colorspace     2.1-1      2024-07-26 [1] RSPM\n   commonmark     1.9.2      2024-10-04 [1] RSPM\n   cpp11          0.5.1      2024-12-04 [1] RSPM\n P crayon         1.5.3      2024-06-20 [2] RSPM\n   curl           6.2.0      2025-01-23 [1] RSPM\n   DBI            1.2.3      2024-06-02 [1] RSPM\n   dbplyr         2.5.0      2024-03-19 [1] RSPM\n   debugme        1.2.0      2024-04-25 [2] RSPM\n   desc           1.4.3      2023-12-10 [1] RSPM\n   diffobj        0.3.5      2021-10-05 [1] RSPM\n   digest         0.6.37     2024-08-19 [1] RSPM\n   dplyr          1.1.4      2023-11-17 [1] RSPM\n   ellipsis       0.3.2      2021-04-29 [1] RSPM\n   english        1.2-6      2021-08-21 [2] RSPM\n   evaluate       1.0.3      2025-01-10 [1] RSPM\n   fansi          1.0.6      2023-12-08 [1] RSPM\n   farver         2.1.2      2024-05-13 [1] RSPM\n   fastmap        1.2.0      2024-05-15 [1] RSPM\n   fontawesome    0.5.3.9000 2025-02-05 [1] https://p~\n   foreign        0.8-84     2022-12-06 [4] CRAN (R 4.2.3)\n   fs             1.6.5      2024-10-30 [1] RSPM\n   future         1.34.0     2024-07-29 [1] RSPM\n   generics       0.1.3      2022-07-05 [1] RSPM\n   ggplot2        3.5.1      2024-04-23 [1] RSPM\n   ggvis          0.4.9      2024-02-05 [1] RSPM\n   globals        0.16.3     2024-03-08 [1] RSPM\n P glue           1.8.0      2024-09-30 [2] RSPM\n   gtable         0.3.6      2024-10-25 [1] RSPM\n   highr          0.11       2024-05-26 [1] RSPM\n   hms            1.1.3      2023-03-21 [2] RSPM\n   htmltools      0.5.8.9000 2025-02-05 [1] https://p~\n   htmlwidgets    1.6.4      2023-12-06 [2] RSPM\n   httpuv         1.6.15     2024-03-26 [2] RSPM\n   httr           1.4.7      2023-08-15 [1] RSPM\n   igraph         2.1.4      2025-01-23 [1] RSPM\n   isoband        0.2.7      2022-12-20 [1] RSPM\n   jquerylib      0.1.4      2021-04-26 [1] RSPM\n P jsonlite       1.8.9      2024-09-20 [2] RSPM\n   KernSmooth     2.23-20    2021-05-03 [4] CRAN (R 4.2.3)\n   knitr          1.49       2024-11-08 [1] RSPM\n   labeling       0.4.3      2023-08-29 [1] RSPM\n   later          1.4.1.9000 2025-02-05 [1] https://p~\n   lattice        0.20-45    2021-09-22 [4] CRAN (R 4.2.3)\n   lazyeval       0.2.2      2019-03-15 [1] RSPM\n P lifecycle      1.0.4      2023-11-07 [2] RSPM\n   listenv        0.9.1      2024-01-29 [1] RSPM\n   lobstr         1.1.2      2022-06-22 [1] RSPM\n P magrittr       2.0.3      2022-03-30 [2] RSPM\n   markdown       1.13       2024-06-04 [1] RSPM\n   MASS           7.3-58.2   2023-01-23 [4] CRAN (R 4.2.3)\n   Matrix         1.5-3      2022-11-11 [4] CRAN (R 4.2.3)\n   memoise        2.0.1      2021-11-26 [1] RSPM\n   mgcv           1.8-42     2023-03-02 [4] CRAN (R 4.2.3)\n   mime           0.12       2021-09-28 [1] RSPM\n   nlme           3.1-162    2023-01-31 [4] CRAN (R 4.2.3)\n   NLP            0.3-2      2024-11-20 [1] RSPM\n   nnet           7.3-18     2022-09-28 [4] CRAN (R 4.2.3)\n   openssl        2.3.2      2025-02-03 [1] RSPM\n   packrat        0.9.2      2023-09-05 [1] RSPM\n   pak            0.8.0      2024-08-09 [3] local\n   parallelly     1.42.0     2025-01-30 [1] RSPM\n   parsedate      1.3.2      2024-12-09 [2] RSPM\n P pillar         1.10.1     2025-01-07 [2] RSPM\n   pingr          2.0.5      2024-12-12 [1] RSPM\n   pkgbuild       1.4.6      2025-01-16 [1] RSPM\n P pkgconfig      2.0.3      2019-09-22 [2] RSPM\n   pkgload        1.4.0      2024-06-28 [1] RSPM\n   PKI            0.1-14     2024-06-15 [1] RSPM\n   plogr          0.2.0      2018-03-25 [1] RSPM\n   png            0.1-8      2022-11-29 [1] RSPM\n   praise         1.0.0      2015-08-11 [1] RSPM\n   prettyunits    1.2.0      2023-09-24 [2] RSPM\n P processx       3.8.5      2025-01-08 [2] RSPM\n   progress       1.2.3      2023-12-06 [2] RSPM\n   promises       1.3.2.9000 2025-02-05 [1] https://p~\n P ps             1.8.1      2024-10-28 [2] RSPM\n   purrr          1.0.2      2023-08-10 [1] RSPM\n P R6             2.5.1      2021-08-19 [2] RSPM\n   ragg           1.3.3      2024-09-11 [1] RSPM\n P rappdirs       0.3.3      2021-01-31 [2] RSPM\n   RColorBrewer   1.1-3      2022-04-03 [1] RSPM\n   Rcpp           1.0.14     2025-01-12 [1] RSPM\n   reactlog       1.1.1      2022-09-26 [1] RSPM\n   reactR         0.6.1      2024-09-14 [1] RSPM\n   rematch        2.0.0      2023-08-30 [2] RSPM\n   rematch2       2.1.2      2020-05-01 [2] RSPM\n   renv           1.1.0      2025-01-29 [1] RSPM\n P rlang          1.1.5      2025-01-17 [2] RSPM\n   rmarkdown      2.29       2024-11-04 [1] RSPM\n   rpart          4.1.19     2022-10-21 [4] CRAN (R 4.2.3)\n P rprojroot      2.0.4      2023-11-05 [2] RSPM\n   rsconnect      1.3.4      2025-01-22 [1] RSPM\n   RSQLite        2.3.9      2024-12-03 [1] RSPM\n   rstudioapi     0.17.1     2024-10-22 [1] RSPM\n   rversions      2.1.2      2022-08-31 [1] RSPM\n   sass           0.4.9      2024-03-15 [2] RSPM\n   sessioninfo    1.2.2      2021-12-06 [1] RSPM\n   shiny          1.10.0     2024-12-14 [2] RSPM\n   shinycoreci    0.0.0.9009 2025-02-05 [2] local\n   shinyjs        2.1.0      2021-12-23 [1] RSPM\n   shinytest      1.6.1      2024-05-30 [2] RSPM\n   shinythemes    1.2.0      2021-01-25 [1] RSPM\n   showimage      1.0.0      2018-01-24 [2] RSPM\n   showtext       0.9-7      2024-03-02 [1] RSPM\n   showtextdb     3.0        2020-06-04 [1] RSPM\n   slam           0.1-55     2024-11-13 [1] RSPM\n   sourcetools    0.1.7-1    2023-02-01 [1] RSPM\n   spatial        7.3-16     2023-01-23 [4] CRAN (R 4.2.3)\n   stringi        1.8.4      2024-05-06 [1] RSPM\n   stringr        1.5.1      2023-11-14 [1] RSPM\n   survival       3.5-3      2023-02-12 [4] CRAN (R 4.2.3)\n   sys            3.4.3      2024-10-04 [1] RSPM\n   sysfonts       0.8.9      2024-03-02 [1] RSPM\n   systemfonts    1.2.1      2025-01-20 [1] RSPM\n   testthat       3.2.3      2025-01-13 [1] RSPM\n   textshaping    1.0.0      2025-01-20 [1] RSPM\n P tibble         3.2.1      2023-03-20 [2] RSPM\n   tidyr          1.3.1      2024-01-24 [1] RSPM\n   tidyselect     1.2.1      2024-03-11 [1] RSPM\n   tinytex        0.54       2024-11-01 [1] RSPM\n   tm             0.7-15     2024-11-18 [1] RSPM\n   translations   4.2.3      2023-03-15 [4] local\n   utf8           1.2.4      2023-10-22 [1] RSPM\n P vctrs          0.6.5      2023-12-01 [2] RSPM\n   waldo          0.6.1      2024-11-07 [1] RSPM\n   webdriver      1.0.6      2021-01-12 [2] RSPM\n   websocket      1.4.2      2024-07-22 [1] RSPM\n P withr          3.0.2      2024-10-28 [2] RSPM\n   wordcloud      2.6        2018-08-24 [1] RSPM\n   xfun           0.50       2025-01-07 [1] RSPM\n   xml2           1.3.6      2023-12-04 [1] RSPM\n   xtable         1.8-4      2019-04-21 [1] RSPM\n   yaml           2.3.10     2024-07-26 [1] RSPM\n\n [1] C:/Users/runneradmin/AppData/Local/R/shinycoreci/R-4_2_3\n [2] D:/a/_temp/Library\n [3] C:/R/site-library\n [4] C:/R/library\n\n P  Loaded and on-disk path mismatch.","branch_name":"main","branch_sha":"18c4ff1","pr_number":"","username":"${GITHUB_ACTOR}","gha_branch_name":"gha-18c4ff1-2025_02_05_05_11-4.2-Windows","version":2}